#
# A fatal error has been detected by the Java Runtime Environment:
#
#  EXCEPTION_ACCESS_VIOLATION (0xc0000005) at pc=0x000000006a00b5bb, pid=6476, tid=8536
#
# JRE version: Java(TM) SE Runtime Environment (16.0.1+9) (build 16.0.1+9-24)
# Java VM: Java HotSpot(TM) 64-Bit Server VM (16.0.1+9-24, mixed mode, sharing, tiered, compressed oops, compressed class ptrs, g1 gc, windows-amd64)
# Problematic frame:
# C  [jSSC-2.6_x86_64.dll+0xb5bb]
#
# No core dump will be written. Minidumps are not enabled by default on client versions of Windows
#
# If you would like to submit a bug report, please visit:
#   https://bugreport.java.com/bugreport/crash.jsp
# The crash happened outside the Java Virtual Machine in native code.
# See problematic frame for where to report the bug.
#

---------------  S U M M A R Y ------------

Command Line: -Dfile.encoding=UTF-8 FalconE.Display

Host: Intel(R) Core(TM) i3-3217U CPU @ 1.80GHz, 4 cores, 5G,  Windows 10 , 64 bit Build 16299 (10.0.16299.15)
Time: Tue Jul 20 12:42:59 2021 Sri Lanka Standard Time elapsed time: 0.694516 seconds (0d 0h 0m 0s)

---------------  T H R E A D  ---------------

Current thread (0x000001a7bcf55e70):  JavaThread "AWT-EventQueue-0" [_thread_in_native, id=8536, stack(0x0000005680900000,0x0000005680a00000)]

Stack: [0x0000005680900000,0x0000005680a00000],  sp=0x00000056809fe6d0,  free space=1017k
Native frames: (J=compiled Java code, j=interpreted, Vv=VM code, C=native code)
C  [jSSC-2.6_x86_64.dll+0xb5bb]

Java frames: (J=compiled Java code, j=interpreted, Vv=VM code)
j  jssc.SerialNativeInterface.openPort(Ljava/lang/String;Z)J+0
j  jssc.SerialPort.openPort()Z+65
j  Device.Sensor.start()V+4
j  Device.DeviceManager.openSensor(Ljava/lang/String;)V+14
j  FalconE.Display.sensorInit()V+15
j  FalconE.Display.<init>()V+35
j  FalconE.Display$3.run()V+4
j  java.awt.event.InvocationEvent.dispatch()V+47 java.desktop@16.0.1
j  java.awt.EventQueue.dispatchEventImpl(Ljava/awt/AWTEvent;Ljava/lang/Object;)V+21 java.desktop@16.0.1
j  java.awt.EventQueue$4.run()Ljava/lang/Void;+32 java.desktop@16.0.1
j  java.awt.EventQueue$4.run()Ljava/lang/Object;+1 java.desktop@16.0.1
j  java.security.AccessController.executePrivileged(Ljava/security/PrivilegedAction;Ljava/security/AccessControlContext;Ljava/lang/Class;)Ljava/lang/Object;+29 java.base@16.0.1
j  java.security.AccessController.doPrivileged(Ljava/security/PrivilegedAction;Ljava/security/AccessControlContext;)Ljava/lang/Object;+13 java.base@16.0.1
j  java.security.ProtectionDomain$JavaSecurityAccessImpl.doIntersectionPrivilege(Ljava/security/PrivilegedAction;Ljava/security/AccessControlContext;Ljava/security/AccessControlContext;)Ljava/lang/Object;+18 java.base@16.0.1
j  java.awt.EventQueue.dispatchEvent(Ljava/awt/AWTEvent;)V+46 java.desktop@16.0.1
j  java.awt.EventDispatchThread.pumpOneEventForFilters(I)V+78 java.desktop@16.0.1
j  java.awt.EventDispatchThread.pumpEventsForFilter(ILjava/awt/Conditional;Ljava/awt/EventFilter;)V+35 java.desktop@16.0.1
j  java.awt.EventDispatchThread.pumpEventsForHierarchy(ILjava/awt/Conditional;Ljava/awt/Component;)V+11 java.desktop@16.0.1
j  java.awt.EventDispatchThread.pumpEvents(ILjava/awt/Conditional;)V+4 java.desktop@16.0.1
j  java.awt.EventDispatchThread.pumpEvents(Ljava/awt/Conditional;)V+3 java.desktop@16.0.1
j  java.awt.EventDispatchThread.run()V+9 java.desktop@16.0.1
v  ~StubRoutines::call_stub

siginfo: EXCEPTION_ACCESS_VIOLATION (0xc0000005), reading address 0xffffffff9dd319b7


Register to memory mapping:

RIP=0x000000006a00b5bb jSSC-2.6_x86_64.dll
RAX=0xffffffff9dd319b7 is an unknown value
RBX=0x00000056809fe740 is pointing into the stack for thread: 0x000001a7bcf55e70
RCX=0x00007ffce3580024 ntdll.dll
RDX=0x0 is NULL
RSP=0x00000056809fe6d0 is pointing into the stack for thread: 0x000001a7bcf55e70
RBP=0x00000056809fe850 is pointing into the stack for thread: 0x000001a7bcf55e70
RSI=0xfffffffffffffffc is an unknown value
RDI=0x00000000000004a4 is an unknown value
R8 =0x00000056809fe5c8 is pointing into the stack for thread: 0x000001a7bcf55e70
R9 =0x00000056809fe6c0 is pointing into the stack for thread: 0x000001a7bcf55e70
R10=0x0 is NULL
R11=0x0000000000000246 is an unknown value
R12=0x00000056809fe908 is pointing into the stack for thread: 0x000001a7bcf55e70
R13=0x000001a7bd9a4710 points into unknown readable memory: 0x00020000344d4f43 | 43 4f 4d 34 00 00 02 00
R14=0x00000056809fe800 is pointing into the stack for thread: 0x000001a7bcf55e70
R15=0x000001a7bcf55e70 is a thread


Registers:
RAX=0xffffffff9dd319b7, RBX=0x00000056809fe740, RCX=0x00007ffce3580024, RDX=0x0000000000000000
RSP=0x00000056809fe6d0, RBP=0x00000056809fe850, RSI=0xfffffffffffffffc, RDI=0x00000000000004a4
R8 =0x00000056809fe5c8, R9 =0x00000056809fe6c0, R10=0x0000000000000000, R11=0x0000000000000246
R12=0x00000056809fe908, R13=0x000001a7bd9a4710, R14=0x00000056809fe800, R15=0x000001a7bcf55e70
RIP=0x000000006a00b5bb, EFLAGS=0x0000000000010202

Top of Stack: (sp=0x00000056809fe6d0)
0x00000056809fe6d0:   000001a79da50000 00007ffce35069d7
0x00000056809fe6e0:   000000006a00b210 000001a79d9e0000
0x00000056809fe6f0:   000001a7bd9a4710 0000000000000004
0x00000056809fe700:   fffffffffffffffc 00000000000004a4
0x00000056809fe710:   00000056809fe850 000000006a012570
0x00000056809fe720:   000001a7bd9a4590 00000056809fe908
0x00000056809fe730:   00000000c0000000 0000000000000000
0x00000056809fe740:   00000000000004a4 00007ffce01117b5
0x00000056809fe750:   000001a7bcf55e70 00000056809fe800
0x00000056809fe760:   00000056809fe908 00000000000004a4
0x00000056809fe770:   000000006a0134e0 000000006a013bc8
0x00000056809fe780:   00000056809fe7b0 000000006a012621
0x00000056809fe790:   00000056809fe720 0000000040000000
0x00000056809fe7a0:   0000000000000000 00000004000000cc
0x00000056809fe7b0:   00000056809fe850 000000006a00157c
0x00000056809fe7c0:   000000000000001c 000001a700000000 

Instructions: (pc=0x000000006a00b5bb)
0x000000006a00b4bb:   48 85 c0 74 bf 44 8b 03 45 85 c0 0f 84 77 ff ff
0x000000006a00b4cb:   ff eb 9f 66 90 e8 8b fe ff ff 48 89 05 2c 34 01
0x000000006a00b4db:   00 eb ad 66 90 e8 7b fe ff ff 48 89 05 1c 34 01
0x000000006a00b4eb:   00 eb 8b e8 8d fe ff ff c7 03 01 00 00 00 e9 6f
0x000000006a00b4fb:   ff ff ff 66 90 55 48 89 e5 56 53 48 83 ec 20 48
0x000000006a00b50b:   8b 05 f7 33 01 00 48 8b 31 48 89 cb 48 85 c0 74
0x000000006a00b51b:   56 44 8b 18 45 85 db 78 42 48 8b 05 dd 33 01 00
0x000000006a00b52b:   48 85 c0 74 50 44 8b 10 45 85 d2 74 1d 48 89 f1
0x000000006a00b53b:   e8 d0 fd ff ff 48 8b 13 48 8d 42 40 48 8b 48 08
0x000000006a00b54b:   48 8b 6a 40 48 8b 60 10 ff e1 48 8b 05 bc 33 01
0x000000006a00b55b:   00 48 85 c0 74 2d 48 89 30 eb da e8 b5 fe ff ff
0x000000006a00b56b:   0f 1f 44 00 00 eb b2 e8 e9 fd ff ff 48 89 05 8a
0x000000006a00b57b:   33 01 00 eb 9c e8 db fd ff ff 48 89 05 7c 33 01
0x000000006a00b58b:   00 eb a2 e8 3d fd ff ff 48 89 05 7e 33 01 00 eb
0x000000006a00b59b:   c5 0f 1f 40 00 55 57 56 53 48 83 ec 28 48 8b 05
0x000000006a00b5ab:   59 33 01 00 48 89 cb 48 85 c0 0f 84 c5 00 00 00
0x000000006a00b5bb:   8b 38 85 ff 0f 88 ab 00 00 00 48 8b 05 3c 33 01
0x000000006a00b5cb:   00 48 85 c0 0f 84 bc 00 00 00 8b 30 85 f6 74 57
0x000000006a00b5db:   48 8b 05 2e 33 01 00 48 85 c0 0f 84 e5 00 00 00
0x000000006a00b5eb:   8b 28 48 8b 35 30 5e 01 00 ff d6 89 c7 89 e9 ff
0x000000006a00b5fb:   15 14 5f 01 00 89 f9 48 89 c5 ff 15 d9 5e 01 00
0x000000006a00b60b:   48 8b 05 fe 32 01 00 48 89 2b 48 85 c0 74 46 48
0x000000006a00b61b:   89 da 8b 08 ff 15 f7 5e 01 00 85 c0 74 27 48 83
0x000000006a00b62b:   c4 28 5b 5e 5f 5d c3 48 8b 05 df 32 01 00 48 85
0x000000006a00b63b:   c0 74 64 48 8b 10 48 89 13 48 89 18 48 83 c4 28
0x000000006a00b64b:   5b 5e 5f 5d c3 48 89 f2 48 83 c4 28 5b 5e 5f 5d
0x000000006a00b65b:   48 ff e2 66 90 e8 8b fc ff ff 48 89 05 a4 32 01
0x000000006a00b66b:   00 eb ac 66 90 e8 ab fd ff ff e9 4b ff ff ff 66
0x000000006a00b67b:   0f 1f 44 00 00 e8 db fc ff ff 48 89 05 7c 32 01
0x000000006a00b68b:   00 e9 2a ff ff ff e8 ca fc ff ff 48 89 05 6b 32
0x000000006a00b69b:   01 00 e9 33 ff ff ff e8 29 fc ff ff 48 89 05 6a
0x000000006a00b6ab:   32 01 00 48 8b 10 48 85 c0 48 89 13 75 8b e8 12 


Stack slot to memory mapping:
stack at sp + 0 slots: 0x000001a79da50000 points into unknown readable memory: 0x0000000000000000 | 00 00 00 00 00 00 00 00
stack at sp + 1 slots: 0x00007ffce35069d7 ntdll.dll
stack at sp + 2 slots: 0x000000006a00b210 jSSC-2.6_x86_64.dll
stack at sp + 3 slots: 0x000001a79d9e0000 points into unknown readable memory: 0x0000000000000000 | 00 00 00 00 00 00 00 00
stack at sp + 4 slots: 0x000001a7bd9a4710 points into unknown readable memory: 0x00020000344d4f43 | 43 4f 4d 34 00 00 02 00
stack at sp + 5 slots: 0x0000000000000004 is an unknown value
stack at sp + 6 slots: 0xfffffffffffffffc is an unknown value
stack at sp + 7 slots: 0x00000000000004a4 is an unknown value


---------------  P R O C E S S  ---------------

Threads class SMR info:
_java_thread_list=0x000001a7bcf2ef80, length=16, elements={
0x000001a7bbfe2990, 0x000001a7bbfe5f10, 0x000001a7bbff3a80, 0x000001a7bbff63a0,
0x000001a7bbff6cb0, 0x000001a7bbff75c0, 0x000001a7bbff82b0, 0x000001a7bbffb460,
0x000001a7bc070400, 0x000001a7bccb2b30, 0x000001a7bcccc3c0, 0x000001a7bced8060,
0x000001a7bced8580, 0x000001a7bced8aa0, 0x000001a7bcf55e70, 0x000001a79db4dff0
}

Java Threads: ( => current thread )
  0x000001a7bbfe2990 JavaThread "Reference Handler" daemon [_thread_blocked, id=6908, stack(0x00000056ffa00000,0x00000056ffb00000)]
  0x000001a7bbfe5f10 JavaThread "Finalizer" daemon [_thread_blocked, id=7372, stack(0x00000056ffb00000,0x00000056ffc00000)]
  0x000001a7bbff3a80 JavaThread "Signal Dispatcher" daemon [_thread_blocked, id=5008, stack(0x00000056ffc00000,0x00000056ffd00000)]
  0x000001a7bbff63a0 JavaThread "Attach Listener" daemon [_thread_blocked, id=8104, stack(0x00000056ffd00000,0x00000056ffe00000)]
  0x000001a7bbff6cb0 JavaThread "Service Thread" daemon [_thread_blocked, id=8760, stack(0x00000056ffe00000,0x00000056fff00000)]
  0x000001a7bbff75c0 JavaThread "Monitor Deflation Thread" daemon [_thread_blocked, id=1244, stack(0x00000056fff00000,0x0000005700000000)]
  0x000001a7bbff82b0 JavaThread "C2 CompilerThread0" daemon [_thread_blocked, id=6692, stack(0x0000005680000000,0x0000005680100000)]
  0x000001a7bbffb460 JavaThread "C1 CompilerThread0" daemon [_thread_blocked, id=8828, stack(0x0000005680100000,0x0000005680200000)]
  0x000001a7bc070400 JavaThread "Sweeper thread" daemon [_thread_blocked, id=836, stack(0x0000005680200000,0x0000005680300000)]
  0x000001a7bccb2b30 JavaThread "Notification Thread" daemon [_thread_blocked, id=6712, stack(0x0000005680300000,0x0000005680400000)]
  0x000001a7bcccc3c0 JavaThread "Common-Cleaner" daemon [_thread_blocked, id=5676, stack(0x0000005680500000,0x0000005680600000)]
  0x000001a7bced8060 JavaThread "Java2D Disposer" daemon [_thread_blocked, id=7328, stack(0x0000005680600000,0x0000005680700000)]
  0x000001a7bced8580 JavaThread "AWT-Shutdown" [_thread_blocked, id=9124, stack(0x0000005680700000,0x0000005680800000)]
  0x000001a7bced8aa0 JavaThread "AWT-Windows" daemon [_thread_in_native, id=780, stack(0x0000005680800000,0x0000005680900000)]
=>0x000001a7bcf55e70 JavaThread "AWT-EventQueue-0" [_thread_in_native, id=8536, stack(0x0000005680900000,0x0000005680a00000)]
  0x000001a79db4dff0 JavaThread "DestroyJavaVM" [_thread_blocked, id=5600, stack(0x00000056ff300000,0x00000056ff400000)]

Other Threads:
  0x000001a7bbfdd680 VMThread "VM Thread" [stack: 0x00000056ff900000,0x00000056ffa00000] [id=2292]
  0x000001a7bccba080 WatcherThread [stack: 0x0000005680400000,0x0000005680500000] [id=7556]
  0x000001a79dc7d470 GCTaskThread "GC Thread#0" [stack: 0x00000056ff400000,0x00000056ff500000] [id=3284]
  0x000001a79dc8c1a0 ConcurrentGCThread "G1 Main Marker" [stack: 0x00000056ff500000,0x00000056ff600000] [id=5528]
  0x000001a79dc8d770 ConcurrentGCThread "G1 Conc#0" [stack: 0x00000056ff600000,0x00000056ff700000] [id=8168]
  0x000001a79dd1d140 ConcurrentGCThread "G1 Refine#0" [stack: 0x00000056ff700000,0x00000056ff800000] [id=1908]
  0x000001a79dd1db50 ConcurrentGCThread "G1 Service" [stack: 0x00000056ff800000,0x00000056ff900000] [id=3180]

Threads with active compile tasks:

VM state: not at safepoint (normal execution)

VM Mutex/Monitor currently owned by a thread: None

Heap address: 0x00000000a1a00000, size: 1510 MB, Compressed Oops mode: 32-bit

CDS archive(s) mapped at: [0x0000000800000000-0x0000000800bb0000-0x0000000800bb0000), size 12255232, SharedBaseAddress: 0x0000000800000000, ArchiveRelocationMode: 0.
Compressed class space mapped at: 0x0000000800c00000-0x0000000840c00000, reserved size: 1073741824
Narrow klass base: 0x0000000800000000, Narrow klass shift: 3, Narrow klass range: 0x100000000

GC Precious Log:
 CPUs: 4 total, 4 available
 Memory: 6036M
 Large Page Support: Disabled
 NUMA Support: Disabled
 Compressed Oops: Enabled (32-bit)
 Heap Region Size: 1M
 Heap Min Capacity: 8M
 Heap Initial Capacity: 96M
 Heap Max Capacity: 1510M
 Pre-touch: Disabled
 Parallel Workers: 4
 Concurrent Workers: 1
 Concurrent Refinement Workers: 4
 Periodic GC: Disabled

Heap:
 garbage-first heap   total 98304K, used 6144K [0x00000000a1a00000, 0x0000000100000000)
  region size 1024K, 7 young (7168K), 0 survivors (0K)
 Metaspace       used 6690K, committed 6912K, reserved 1056768K
  class space    used 726K, committed 832K, reserved 1048576K

Heap Regions: E=young(eden), S=young(survivor), O=old, HS=humongous(starts), HC=humongous(continues), CS=collection set, F=free, OA=open archive, CA=closed archive, TAMS=top-at-mark-start (previous, next)
|   0|0x00000000a1a00000, 0x00000000a1a00000, 0x00000000a1b00000|  0%| F|  |TAMS 0x00000000a1a00000, 0x00000000a1a00000| Untracked 
|   1|0x00000000a1b00000, 0x00000000a1b00000, 0x00000000a1c00000|  0%| F|  |TAMS 0x00000000a1b00000, 0x00000000a1b00000| Untracked 
|   2|0x00000000a1c00000, 0x00000000a1c00000, 0x00000000a1d00000|  0%| F|  |TAMS 0x00000000a1c00000, 0x00000000a1c00000| Untracked 
|   3|0x00000000a1d00000, 0x00000000a1d00000, 0x00000000a1e00000|  0%| F|  |TAMS 0x00000000a1d00000, 0x00000000a1d00000| Untracked 
|   4|0x00000000a1e00000, 0x00000000a1e00000, 0x00000000a1f00000|  0%| F|  |TAMS 0x00000000a1e00000, 0x00000000a1e00000| Untracked 
|   5|0x00000000a1f00000, 0x00000000a1f00000, 0x00000000a2000000|  0%| F|  |TAMS 0x00000000a1f00000, 0x00000000a1f00000| Untracked 
|   6|0x00000000a2000000, 0x00000000a2000000, 0x00000000a2100000|  0%| F|  |TAMS 0x00000000a2000000, 0x00000000a2000000| Untracked 
|   7|0x00000000a2100000, 0x00000000a2100000, 0x00000000a2200000|  0%| F|  |TAMS 0x00000000a2100000, 0x00000000a2100000| Untracked 
|   8|0x00000000a2200000, 0x00000000a2200000, 0x00000000a2300000|  0%| F|  |TAMS 0x00000000a2200000, 0x00000000a2200000| Untracked 
|   9|0x00000000a2300000, 0x00000000a2300000, 0x00000000a2400000|  0%| F|  |TAMS 0x00000000a2300000, 0x00000000a2300000| Untracked 
|  10|0x00000000a2400000, 0x00000000a2400000, 0x00000000a2500000|  0%| F|  |TAMS 0x00000000a2400000, 0x00000000a2400000| Untracked 
|  11|0x00000000a2500000, 0x00000000a2500000, 0x00000000a2600000|  0%| F|  |TAMS 0x00000000a2500000, 0x00000000a2500000| Untracked 
|  12|0x00000000a2600000, 0x00000000a2600000, 0x00000000a2700000|  0%| F|  |TAMS 0x00000000a2600000, 0x00000000a2600000| Untracked 
|  13|0x00000000a2700000, 0x00000000a2700000, 0x00000000a2800000|  0%| F|  |TAMS 0x00000000a2700000, 0x00000000a2700000| Untracked 
|  14|0x00000000a2800000, 0x00000000a2800000, 0x00000000a2900000|  0%| F|  |TAMS 0x00000000a2800000, 0x00000000a2800000| Untracked 
|  15|0x00000000a2900000, 0x00000000a2900000, 0x00000000a2a00000|  0%| F|  |TAMS 0x00000000a2900000, 0x00000000a2900000| Untracked 
|  16|0x00000000a2a00000, 0x00000000a2a00000, 0x00000000a2b00000|  0%| F|  |TAMS 0x00000000a2a00000, 0x00000000a2a00000| Untracked 
|  17|0x00000000a2b00000, 0x00000000a2b00000, 0x00000000a2c00000|  0%| F|  |TAMS 0x00000000a2b00000, 0x00000000a2b00000| Untracked 
|  18|0x00000000a2c00000, 0x00000000a2c00000, 0x00000000a2d00000|  0%| F|  |TAMS 0x00000000a2c00000, 0x00000000a2c00000| Untracked 
|  19|0x00000000a2d00000, 0x00000000a2d00000, 0x00000000a2e00000|  0%| F|  |TAMS 0x00000000a2d00000, 0x00000000a2d00000| Untracked 
|  20|0x00000000a2e00000, 0x00000000a2e00000, 0x00000000a2f00000|  0%| F|  |TAMS 0x00000000a2e00000, 0x00000000a2e00000| Untracked 
|  21|0x00000000a2f00000, 0x00000000a2f00000, 0x00000000a3000000|  0%| F|  |TAMS 0x00000000a2f00000, 0x00000000a2f00000| Untracked 
|  22|0x00000000a3000000, 0x00000000a3000000, 0x00000000a3100000|  0%| F|  |TAMS 0x00000000a3000000, 0x00000000a3000000| Untracked 
|  23|0x00000000a3100000, 0x00000000a3100000, 0x00000000a3200000|  0%| F|  |TAMS 0x00000000a3100000, 0x00000000a3100000| Untracked 
|  24|0x00000000a3200000, 0x00000000a3200000, 0x00000000a3300000|  0%| F|  |TAMS 0x00000000a3200000, 0x00000000a3200000| Untracked 
|  25|0x00000000a3300000, 0x00000000a3300000, 0x00000000a3400000|  0%| F|  |TAMS 0x00000000a3300000, 0x00000000a3300000| Untracked 
|  26|0x00000000a3400000, 0x00000000a3400000, 0x00000000a3500000|  0%| F|  |TAMS 0x00000000a3400000, 0x00000000a3400000| Untracked 
|  27|0x00000000a3500000, 0x00000000a3500000, 0x00000000a3600000|  0%| F|  |TAMS 0x00000000a3500000, 0x00000000a3500000| Untracked 
|  28|0x00000000a3600000, 0x00000000a3600000, 0x00000000a3700000|  0%| F|  |TAMS 0x00000000a3600000, 0x00000000a3600000| Untracked 
|  29|0x00000000a3700000, 0x00000000a3700000, 0x00000000a3800000|  0%| F|  |TAMS 0x00000000a3700000, 0x00000000a3700000| Untracked 
|  30|0x00000000a3800000, 0x00000000a3800000, 0x00000000a3900000|  0%| F|  |TAMS 0x00000000a3800000, 0x00000000a3800000| Untracked 
|  31|0x00000000a3900000, 0x00000000a3900000, 0x00000000a3a00000|  0%| F|  |TAMS 0x00000000a3900000, 0x00000000a3900000| Untracked 
|  32|0x00000000a3a00000, 0x00000000a3a00000, 0x00000000a3b00000|  0%| F|  |TAMS 0x00000000a3a00000, 0x00000000a3a00000| Untracked 
|  33|0x00000000a3b00000, 0x00000000a3b00000, 0x00000000a3c00000|  0%| F|  |TAMS 0x00000000a3b00000, 0x00000000a3b00000| Untracked 
|  34|0x00000000a3c00000, 0x00000000a3c00000, 0x00000000a3d00000|  0%| F|  |TAMS 0x00000000a3c00000, 0x00000000a3c00000| Untracked 
|  35|0x00000000a3d00000, 0x00000000a3d00000, 0x00000000a3e00000|  0%| F|  |TAMS 0x00000000a3d00000, 0x00000000a3d00000| Untracked 
|  36|0x00000000a3e00000, 0x00000000a3e00000, 0x00000000a3f00000|  0%| F|  |TAMS 0x00000000a3e00000, 0x00000000a3e00000| Untracked 
|  37|0x00000000a3f00000, 0x00000000a3f00000, 0x00000000a4000000|  0%| F|  |TAMS 0x00000000a3f00000, 0x00000000a3f00000| Untracked 
|  38|0x00000000a4000000, 0x00000000a4000000, 0x00000000a4100000|  0%| F|  |TAMS 0x00000000a4000000, 0x00000000a4000000| Untracked 
|  39|0x00000000a4100000, 0x00000000a4100000, 0x00000000a4200000|  0%| F|  |TAMS 0x00000000a4100000, 0x00000000a4100000| Untracked 
|  40|0x00000000a4200000, 0x00000000a4200000, 0x00000000a4300000|  0%| F|  |TAMS 0x00000000a4200000, 0x00000000a4200000| Untracked 
|  41|0x00000000a4300000, 0x00000000a4300000, 0x00000000a4400000|  0%| F|  |TAMS 0x00000000a4300000, 0x00000000a4300000| Untracked 
|  42|0x00000000a4400000, 0x00000000a4400000, 0x00000000a4500000|  0%| F|  |TAMS 0x00000000a4400000, 0x00000000a4400000| Untracked 
|  43|0x00000000a4500000, 0x00000000a4500000, 0x00000000a4600000|  0%| F|  |TAMS 0x00000000a4500000, 0x00000000a4500000| Untracked 
|  44|0x00000000a4600000, 0x00000000a4600000, 0x00000000a4700000|  0%| F|  |TAMS 0x00000000a4600000, 0x00000000a4600000| Untracked 
|  45|0x00000000a4700000, 0x00000000a4700000, 0x00000000a4800000|  0%| F|  |TAMS 0x00000000a4700000, 0x00000000a4700000| Untracked 
|  46|0x00000000a4800000, 0x00000000a4800000, 0x00000000a4900000|  0%| F|  |TAMS 0x00000000a4800000, 0x00000000a4800000| Untracked 
|  47|0x00000000a4900000, 0x00000000a4900000, 0x00000000a4a00000|  0%| F|  |TAMS 0x00000000a4900000, 0x00000000a4900000| Untracked 
|  48|0x00000000a4a00000, 0x00000000a4a00000, 0x00000000a4b00000|  0%| F|  |TAMS 0x00000000a4a00000, 0x00000000a4a00000| Untracked 
|  49|0x00000000a4b00000, 0x00000000a4b00000, 0x00000000a4c00000|  0%| F|  |TAMS 0x00000000a4b00000, 0x00000000a4b00000| Untracked 
|  50|0x00000000a4c00000, 0x00000000a4c00000, 0x00000000a4d00000|  0%| F|  |TAMS 0x00000000a4c00000, 0x00000000a4c00000| Untracked 
|  51|0x00000000a4d00000, 0x00000000a4d00000, 0x00000000a4e00000|  0%| F|  |TAMS 0x00000000a4d00000, 0x00000000a4d00000| Untracked 
|  52|0x00000000a4e00000, 0x00000000a4e00000, 0x00000000a4f00000|  0%| F|  |TAMS 0x00000000a4e00000, 0x00000000a4e00000| Untracked 
|  53|0x00000000a4f00000, 0x00000000a4f00000, 0x00000000a5000000|  0%| F|  |TAMS 0x00000000a4f00000, 0x00000000a4f00000| Untracked 
|  54|0x00000000a5000000, 0x00000000a5000000, 0x00000000a5100000|  0%| F|  |TAMS 0x00000000a5000000, 0x00000000a5000000| Untracked 
|  55|0x00000000a5100000, 0x00000000a5100000, 0x00000000a5200000|  0%| F|  |TAMS 0x00000000a5100000, 0x00000000a5100000| Untracked 
|  56|0x00000000a5200000, 0x00000000a5200000, 0x00000000a5300000|  0%| F|  |TAMS 0x00000000a5200000, 0x00000000a5200000| Untracked 
|  57|0x00000000a5300000, 0x00000000a5300000, 0x00000000a5400000|  0%| F|  |TAMS 0x00000000a5300000, 0x00000000a5300000| Untracked 
|  58|0x00000000a5400000, 0x00000000a5400000, 0x00000000a5500000|  0%| F|  |TAMS 0x00000000a5400000, 0x00000000a5400000| Untracked 
|  59|0x00000000a5500000, 0x00000000a5500000, 0x00000000a5600000|  0%| F|  |TAMS 0x00000000a5500000, 0x00000000a5500000| Untracked 
|  60|0x00000000a5600000, 0x00000000a5600000, 0x00000000a5700000|  0%| F|  |TAMS 0x00000000a5600000, 0x00000000a5600000| Untracked 
|  61|0x00000000a5700000, 0x00000000a5700000, 0x00000000a5800000|  0%| F|  |TAMS 0x00000000a5700000, 0x00000000a5700000| Untracked 
|  62|0x00000000a5800000, 0x00000000a5800000, 0x00000000a5900000|  0%| F|  |TAMS 0x00000000a5800000, 0x00000000a5800000| Untracked 
|  63|0x00000000a5900000, 0x00000000a5900000, 0x00000000a5a00000|  0%| F|  |TAMS 0x00000000a5900000, 0x00000000a5900000| Untracked 
|  64|0x00000000a5a00000, 0x00000000a5a00000, 0x00000000a5b00000|  0%| F|  |TAMS 0x00000000a5a00000, 0x00000000a5a00000| Untracked 
|  65|0x00000000a5b00000, 0x00000000a5b00000, 0x00000000a5c00000|  0%| F|  |TAMS 0x00000000a5b00000, 0x00000000a5b00000| Untracked 
|  66|0x00000000a5c00000, 0x00000000a5c00000, 0x00000000a5d00000|  0%| F|  |TAMS 0x00000000a5c00000, 0x00000000a5c00000| Untracked 
|  67|0x00000000a5d00000, 0x00000000a5d00000, 0x00000000a5e00000|  0%| F|  |TAMS 0x00000000a5d00000, 0x00000000a5d00000| Untracked 
|  68|0x00000000a5e00000, 0x00000000a5e00000, 0x00000000a5f00000|  0%| F|  |TAMS 0x00000000a5e00000, 0x00000000a5e00000| Untracked 
|  69|0x00000000a5f00000, 0x00000000a5f00000, 0x00000000a6000000|  0%| F|  |TAMS 0x00000000a5f00000, 0x00000000a5f00000| Untracked 
|  70|0x00000000a6000000, 0x00000000a6000000, 0x00000000a6100000|  0%| F|  |TAMS 0x00000000a6000000, 0x00000000a6000000| Untracked 
|  71|0x00000000a6100000, 0x00000000a6100000, 0x00000000a6200000|  0%| F|  |TAMS 0x00000000a6100000, 0x00000000a6100000| Untracked 
|  72|0x00000000a6200000, 0x00000000a6200000, 0x00000000a6300000|  0%| F|  |TAMS 0x00000000a6200000, 0x00000000a6200000| Untracked 
|  73|0x00000000a6300000, 0x00000000a6300000, 0x00000000a6400000|  0%| F|  |TAMS 0x00000000a6300000, 0x00000000a6300000| Untracked 
|  74|0x00000000a6400000, 0x00000000a6400000, 0x00000000a6500000|  0%| F|  |TAMS 0x00000000a6400000, 0x00000000a6400000| Untracked 
|  75|0x00000000a6500000, 0x00000000a6500000, 0x00000000a6600000|  0%| F|  |TAMS 0x00000000a6500000, 0x00000000a6500000| Untracked 
|  76|0x00000000a6600000, 0x00000000a6600000, 0x00000000a6700000|  0%| F|  |TAMS 0x00000000a6600000, 0x00000000a6600000| Untracked 
|  77|0x00000000a6700000, 0x00000000a6700000, 0x00000000a6800000|  0%| F|  |TAMS 0x00000000a6700000, 0x00000000a6700000| Untracked 
|  78|0x00000000a6800000, 0x00000000a6800000, 0x00000000a6900000|  0%| F|  |TAMS 0x00000000a6800000, 0x00000000a6800000| Untracked 
|  79|0x00000000a6900000, 0x00000000a6900000, 0x00000000a6a00000|  0%| F|  |TAMS 0x00000000a6900000, 0x00000000a6900000| Untracked 
|  80|0x00000000a6a00000, 0x00000000a6a00000, 0x00000000a6b00000|  0%| F|  |TAMS 0x00000000a6a00000, 0x00000000a6a00000| Untracked 
|  81|0x00000000a6b00000, 0x00000000a6b00000, 0x00000000a6c00000|  0%| F|  |TAMS 0x00000000a6b00000, 0x00000000a6b00000| Untracked 
|  82|0x00000000a6c00000, 0x00000000a6c00000, 0x00000000a6d00000|  0%| F|  |TAMS 0x00000000a6c00000, 0x00000000a6c00000| Untracked 
|  83|0x00000000a6d00000, 0x00000000a6d00000, 0x00000000a6e00000|  0%| F|  |TAMS 0x00000000a6d00000, 0x00000000a6d00000| Untracked 
|  84|0x00000000a6e00000, 0x00000000a6e00000, 0x00000000a6f00000|  0%| F|  |TAMS 0x00000000a6e00000, 0x00000000a6e00000| Untracked 
|  85|0x00000000a6f00000, 0x00000000a6f00000, 0x00000000a7000000|  0%| F|  |TAMS 0x00000000a6f00000, 0x00000000a6f00000| Untracked 
|  86|0x00000000a7000000, 0x00000000a7000000, 0x00000000a7100000|  0%| F|  |TAMS 0x00000000a7000000, 0x00000000a7000000| Untracked 
|  87|0x00000000a7100000, 0x00000000a7100000, 0x00000000a7200000|  0%| F|  |TAMS 0x00000000a7100000, 0x00000000a7100000| Untracked 
|  88|0x00000000a7200000, 0x00000000a7200000, 0x00000000a7300000|  0%| F|  |TAMS 0x00000000a7200000, 0x00000000a7200000| Untracked 
|  89|0x00000000a7300000, 0x00000000a7343128, 0x00000000a7400000| 26%| E|  |TAMS 0x00000000a7300000, 0x00000000a7300000| Complete 
|  90|0x00000000a7400000, 0x00000000a7500000, 0x00000000a7500000|100%| E|CS|TAMS 0x00000000a7400000, 0x00000000a7400000| Complete 
|  91|0x00000000a7500000, 0x00000000a7600000, 0x00000000a7600000|100%| E|CS|TAMS 0x00000000a7500000, 0x00000000a7500000| Complete 
|  92|0x00000000a7600000, 0x00000000a7700000, 0x00000000a7700000|100%| E|CS|TAMS 0x00000000a7600000, 0x00000000a7600000| Complete 
|  93|0x00000000a7700000, 0x00000000a7800000, 0x00000000a7800000|100%| E|CS|TAMS 0x00000000a7700000, 0x00000000a7700000| Complete 
|  94|0x00000000a7800000, 0x00000000a7900000, 0x00000000a7900000|100%| E|CS|TAMS 0x00000000a7800000, 0x00000000a7800000| Complete 
|  95|0x00000000a7900000, 0x00000000a7a00000, 0x00000000a7a00000|100%| E|CS|TAMS 0x00000000a7900000, 0x00000000a7900000| Complete 

Card table byte_map: [0x000001a7b64c0000,0x000001a7b67c0000] _byte_map_base: 0x000001a7b5fb3000

Marking Bits (Prev, Next): (CMBitMap*) 0x000001a79dc7fa90, (CMBitMap*) 0x000001a79dc7fad0
 Prev Bits: [0x000001a7b6ac0000, 0x000001a7b8258000)
 Next Bits: [0x000001a7b8260000, 0x000001a7b99f8000)

Polling page: 0x000001a79dd20000

Metaspace:

Usage:
  Non-class:      5.82 MB used.
      Class:    726.64 KB used.
       Both:      6.53 MB used.

Virtual space:
  Non-class space:        8.00 MB reserved,       5.94 MB ( 74%) committed,  1 nodes.
      Class space:        1.00 GB reserved,     832.00 KB ( <1%) committed,  1 nodes.
              Both:        1.01 GB reserved,       6.75 MB ( <1%) committed. 

Chunk freelists:
   Non-Class:  2.03 MB
       Class:  3.22 MB
        Both:  5.25 MB

MaxMetaspaceSize: 17179869184.00 GB
CompressedClassSpaceSize: 1.00 GB
 - commit_granule_bytes: 65536.
 - commit_granule_words: 8192.
 - virtual_space_node_default_size: 1048576.
 - enlarge_chunks_in_place: 1.
 - new_chunks_are_fully_committed: 0.
 - uncommit_free_chunks: 1.
 - use_allocation_guard: 0.
 - handle_deallocations: 1.


Internal statistics:

num_allocs_failed_limit: 0.
num_arena_births: 114.
num_arena_deaths: 0.
num_vsnodes_births: 2.
num_vsnodes_deaths: 0.
num_space_committed: 108.
num_space_uncommitted: 0.
num_chunks_returned_to_freelist: 0.
num_chunks_taken_from_freelist: 158.
num_chunk_merges: 0.
num_chunk_splits: 93.
num_chunks_enlarged: 49.
num_purges: 0.

CodeHeap 'non-profiled nmethods': size=120000Kb used=201Kb max_used=201Kb free=119798Kb
 bounds [0x000001a7ae660000, 0x000001a7ae8d0000, 0x000001a7b5b90000]
CodeHeap 'profiled nmethods': size=120000Kb used=1147Kb max_used=1147Kb free=118852Kb
 bounds [0x000001a7a7130000, 0x000001a7a73a0000, 0x000001a7ae660000]
CodeHeap 'non-nmethods': size=5760Kb used=1247Kb max_used=1257Kb free=4513Kb
 bounds [0x000001a7a6b90000, 0x000001a7a6e00000, 0x000001a7a7130000]
 total_blobs=1324 nmethods=765 adapters=472
 compilation: enabled
              stopped_count=0, restarted_count=0
 full_count=0

Compilation events (20 events):
Event: 0.668 Thread 0x000001a7bbffb460  754       3       jdk.internal.misc.Unsafe::getCharUnaligned (12 bytes)
Event: 0.668 Thread 0x000001a7bbffb460 nmethod 754 0x000001a7a724bd90 code [0x000001a7a724bf40, 0x000001a7a724c178]
Event: 0.668 Thread 0x000001a7bbffb460  757       3       jdk.internal.misc.Unsafe::convEndian (16 bytes)
Event: 0.668 Thread 0x000001a7bbffb460 nmethod 757 0x000001a7a724c290 code [0x000001a7a724c440, 0x000001a7a724c5f8]
Event: 0.668 Thread 0x000001a7bbffb460  759       3       java.nio.ByteBufferAsCharBufferB::get (30 bytes)
Event: 0.669 Thread 0x000001a7bbffb460 nmethod 759 0x000001a7a724c690 code [0x000001a7a724c8e0, 0x000001a7a724d1c8]
Event: 0.669 Thread 0x000001a7bbffb460  760       3       java.nio.ByteBufferAsCharBufferB::byteOffset (9 bytes)
Event: 0.669 Thread 0x000001a7bbffb460 nmethod 760 0x000001a7a724d610 code [0x000001a7a724d7a0, 0x000001a7a724d8b8]
Event: 0.669 Thread 0x000001a7bbffb460  758       3       java.lang.Character::reverseBytes (15 bytes)
Event: 0.670 Thread 0x000001a7bbffb460 nmethod 758 0x000001a7a724d990 code [0x000001a7a724db20, 0x000001a7a724dc38]
Event: 0.670 Thread 0x000001a7bbffb460  755       3       jdk.internal.misc.Unsafe::getCharUnaligned (34 bytes)
Event: 0.670 Thread 0x000001a7bbffb460 nmethod 755 0x000001a7a724dd10 code [0x000001a7a724dee0, 0x000001a7a724e2b8]
Event: 0.679 Thread 0x000001a7bbffb460  762       1       java.security.ProtectionDomain::getCodeSource (5 bytes)
Event: 0.679 Thread 0x000001a7bbffb460 nmethod 762 0x000001a7ae692190 code [0x000001a7ae692320, 0x000001a7ae6923f8]
Event: 0.681 Thread 0x000001a7bbffb460  763       1       java.net.URL::getFile (5 bytes)
Event: 0.681 Thread 0x000001a7bbffb460 nmethod 763 0x000001a7ae692490 code [0x000001a7ae692620, 0x000001a7ae6926f8]
Event: 0.681 Thread 0x000001a7bbffb460  764       3       java.lang.ref.PhantomReference::<init> (7 bytes)
Event: 0.681 Thread 0x000001a7bbffb460 nmethod 764 0x000001a7a724e410 code [0x000001a7a724e5c0, 0x000001a7a724e898]
Event: 0.684 Thread 0x000001a7bbffb460  765       3       java.lang.Module::isNamed (13 bytes)
Event: 0.684 Thread 0x000001a7bbffb460 nmethod 765 0x000001a7a724e990 code [0x000001a7a724eb20, 0x000001a7a724ec98]

GC Heap History (0 events):
No events

Deoptimization events (10 events):
Event: 0.475 Thread 0x000001a79db4dff0 DEOPT PACKING pc=0x000001a7a7148967 sp=0x00000056ff3fa7d0
Event: 0.475 Thread 0x000001a79db4dff0 DEOPT UNPACKING pc=0x000001a7a6bddece sp=0x00000056ff3f9bf0 mode 0
Event: 0.610 Thread 0x000001a7bcf55e70 Uncommon trap: trap_request=0xffffff45 fr.pc=0x000001a7ae68d274 relative=0x0000000000000434
Event: 0.610 Thread 0x000001a7bcf55e70 Uncommon trap: reason=unstable_if action=reinterpret pc=0x000001a7ae68d274 method=java.util.HashMap.hash(Ljava/lang/Object;)I @ 1 c2
Event: 0.610 Thread 0x000001a7bcf55e70 DEOPT PACKING pc=0x000001a7ae68d274 sp=0x00000056809fe510
Event: 0.610 Thread 0x000001a7bcf55e70 DEOPT UNPACKING pc=0x000001a7a6bdd72e sp=0x00000056809fe418 mode 2
Event: 0.613 Thread 0x000001a7bcf55e70 Uncommon trap: trap_request=0xffffff45 fr.pc=0x000001a7ae68ca80 relative=0x0000000000000160
Event: 0.613 Thread 0x000001a7bcf55e70 Uncommon trap: reason=unstable_if action=reinterpret pc=0x000001a7ae68ca80 method=java.lang.String.startsWith(Ljava/lang/String;I)Z @ 14 c2
Event: 0.613 Thread 0x000001a7bcf55e70 DEOPT PACKING pc=0x000001a7ae68ca80 sp=0x00000056809fb500
Event: 0.613 Thread 0x000001a7bcf55e70 DEOPT UNPACKING pc=0x000001a7a6bdd72e sp=0x00000056809fb460 mode 2

Classes unloaded (0 events):
No events

Classes redefined (0 events):
No events

Internal exceptions (15 events):
Event: 0.144 Thread 0x000001a79db4dff0 Exception <a 'java/lang/NoSuchMethodError'{0x00000000a7830c40}: 'void java.lang.invoke.DirectMethodHandle$Holder.invokeSpecial(java.lang.Object, java.lang.Object, java.lang.Object)'> (0x00000000a7830c40) 
thrown [t:\workspace\open\src\hotspot\share\interpreter\linkResolver.cpp, line 790]
Event: 0.170 Thread 0x000001a79db4dff0 Exception <a 'java/lang/ClassNotFoundException'{0x00000000a784e930}: sun/awt/resources/spi/awtProvider> (0x00000000a784e930) 
thrown [t:\workspace\open\src\hotspot\share\classfile\systemDictionary.cpp, line 256]
Event: 0.222 Thread 0x000001a79db4dff0 Exception <a 'java/io/FileNotFoundException'{0x00000000a78a83d0}> (0x00000000a78a83d0) 
thrown [t:\workspace\open\src\hotspot\share\prims\jni.cpp, line 579]
Event: 0.241 Thread 0x000001a79db4dff0 Exception <a 'java/io/FileNotFoundException'{0x00000000a78d6f28}> (0x00000000a78d6f28) 
thrown [t:\workspace\open\src\hotspot\share\prims\jni.cpp, line 579]
Event: 0.242 Thread 0x000001a79db4dff0 Exception <a 'java/lang/NoSuchMethodError'{0x00000000a78d8120}: 'java.lang.Object java.lang.invoke.DirectMethodHandle$Holder.invokeStatic(java.lang.Object)'> (0x00000000a78d8120) 
thrown [t:\workspace\open\src\hotspot\share\interpreter\linkResolver.cpp, line 790]
Event: 0.316 Thread 0x000001a79db4dff0 Exception <a 'java/lang/NoSuchMethodError'{0x00000000a776e880}: 'java.lang.Object java.lang.invoke.DirectMethodHandle$Holder.invokeStaticInit(java.lang.Object)'> (0x00000000a776e880) 
thrown [t:\workspace\open\src\hotspot\share\interpreter\linkResolver.cpp, line 790]
Event: 0.358 Thread 0x000001a79db4dff0 Exception <a 'java/lang/NoSuchMethodError'{0x00000000a77eac78}: 'void java.lang.invoke.DirectMethodHandle$Holder.invokeStatic(java.lang.Object, java.lang.Object)'> (0x00000000a77eac78) 
thrown [t:\workspace\open\src\hotspot\share\interpreter\linkResolver.cpp, line 790]
Event: 0.368 Thread 0x000001a79db4dff0 Exception <a 'java/lang/NoSuchMethodError'{0x00000000a7614228}: 'java.lang.Object java.lang.invoke.DirectMethodHandle$Holder.newInvokeSpecial(java.lang.Object, java.lang.Object, java.lang.Object, java.lang.Object, java.lang.Object)'> (0x00000000a7614228) 
thrown [t:\workspace\open\src\hotspot\share\interpreter\linkResolver.cpp, line 790]
Event: 0.371 Thread 0x000001a79db4dff0 Exception <a 'java/lang/NoSuchMethodError'{0x00000000a761fa68}: 'java.lang.Object java.lang.invoke.DirectMethodHandle$Holder.invokeStatic(java.lang.Object, int, java.lang.Object, java.lang.Object, java.lang.Object, java.lang.Object)'> (0x00000000a761fa68) 
thrown [t:\workspace\open\src\hotspot\share\interpreter\linkResolver.cpp, line 790]
Event: 0.378 Thread 0x000001a79db4dff0 Exception <a 'java/lang/NoSuchMethodError'{0x00000000a7645ad0}: 'java.lang.Object java.lang.invoke.DirectMethodHandle$Holder.invokeStatic(java.lang.Object, int, java.lang.Object)'> (0x00000000a7645ad0) 
thrown [t:\workspace\open\src\hotspot\share\interpreter\linkResolver.cpp, line 790]
Event: 0.574 Thread 0x000001a79db4dff0 Exception <a 'java/lang/ClassNotFoundException'{0x00000000a7428ee8}: com/sun/swing/internal/plaf/metal/resources/spi/metalProvider> (0x00000000a7428ee8) 
thrown [t:\workspace\open\src\hotspot\share\classfile\systemDictionary.cpp, line 256]
Event: 0.576 Thread 0x000001a79db4dff0 Exception <a 'java/lang/ClassNotFoundException'{0x00000000a742cc78}: com/sun/swing/internal/plaf/basic/resources/spi/basicProvider> (0x00000000a742cc78) 
thrown [t:\workspace\open\src\hotspot\share\classfile\systemDictionary.cpp, line 256]
Event: 0.610 Thread 0x000001a7bcf55e70 Implicit null exception at 0x000001a7ae68ce8c to 0x000001a7ae68d254
Event: 0.645 Thread 0x000001a7bcf55e70 Exception <a 'java/lang/NoSuchMethodError'{0x00000000a74daff8}: 'void java.lang.invoke.DirectMethodHandle$Holder.invokeStaticInit(java.lang.Object)'> (0x00000000a74daff8) 
thrown [t:\workspace\open\src\hotspot\share\interpreter\linkResolver.cpp, line 790]
Event: 0.672 Thread 0x000001a7bced8aa0 Exception <a 'java/lang/NoSuchMethodError'{0x00000000a7798730}: 'void java.lang.invoke.DirectMethodHandle$Holder.invokeVirtual(java.lang.Object, java.lang.Object)'> (0x00000000a7798730) 
thrown [t:\workspace\open\src\hotspot\share\interpreter\linkResolver.cpp, line 790]

Events (20 events):
Event: 0.674 loading class java/awt/SequencedEvent$1
Event: 0.674 loading class sun/awt/AWTAccessor$SequencedEventAccessor
Event: 0.674 loading class sun/awt/AWTAccessor$SequencedEventAccessor done
Event: 0.674 loading class java/awt/SequencedEvent$1 done
Event: 0.674 loading class java/awt/SequencedEvent$2
Event: 0.674 loading class java/awt/SequencedEvent$2 done
Event: 0.674 loading class sun/awt/windows/WComponentPeer$2
Event: 0.674 loading class sun/awt/windows/WComponentPeer$2 done
Event: 0.674 loading class javax/swing/RepaintManager$2
Event: 0.674 loading class javax/swing/RepaintManager$2 done
Event: 0.675 loading class java/awt/event/PaintEvent
Event: 0.675 loading class java/awt/event/PaintEvent done
Event: 0.675 loading class java/awt/event/MouseEvent
Event: 0.675 loading class java/awt/event/MouseEvent done
Event: 0.680 Loaded shared library C:\Program Files\Java\jdk-16.0.1\bin\verify.dll
Event: 0.683 Loaded shared library C:\Users\Mendis\.jssc\windows\jSSC-2.6_x86_64.dll
Event: 0.686 loading class java/lang/SecurityException
Event: 0.686 loading class java/lang/SecurityException done
Event: 0.687 loading class java/lang/InterruptedException
Event: 0.687 loading class java/lang/InterruptedException done


Dynamic libraries:
0x00007ff657040000 - 0x00007ff657050000 	C:\Program Files\Java\jdk-16.0.1\bin\java.exe
0x00007ffce34e0000 - 0x00007ffce36c0000 	C:\WINDOWS\SYSTEM32\ntdll.dll
0x00007ffce1710000 - 0x00007ffce17be000 	C:\WINDOWS\System32\KERNEL32.DLL
0x00007ffce00d0000 - 0x00007ffce0336000 	C:\WINDOWS\System32\KERNELBASE.dll
0x00007ffce0340000 - 0x00007ffce0436000 	C:\WINDOWS\System32\ucrtbase.dll
0x00007ffcd6af0000 - 0x00007ffcd6b08000 	C:\Program Files\Java\jdk-16.0.1\bin\jli.dll
0x00007ffcadd80000 - 0x00007ffcadd99000 	C:\Program Files\Java\jdk-16.0.1\bin\VCRUNTIME140.dll
0x00007ffce1660000 - 0x00007ffce1701000 	C:\WINDOWS\System32\ADVAPI32.dll
0x00007ffce12c0000 - 0x00007ffce135d000 	C:\WINDOWS\System32\msvcrt.dll
0x00007ffce1200000 - 0x00007ffce125b000 	C:\WINDOWS\System32\sechost.dll
0x00007ffce1820000 - 0x00007ffce193f000 	C:\WINDOWS\System32\RPCRT4.dll
0x00007ffce1940000 - 0x00007ffce1ace000 	C:\WINDOWS\System32\USER32.dll
0x00007ffce06f0000 - 0x00007ffce0710000 	C:\WINDOWS\System32\win32u.dll
0x00007ffce0b80000 - 0x00007ffce0ba8000 	C:\WINDOWS\System32\GDI32.dll
0x00007ffcd3ee0000 - 0x00007ffcd4149000 	C:\WINDOWS\WinSxS\amd64_microsoft.windows.common-controls_6595b64144ccf1df_6.0.16299.15_none_cc92fb402215d91d\COMCTL32.dll
0x00007ffce0760000 - 0x00007ffce08f1000 	C:\WINDOWS\System32\gdi32full.dll
0x00007ffcdf8e0000 - 0x00007ffcdf97b000 	C:\WINDOWS\System32\msvcp_win.dll
0x00007ffce0cf0000 - 0x00007ffce0ff8000 	C:\WINDOWS\System32\combase.dll
0x00007ffce0670000 - 0x00007ffce06e2000 	C:\WINDOWS\System32\bcryptPrimitives.dll
0x00007ffcd3ea0000 - 0x00007ffcd3eaa000 	C:\WINDOWS\SYSTEM32\VERSION.dll
0x00007ffce0b50000 - 0x00007ffce0b7d000 	C:\WINDOWS\System32\IMM32.DLL
0x00007ffcc2720000 - 0x00007ffcc272c000 	C:\Program Files\Java\jdk-16.0.1\bin\vcruntime140_1.dll
0x00007ffcadc50000 - 0x00007ffcadce1000 	C:\Program Files\Java\jdk-16.0.1\bin\msvcp140.dll
0x00007ffcadda0000 - 0x00007ffcae94b000 	C:\Program Files\Java\jdk-16.0.1\bin\server\jvm.dll
0x00007ffce1020000 - 0x00007ffce1028000 	C:\WINDOWS\System32\PSAPI.DLL
0x00007ffcc5ac0000 - 0x00007ffcc5ac9000 	C:\WINDOWS\SYSTEM32\WSOCK32.dll
0x00007ffce0c80000 - 0x00007ffce0cec000 	C:\WINDOWS\System32\WS2_32.dll
0x00007ffcdd7f0000 - 0x00007ffcdd813000 	C:\WINDOWS\SYSTEM32\WINMM.dll
0x00007ffcdd670000 - 0x00007ffcdd69a000 	C:\WINDOWS\SYSTEM32\WINMMBASE.dll
0x00007ffce0710000 - 0x00007ffce075a000 	C:\WINDOWS\System32\cfgmgr32.dll
0x00007ffcdf8c0000 - 0x00007ffcdf8d1000 	C:\WINDOWS\System32\kernel.appcore.dll
0x00007ffcc2330000 - 0x00007ffcc233a000 	C:\Program Files\Java\jdk-16.0.1\bin\jimage.dll
0x00007ffccdc40000 - 0x00007ffccde08000 	C:\WINDOWS\SYSTEM32\DBGHELP.DLL
0x00007ffccdb70000 - 0x00007ffccdb99000 	C:\WINDOWS\SYSTEM32\dbgcore.DLL
0x00007ffcadd10000 - 0x00007ffcadd35000 	C:\Program Files\Java\jdk-16.0.1\bin\java.dll
0x00007ffce1ad0000 - 0x00007ffce2f07000 	C:\WINDOWS\System32\SHELL32.dll
0x00007ffce1400000 - 0x00007ffce14a6000 	C:\WINDOWS\System32\shcore.dll
0x00007ffcdf980000 - 0x00007ffce00c7000 	C:\WINDOWS\System32\windows.storage.dll
0x00007ffce17c0000 - 0x00007ffce1811000 	C:\WINDOWS\System32\shlwapi.dll
0x00007ffcdf870000 - 0x00007ffcdf8bc000 	C:\WINDOWS\System32\powrprof.dll
0x00007ffcdf830000 - 0x00007ffcdf84b000 	C:\WINDOWS\System32\profapi.dll
0x00007ffcadcf0000 - 0x00007ffcadd09000 	C:\Program Files\Java\jdk-16.0.1\bin\net.dll
0x00007ffcda480000 - 0x00007ffcda55e000 	C:\WINDOWS\SYSTEM32\WINHTTP.dll
0x00007ffcdf060000 - 0x00007ffcdf0c6000 	C:\WINDOWS\system32\mswsock.dll
0x00007ffcaebb0000 - 0x00007ffcaebc3000 	C:\Program Files\Java\jdk-16.0.1\bin\nio.dll
0x00007ffcaeb90000 - 0x00007ffcaeba8000 	C:\Program Files\Java\jdk-16.0.1\bin\zip.dll
0x00007ffcad990000 - 0x00007ffcadb10000 	C:\Program Files\Java\jdk-16.0.1\bin\awt.dll
0x00007ffce0bb0000 - 0x00007ffce0c75000 	C:\WINDOWS\System32\OLEAUT32.dll
0x00007ffcddcf0000 - 0x00007ffcddd77000 	C:\WINDOWS\SYSTEM32\apphelp.dll
0x00007ffcddf70000 - 0x00007ffcde005000 	C:\WINDOWS\system32\uxtheme.dll
0x00007ffce1090000 - 0x00007ffce11f7000 	C:\WINDOWS\System32\MSCTF.dll
0x00007ffcde0e0000 - 0x00007ffcde10a000 	C:\WINDOWS\system32\dwmapi.dll
0x00007ffce3360000 - 0x00007ffce34a9000 	C:\WINDOWS\System32\ole32.dll
0x00007ffcad8e0000 - 0x00007ffcad969000 	C:\Program Files\Java\jdk-16.0.1\bin\freetype.dll
0x00007ffcad5e0000 - 0x00007ffcad6d6000 	C:\Program Files\Java\jdk-16.0.1\bin\harfbuzz.dll
0x00007ffcad8c0000 - 0x00007ffcad8d2000 	C:\Program Files\Java\jdk-16.0.1\bin\fontmanager.dll
0x00007ffccce30000 - 0x00007ffcccf4e000 	C:\WINDOWS\system32\opengl32.dll
0x00007ffccdeb0000 - 0x00007ffccdedc000 	C:\WINDOWS\SYSTEM32\GLU32.dll
0x00007ffcaeb80000 - 0x00007ffcaeb90000 	C:\Program Files\Java\jdk-16.0.1\bin\verify.dll
0x000000006a000000 - 0x000000006a025000 	C:\Users\Mendis\.jssc\windows\jSSC-2.6_x86_64.dll

dbghelp: loaded successfully - version: 4.0.5 - missing functions: none
symbol engine: initialized successfully - sym options: 0x614 - pdb path: .;C:\Program Files\Java\jdk-16.0.1\bin;C:\WINDOWS\SYSTEM32;C:\WINDOWS\WinSxS\amd64_microsoft.windows.common-controls_6595b64144ccf1df_6.0.16299.15_none_cc92fb402215d91d;C:\Program Files\Java\jdk-16.0.1\bin\server;C:\Users\Mendis\.jssc\windows

VM Arguments:
jvm_args: -Dfile.encoding=UTF-8 
java_command: FalconE.Display
java_class_path (initial): C:\Users\Mendis\Desktop\robot\Arduino interface\FalconE\libs\jssc.jar;C:\Program Files\NetBeans-12.2\netbeans\java\modules\ext\AbsoluteLayout.jar;C:\Users\Mendis\Desktop\robot\Arduino interface\FalconE\libs\DarkTheme.jar;C:\Users\Mendis\Desktop\robot\Arduino interface\FalconE\libs\flatlaf-0.22.jar;C:\Users\Mendis\Desktop\robot\Arduino interface\FalconE\build\classes
Launcher Type: SUN_STANDARD

[Global flags]
     intx CICompilerCount                          = 3                                         {product} {ergonomic}
     uint ConcGCThreads                            = 1                                         {product} {ergonomic}
     uint G1ConcRefinementThreads                  = 4                                         {product} {ergonomic}
   size_t G1HeapRegionSize                         = 1048576                                   {product} {ergonomic}
    uintx GCDrainStackTargetSize                   = 64                                        {product} {ergonomic}
   size_t InitialHeapSize                          = 100663296                                 {product} {ergonomic}
   size_t MarkStackSize                            = 4194304                                   {product} {ergonomic}
   size_t MaxHeapSize                              = 1583349760                                {product} {ergonomic}
   size_t MaxNewSize                               = 950009856                                 {product} {ergonomic}
   size_t MinHeapDeltaBytes                        = 1048576                                   {product} {ergonomic}
   size_t MinHeapSize                              = 8388608                                   {product} {ergonomic}
    uintx NonNMethodCodeHeapSize                   = 5832780                                {pd product} {ergonomic}
    uintx NonProfiledCodeHeapSize                  = 122912730                              {pd product} {ergonomic}
    uintx ProfiledCodeHeapSize                     = 122912730                              {pd product} {ergonomic}
    uintx ReservedCodeCacheSize                    = 251658240                              {pd product} {ergonomic}
     bool SegmentedCodeCache                       = true                                      {product} {ergonomic}
   size_t SoftMaxHeapSize                          = 1583349760                             {manageable} {ergonomic}
     bool UseCompressedClassPointers               = true                           {product lp64_product} {ergonomic}
     bool UseCompressedOops                        = true                           {product lp64_product} {ergonomic}
     bool UseG1GC                                  = true                                      {product} {ergonomic}
     bool UseLargePagesIndividualAllocation        = false                                  {pd product} {ergonomic}

Logging:
Log output configuration:
 #0: stdout all=warning uptime,level,tags
 #1: stderr all=off uptime,level,tags

Environment Variables:
JAVA_HOME=C:\Users\Mendis\Downloads\jdk-16.0.1
PATH=C:\Program Files\Common Files\Oracle\Java\javapath;C:\Python39\Scripts\;C:\Python39\;C:\WINDOWS\system32;C:\WINDOWS;C:\WINDOWS\System32\Wbem;C:\WINDOWS\System32\WindowsPowerShell\v1.0\;C:\Program Files\Git\cmd;C:\ProgramData\chocolatey\bin;C:\Program Files\nodejs\;C:\Program Files (x86)\Wolfram Research\WolframScript\;C:\Program Files\Java\jdk-16.0.1\bin;C:\Users\Mendis\AppData\Local\Microsoft\WindowsApps;;C:\Users\Mendis\AppData\Local\Programs\Microsoft VS Code\bin;C:\Users\Mendis\AppData\Roaming\npm
USERNAME=Mendis
OS=Windows_NT
PROCESSOR_IDENTIFIER=Intel64 Family 6 Model 58 Stepping 9, GenuineIntel



---------------  S Y S T E M  ---------------

OS:
 Windows 10 , 64 bit Build 16299 (10.0.16299.15)
OS uptime: 0 days 2:05 hours

CPU: total 4 (initial active 4) (2 cores per cpu, 2 threads per core) family 6 model 58 stepping 9 microcode 0x1f, cx8, cmov, fxsr, ht, mmx, sse, sse2, sse3, ssse3, sse4.1, sse4.2, popcnt, tsc, tscinvbit, avx, erms, clmul, vzeroupper, clflush

Memory: 4k page, system-wide physical 6036M (2783M free)
TotalPageFile size 6996M (AvailPageFile size 3218M)
current process WorkingSet (physical memory assigned to process): 53M, peak: 53M
current process commit charge ("private bytes"): 180M, peak: 180M

vm_info: Java HotSpot(TM) 64-Bit Server VM (16.0.1+9-24) for windows-amd64 JRE (16.0.1+9-24), built on Mar 26 2021 19:31:42 by "mach5one" with MS VC++ 16.7 (VS2019)

END.
