#
# A fatal error has been detected by the Java Runtime Environment:
#
#  EXCEPTION_ACCESS_VIOLATION (0xc0000005) at pc=0x000000007110b5db, pid=8488, tid=3128
#
# JRE version: Java(TM) SE Runtime Environment (16.0.1+9) (build 16.0.1+9-24)
# Java VM: Java HotSpot(TM) 64-Bit Server VM (16.0.1+9-24, mixed mode, sharing, tiered, compressed oops, compressed class ptrs, g1 gc, windows-amd64)
# Problematic frame:
# C  [jSSC-2.8_x86_64.dll+0xb5db]
#
# No core dump will be written. Minidumps are not enabled by default on client versions of Windows
#
# If you would like to submit a bug report, please visit:
#   https://bugreport.java.com/bugreport/crash.jsp
# The crash happened outside the Java Virtual Machine in native code.
# See problematic frame for where to report the bug.
#

---------------  S U M M A R Y ------------

Command Line: -Dfile.encoding=UTF-8 Arduino.Led

Host: Intel(R) Core(TM) i3-3217U CPU @ 1.80GHz, 4 cores, 5G,  Windows 10 , 64 bit Build 16299 (10.0.16299.15)
Time: Tue Jul 20 14:06:48 2021 Sri Lanka Standard Time elapsed time: 0.572601 seconds (0d 0h 0m 0s)

---------------  T H R E A D  ---------------

Current thread (0x0000023437b78250):  JavaThread "AWT-EventQueue-0" [_thread_in_native, id=3128, stack(0x000000a2ff200000,0x000000a2ff300000)]

Stack: [0x000000a2ff200000,0x000000a2ff300000],  sp=0x000000a2ff2fe790,  free space=1017k
Native frames: (J=compiled Java code, j=interpreted, Vv=VM code, C=native code)
C  [jSSC-2.8_x86_64.dll+0xb5db]

Java frames: (J=compiled Java code, j=interpreted, Vv=VM code)
j  jssc.SerialNativeInterface.openPort(Ljava/lang/String;Z)J+0
j  jssc.SerialPort.openPort()Z+65
j  com.panamahitek.PanamaHitek_Arduino.arduinoTX(Ljava/lang/String;I)V+58
j  Arduino.Led.<init>()V+24
j  Arduino.Led$3.run()V+4
j  java.awt.event.InvocationEvent.dispatch()V+47 java.desktop@16.0.1
j  java.awt.EventQueue.dispatchEventImpl(Ljava/awt/AWTEvent;Ljava/lang/Object;)V+21 java.desktop@16.0.1
j  java.awt.EventQueue$4.run()Ljava/lang/Void;+32 java.desktop@16.0.1
j  java.awt.EventQueue$4.run()Ljava/lang/Object;+1 java.desktop@16.0.1
j  java.security.AccessController.executePrivileged(Ljava/security/PrivilegedAction;Ljava/security/AccessControlContext;Ljava/lang/Class;)Ljava/lang/Object;+29 java.base@16.0.1
j  java.security.AccessController.doPrivileged(Ljava/security/PrivilegedAction;Ljava/security/AccessControlContext;)Ljava/lang/Object;+13 java.base@16.0.1
j  java.security.ProtectionDomain$JavaSecurityAccessImpl.doIntersectionPrivilege(Ljava/security/PrivilegedAction;Ljava/security/AccessControlContext;Ljava/security/AccessControlContext;)Ljava/lang/Object;+18 java.base@16.0.1
j  java.awt.EventQueue.dispatchEvent(Ljava/awt/AWTEvent;)V+46 java.desktop@16.0.1
j  java.awt.EventDispatchThread.pumpOneEventForFilters(I)V+78 java.desktop@16.0.1
j  java.awt.EventDispatchThread.pumpEventsForFilter(ILjava/awt/Conditional;Ljava/awt/EventFilter;)V+35 java.desktop@16.0.1
j  java.awt.EventDispatchThread.pumpEventsForHierarchy(ILjava/awt/Conditional;Ljava/awt/Component;)V+11 java.desktop@16.0.1
j  java.awt.EventDispatchThread.pumpEvents(ILjava/awt/Conditional;)V+4 java.desktop@16.0.1
j  java.awt.EventDispatchThread.pumpEvents(Ljava/awt/Conditional;)V+3 java.desktop@16.0.1
j  java.awt.EventDispatchThread.run()V+9 java.desktop@16.0.1
v  ~StubRoutines::call_stub

siginfo: EXCEPTION_ACCESS_VIOLATION (0xc0000005), reading address 0x0000000018951bb4


Register to memory mapping:

RIP=0x000000007110b5db jSSC-2.8_x86_64.dll
RAX=0x0000000018951bb4 is an unknown value
RBX=0x000000a2ff2fe800 is pointing into the stack for thread: 0x0000023437b78250
RCX=0x00007ffce3580024 ntdll.dll
RDX=0x0 is NULL
RSP=0x000000a2ff2fe790 is pointing into the stack for thread: 0x0000023437b78250
RBP=0x000000a2ff2fe910 is pointing into the stack for thread: 0x0000023437b78250
RSI=0x0000023437b78560 points into unknown readable memory: 0x00007ffcae8133d0 | d0 33 81 ae fc 7f 00 00
RDI=0x00000000000004a4 is an unknown value
R8 =0x000000a2ff2fe688 is pointing into the stack for thread: 0x0000023437b78250
R9 =0x000000a2ff2fe780 is pointing into the stack for thread: 0x0000023437b78250
R10=0x0 is NULL
R11=0x0000000000000246 is an unknown value
R12=0x000000a2ff2fe9d0 is pointing into the stack for thread: 0x0000023437b78250
R13=0x0000023437af40d0 points into unknown readable memory: 0x00007300334d4f43 | 43 4f 4d 33 00 73 00 00
R14=0x000000a2ff2fe8c0 is pointing into the stack for thread: 0x0000023437b78250
R15=0x0000023437b78250 is a thread


Registers:
RAX=0x0000000018951bb4, RBX=0x000000a2ff2fe800, RCX=0x00007ffce3580024, RDX=0x0000000000000000
RSP=0x000000a2ff2fe790, RBP=0x000000a2ff2fe910, RSI=0x0000023437b78560, RDI=0x00000000000004a4
R8 =0x000000a2ff2fe688, R9 =0x000000a2ff2fe780, R10=0x0000000000000000, R11=0x0000000000000246
R12=0x000000a2ff2fe9d0, R13=0x0000023437af40d0, R14=0x000000a2ff2fe8c0, R15=0x0000023437b78250
RIP=0x000000007110b5db, EFLAGS=0x0000000000010206

Top of Stack: (sp=0x000000a2ff2fe790)
0x000000a2ff2fe790:   0000000000000000 00007ffce35067b6
0x000000a2ff2fe7a0:   000000007110b230 000000a2ff2fe8c0
0x000000a2ff2fe7b0:   000000a2ff2fe9d0 0000000000000004
0x000000a2ff2fe7c0:   0000023437b78560 00000000000004a4
0x000000a2ff2fe7d0:   000000a2ff2fe910 0000000071112590
0x000000a2ff2fe7e0:   0000023437af3e20 000000a2ff2fe9d0
0x000000a2ff2fe7f0:   00000000c0000000 0000000000000000
0x000000a2ff2fe800:   00000000000004a4 00007ffce01117b5
0x000000a2ff2fe810:   0000023437b78250 000000a2ff2fe8c0
0x000000a2ff2fe820:   000000a2ff2fe9d0 00000000000004a4
0x000000a2ff2fe830:   0000000071113500 0000000071113be8
0x000000a2ff2fe840:   000000a2ff2fe870 0000000071112641
0x000000a2ff2fe850:   000000a2ff2fe7e0 0000000040000000
0x000000a2ff2fe860:   0000000000000000 0000000000000000
0x000000a2ff2fe870:   000000a2ff2fe910 0000000071101595
0x000000a2ff2fe880:   000000000000001c 0000023400000000 

Instructions: (pc=0x000000007110b5db)
0x000000007110b4db:   48 85 c0 74 bf 44 8b 03 45 85 c0 0f 84 77 ff ff
0x000000007110b4eb:   ff eb 9f 66 90 e8 8b fe ff ff 48 89 05 0c 34 01
0x000000007110b4fb:   00 eb ad 66 90 e8 7b fe ff ff 48 89 05 fc 33 01
0x000000007110b50b:   00 eb 8b e8 8d fe ff ff c7 03 01 00 00 00 e9 6f
0x000000007110b51b:   ff ff ff 66 90 55 48 89 e5 56 53 48 83 ec 20 48
0x000000007110b52b:   8b 05 d7 33 01 00 48 8b 31 48 89 cb 48 85 c0 74
0x000000007110b53b:   56 44 8b 18 45 85 db 78 42 48 8b 05 bd 33 01 00
0x000000007110b54b:   48 85 c0 74 50 44 8b 10 45 85 d2 74 1d 48 89 f1
0x000000007110b55b:   e8 d0 fd ff ff 48 8b 13 48 8d 42 40 48 8b 48 08
0x000000007110b56b:   48 8b 6a 40 48 8b 60 10 ff e1 48 8b 05 9c 33 01
0x000000007110b57b:   00 48 85 c0 74 2d 48 89 30 eb da e8 b5 fe ff ff
0x000000007110b58b:   0f 1f 44 00 00 eb b2 e8 e9 fd ff ff 48 89 05 6a
0x000000007110b59b:   33 01 00 eb 9c e8 db fd ff ff 48 89 05 5c 33 01
0x000000007110b5ab:   00 eb a2 e8 3d fd ff ff 48 89 05 5e 33 01 00 eb
0x000000007110b5bb:   c5 0f 1f 40 00 55 57 56 53 48 83 ec 28 48 8b 05
0x000000007110b5cb:   39 33 01 00 48 89 cb 48 85 c0 0f 84 c5 00 00 00
0x000000007110b5db:   8b 38 85 ff 0f 88 ab 00 00 00 48 8b 05 1c 33 01
0x000000007110b5eb:   00 48 85 c0 0f 84 bc 00 00 00 8b 30 85 f6 74 57
0x000000007110b5fb:   48 8b 05 0e 33 01 00 48 85 c0 0f 84 e5 00 00 00
0x000000007110b60b:   8b 28 48 8b 35 10 5e 01 00 ff d6 89 c7 89 e9 ff
0x000000007110b61b:   15 f4 5e 01 00 89 f9 48 89 c5 ff 15 b9 5e 01 00
0x000000007110b62b:   48 8b 05 de 32 01 00 48 89 2b 48 85 c0 74 46 48
0x000000007110b63b:   89 da 8b 08 ff 15 d7 5e 01 00 85 c0 74 27 48 83
0x000000007110b64b:   c4 28 5b 5e 5f 5d c3 48 8b 05 bf 32 01 00 48 85
0x000000007110b65b:   c0 74 64 48 8b 10 48 89 13 48 89 18 48 83 c4 28
0x000000007110b66b:   5b 5e 5f 5d c3 48 89 f2 48 83 c4 28 5b 5e 5f 5d
0x000000007110b67b:   48 ff e2 66 90 e8 8b fc ff ff 48 89 05 84 32 01
0x000000007110b68b:   00 eb ac 66 90 e8 ab fd ff ff e9 4b ff ff ff 66
0x000000007110b69b:   0f 1f 44 00 00 e8 db fc ff ff 48 89 05 5c 32 01
0x000000007110b6ab:   00 e9 2a ff ff ff e8 ca fc ff ff 48 89 05 4b 32
0x000000007110b6bb:   01 00 e9 33 ff ff ff e8 29 fc ff ff 48 89 05 4a
0x000000007110b6cb:   32 01 00 48 8b 10 48 85 c0 48 89 13 75 8b e8 12 


Stack slot to memory mapping:
stack at sp + 0 slots: 0x0 is NULL
stack at sp + 1 slots: 0x00007ffce35067b6 ntdll.dll
stack at sp + 2 slots: 0x000000007110b230 jSSC-2.8_x86_64.dll
stack at sp + 3 slots: 0x000000a2ff2fe8c0 is pointing into the stack for thread: 0x0000023437b78250
stack at sp + 4 slots: 0x000000a2ff2fe9d0 is pointing into the stack for thread: 0x0000023437b78250
stack at sp + 5 slots: 0x0000000000000004 is an unknown value
stack at sp + 6 slots: 0x0000023437b78560 points into unknown readable memory: 0x00007ffcae8133d0 | d0 33 81 ae fc 7f 00 00
stack at sp + 7 slots: 0x00000000000004a4 is an unknown value


---------------  P R O C E S S  ---------------

Threads class SMR info:
_java_thread_list=0x0000023437b4e540, length=16, elements={
0x0000023436d32880, 0x0000023436d34300, 0x0000023436d45f80, 0x0000023436d46980,
0x0000023436d47f40, 0x0000023436d4b540, 0x0000023436d72200, 0x0000023436d753a0,
0x0000023436d780f0, 0x0000023437895140, 0x00000234378a6dc0, 0x0000023437aaaae0,
0x0000023437aab000, 0x0000023437aab520, 0x0000023437b78250, 0x000002341a927aa0
}

Java Threads: ( => current thread )
  0x0000023436d32880 JavaThread "Reference Handler" daemon [_thread_blocked, id=7656, stack(0x000000a2fe300000,0x000000a2fe400000)]
  0x0000023436d34300 JavaThread "Finalizer" daemon [_thread_blocked, id=4124, stack(0x000000a2fe400000,0x000000a2fe500000)]
  0x0000023436d45f80 JavaThread "Signal Dispatcher" daemon [_thread_blocked, id=8336, stack(0x000000a2fe500000,0x000000a2fe600000)]
  0x0000023436d46980 JavaThread "Attach Listener" daemon [_thread_blocked, id=7212, stack(0x000000a2fe600000,0x000000a2fe700000)]
  0x0000023436d47f40 JavaThread "Service Thread" daemon [_thread_blocked, id=2836, stack(0x000000a2fe700000,0x000000a2fe800000)]
  0x0000023436d4b540 JavaThread "Monitor Deflation Thread" daemon [_thread_blocked, id=1864, stack(0x000000a2fe800000,0x000000a2fe900000)]
  0x0000023436d72200 JavaThread "C2 CompilerThread0" daemon [_thread_blocked, id=3312, stack(0x000000a2fe900000,0x000000a2fea00000)]
  0x0000023436d753a0 JavaThread "C1 CompilerThread0" daemon [_thread_blocked, id=3400, stack(0x000000a2fea00000,0x000000a2feb00000)]
  0x0000023436d780f0 JavaThread "Sweeper thread" daemon [_thread_blocked, id=7652, stack(0x000000a2feb00000,0x000000a2fec00000)]
  0x0000023437895140 JavaThread "Notification Thread" daemon [_thread_blocked, id=4848, stack(0x000000a2fec00000,0x000000a2fed00000)]
  0x00000234378a6dc0 JavaThread "Common-Cleaner" daemon [_thread_blocked, id=4140, stack(0x000000a2fee00000,0x000000a2fef00000)]
  0x0000023437aaaae0 JavaThread "Java2D Disposer" daemon [_thread_blocked, id=4624, stack(0x000000a2fef00000,0x000000a2ff000000)]
  0x0000023437aab000 JavaThread "AWT-Shutdown" [_thread_blocked, id=1108, stack(0x000000a2ff000000,0x000000a2ff100000)]
  0x0000023437aab520 JavaThread "AWT-Windows" daemon [_thread_in_native, id=1128, stack(0x000000a2ff100000,0x000000a2ff200000)]
=>0x0000023437b78250 JavaThread "AWT-EventQueue-0" [_thread_in_native, id=3128, stack(0x000000a2ff200000,0x000000a2ff300000)]
  0x000002341a927aa0 JavaThread "DestroyJavaVM" [_thread_blocked, id=8892, stack(0x000000a2fdc00000,0x000000a2fdd00000)]

Other Threads:
  0x000002341a9fe0a0 VMThread "VM Thread" [stack: 0x000000a2fe200000,0x000000a2fe300000] [id=580]
  0x000002343789eaa0 WatcherThread [stack: 0x000000a2fed00000,0x000000a2fee00000] [id=8460]
  0x000002341a95d3c0 GCTaskThread "GC Thread#0" [stack: 0x000000a2fdd00000,0x000000a2fde00000] [id=1868]
  0x000002341a96b1d0 ConcurrentGCThread "G1 Main Marker" [stack: 0x000000a2fde00000,0x000000a2fdf00000] [id=7616]
  0x000002341a96c880 ConcurrentGCThread "G1 Conc#0" [stack: 0x000000a2fdf00000,0x000000a2fe000000] [id=7056]
  0x000002341a9cfdc0 ConcurrentGCThread "G1 Refine#0" [stack: 0x000000a2fe000000,0x000000a2fe100000] [id=6172]
  0x000002341a9d08c0 ConcurrentGCThread "G1 Service" [stack: 0x000000a2fe100000,0x000000a2fe200000] [id=7620]

Threads with active compile tasks:

VM state: not at safepoint (normal execution)

VM Mutex/Monitor currently owned by a thread: None

Heap address: 0x00000000a1a00000, size: 1510 MB, Compressed Oops mode: 32-bit

CDS archive(s) mapped at: [0x0000000800000000-0x0000000800bb0000-0x0000000800bb0000), size 12255232, SharedBaseAddress: 0x0000000800000000, ArchiveRelocationMode: 0.
Compressed class space mapped at: 0x0000000800c00000-0x0000000840c00000, reserved size: 1073741824
Narrow klass base: 0x0000000800000000, Narrow klass shift: 3, Narrow klass range: 0x100000000

GC Precious Log:
 CPUs: 4 total, 4 available
 Memory: 6036M
 Large Page Support: Disabled
 NUMA Support: Disabled
 Compressed Oops: Enabled (32-bit)
 Heap Region Size: 1M
 Heap Min Capacity: 8M
 Heap Initial Capacity: 96M
 Heap Max Capacity: 1510M
 Pre-touch: Disabled
 Parallel Workers: 4
 Concurrent Workers: 1
 Concurrent Refinement Workers: 4
 Periodic GC: Disabled

Heap:
 garbage-first heap   total 98304K, used 5120K [0x00000000a1a00000, 0x0000000100000000)
  region size 1024K, 6 young (6144K), 0 survivors (0K)
 Metaspace       used 6307K, committed 6464K, reserved 1056768K
  class space    used 720K, committed 768K, reserved 1048576K

Heap Regions: E=young(eden), S=young(survivor), O=old, HS=humongous(starts), HC=humongous(continues), CS=collection set, F=free, OA=open archive, CA=closed archive, TAMS=top-at-mark-start (previous, next)
|   0|0x00000000a1a00000, 0x00000000a1a00000, 0x00000000a1b00000|  0%| F|  |TAMS 0x00000000a1a00000, 0x00000000a1a00000| Untracked 
|   1|0x00000000a1b00000, 0x00000000a1b00000, 0x00000000a1c00000|  0%| F|  |TAMS 0x00000000a1b00000, 0x00000000a1b00000| Untracked 
|   2|0x00000000a1c00000, 0x00000000a1c00000, 0x00000000a1d00000|  0%| F|  |TAMS 0x00000000a1c00000, 0x00000000a1c00000| Untracked 
|   3|0x00000000a1d00000, 0x00000000a1d00000, 0x00000000a1e00000|  0%| F|  |TAMS 0x00000000a1d00000, 0x00000000a1d00000| Untracked 
|   4|0x00000000a1e00000, 0x00000000a1e00000, 0x00000000a1f00000|  0%| F|  |TAMS 0x00000000a1e00000, 0x00000000a1e00000| Untracked 
|   5|0x00000000a1f00000, 0x00000000a1f00000, 0x00000000a2000000|  0%| F|  |TAMS 0x00000000a1f00000, 0x00000000a1f00000| Untracked 
|   6|0x00000000a2000000, 0x00000000a2000000, 0x00000000a2100000|  0%| F|  |TAMS 0x00000000a2000000, 0x00000000a2000000| Untracked 
|   7|0x00000000a2100000, 0x00000000a2100000, 0x00000000a2200000|  0%| F|  |TAMS 0x00000000a2100000, 0x00000000a2100000| Untracked 
|   8|0x00000000a2200000, 0x00000000a2200000, 0x00000000a2300000|  0%| F|  |TAMS 0x00000000a2200000, 0x00000000a2200000| Untracked 
|   9|0x00000000a2300000, 0x00000000a2300000, 0x00000000a2400000|  0%| F|  |TAMS 0x00000000a2300000, 0x00000000a2300000| Untracked 
|  10|0x00000000a2400000, 0x00000000a2400000, 0x00000000a2500000|  0%| F|  |TAMS 0x00000000a2400000, 0x00000000a2400000| Untracked 
|  11|0x00000000a2500000, 0x00000000a2500000, 0x00000000a2600000|  0%| F|  |TAMS 0x00000000a2500000, 0x00000000a2500000| Untracked 
|  12|0x00000000a2600000, 0x00000000a2600000, 0x00000000a2700000|  0%| F|  |TAMS 0x00000000a2600000, 0x00000000a2600000| Untracked 
|  13|0x00000000a2700000, 0x00000000a2700000, 0x00000000a2800000|  0%| F|  |TAMS 0x00000000a2700000, 0x00000000a2700000| Untracked 
|  14|0x00000000a2800000, 0x00000000a2800000, 0x00000000a2900000|  0%| F|  |TAMS 0x00000000a2800000, 0x00000000a2800000| Untracked 
|  15|0x00000000a2900000, 0x00000000a2900000, 0x00000000a2a00000|  0%| F|  |TAMS 0x00000000a2900000, 0x00000000a2900000| Untracked 
|  16|0x00000000a2a00000, 0x00000000a2a00000, 0x00000000a2b00000|  0%| F|  |TAMS 0x00000000a2a00000, 0x00000000a2a00000| Untracked 
|  17|0x00000000a2b00000, 0x00000000a2b00000, 0x00000000a2c00000|  0%| F|  |TAMS 0x00000000a2b00000, 0x00000000a2b00000| Untracked 
|  18|0x00000000a2c00000, 0x00000000a2c00000, 0x00000000a2d00000|  0%| F|  |TAMS 0x00000000a2c00000, 0x00000000a2c00000| Untracked 
|  19|0x00000000a2d00000, 0x00000000a2d00000, 0x00000000a2e00000|  0%| F|  |TAMS 0x00000000a2d00000, 0x00000000a2d00000| Untracked 
|  20|0x00000000a2e00000, 0x00000000a2e00000, 0x00000000a2f00000|  0%| F|  |TAMS 0x00000000a2e00000, 0x00000000a2e00000| Untracked 
|  21|0x00000000a2f00000, 0x00000000a2f00000, 0x00000000a3000000|  0%| F|  |TAMS 0x00000000a2f00000, 0x00000000a2f00000| Untracked 
|  22|0x00000000a3000000, 0x00000000a3000000, 0x00000000a3100000|  0%| F|  |TAMS 0x00000000a3000000, 0x00000000a3000000| Untracked 
|  23|0x00000000a3100000, 0x00000000a3100000, 0x00000000a3200000|  0%| F|  |TAMS 0x00000000a3100000, 0x00000000a3100000| Untracked 
|  24|0x00000000a3200000, 0x00000000a3200000, 0x00000000a3300000|  0%| F|  |TAMS 0x00000000a3200000, 0x00000000a3200000| Untracked 
|  25|0x00000000a3300000, 0x00000000a3300000, 0x00000000a3400000|  0%| F|  |TAMS 0x00000000a3300000, 0x00000000a3300000| Untracked 
|  26|0x00000000a3400000, 0x00000000a3400000, 0x00000000a3500000|  0%| F|  |TAMS 0x00000000a3400000, 0x00000000a3400000| Untracked 
|  27|0x00000000a3500000, 0x00000000a3500000, 0x00000000a3600000|  0%| F|  |TAMS 0x00000000a3500000, 0x00000000a3500000| Untracked 
|  28|0x00000000a3600000, 0x00000000a3600000, 0x00000000a3700000|  0%| F|  |TAMS 0x00000000a3600000, 0x00000000a3600000| Untracked 
|  29|0x00000000a3700000, 0x00000000a3700000, 0x00000000a3800000|  0%| F|  |TAMS 0x00000000a3700000, 0x00000000a3700000| Untracked 
|  30|0x00000000a3800000, 0x00000000a3800000, 0x00000000a3900000|  0%| F|  |TAMS 0x00000000a3800000, 0x00000000a3800000| Untracked 
|  31|0x00000000a3900000, 0x00000000a3900000, 0x00000000a3a00000|  0%| F|  |TAMS 0x00000000a3900000, 0x00000000a3900000| Untracked 
|  32|0x00000000a3a00000, 0x00000000a3a00000, 0x00000000a3b00000|  0%| F|  |TAMS 0x00000000a3a00000, 0x00000000a3a00000| Untracked 
|  33|0x00000000a3b00000, 0x00000000a3b00000, 0x00000000a3c00000|  0%| F|  |TAMS 0x00000000a3b00000, 0x00000000a3b00000| Untracked 
|  34|0x00000000a3c00000, 0x00000000a3c00000, 0x00000000a3d00000|  0%| F|  |TAMS 0x00000000a3c00000, 0x00000000a3c00000| Untracked 
|  35|0x00000000a3d00000, 0x00000000a3d00000, 0x00000000a3e00000|  0%| F|  |TAMS 0x00000000a3d00000, 0x00000000a3d00000| Untracked 
|  36|0x00000000a3e00000, 0x00000000a3e00000, 0x00000000a3f00000|  0%| F|  |TAMS 0x00000000a3e00000, 0x00000000a3e00000| Untracked 
|  37|0x00000000a3f00000, 0x00000000a3f00000, 0x00000000a4000000|  0%| F|  |TAMS 0x00000000a3f00000, 0x00000000a3f00000| Untracked 
|  38|0x00000000a4000000, 0x00000000a4000000, 0x00000000a4100000|  0%| F|  |TAMS 0x00000000a4000000, 0x00000000a4000000| Untracked 
|  39|0x00000000a4100000, 0x00000000a4100000, 0x00000000a4200000|  0%| F|  |TAMS 0x00000000a4100000, 0x00000000a4100000| Untracked 
|  40|0x00000000a4200000, 0x00000000a4200000, 0x00000000a4300000|  0%| F|  |TAMS 0x00000000a4200000, 0x00000000a4200000| Untracked 
|  41|0x00000000a4300000, 0x00000000a4300000, 0x00000000a4400000|  0%| F|  |TAMS 0x00000000a4300000, 0x00000000a4300000| Untracked 
|  42|0x00000000a4400000, 0x00000000a4400000, 0x00000000a4500000|  0%| F|  |TAMS 0x00000000a4400000, 0x00000000a4400000| Untracked 
|  43|0x00000000a4500000, 0x00000000a4500000, 0x00000000a4600000|  0%| F|  |TAMS 0x00000000a4500000, 0x00000000a4500000| Untracked 
|  44|0x00000000a4600000, 0x00000000a4600000, 0x00000000a4700000|  0%| F|  |TAMS 0x00000000a4600000, 0x00000000a4600000| Untracked 
|  45|0x00000000a4700000, 0x00000000a4700000, 0x00000000a4800000|  0%| F|  |TAMS 0x00000000a4700000, 0x00000000a4700000| Untracked 
|  46|0x00000000a4800000, 0x00000000a4800000, 0x00000000a4900000|  0%| F|  |TAMS 0x00000000a4800000, 0x00000000a4800000| Untracked 
|  47|0x00000000a4900000, 0x00000000a4900000, 0x00000000a4a00000|  0%| F|  |TAMS 0x00000000a4900000, 0x00000000a4900000| Untracked 
|  48|0x00000000a4a00000, 0x00000000a4a00000, 0x00000000a4b00000|  0%| F|  |TAMS 0x00000000a4a00000, 0x00000000a4a00000| Untracked 
|  49|0x00000000a4b00000, 0x00000000a4b00000, 0x00000000a4c00000|  0%| F|  |TAMS 0x00000000a4b00000, 0x00000000a4b00000| Untracked 
|  50|0x00000000a4c00000, 0x00000000a4c00000, 0x00000000a4d00000|  0%| F|  |TAMS 0x00000000a4c00000, 0x00000000a4c00000| Untracked 
|  51|0x00000000a4d00000, 0x00000000a4d00000, 0x00000000a4e00000|  0%| F|  |TAMS 0x00000000a4d00000, 0x00000000a4d00000| Untracked 
|  52|0x00000000a4e00000, 0x00000000a4e00000, 0x00000000a4f00000|  0%| F|  |TAMS 0x00000000a4e00000, 0x00000000a4e00000| Untracked 
|  53|0x00000000a4f00000, 0x00000000a4f00000, 0x00000000a5000000|  0%| F|  |TAMS 0x00000000a4f00000, 0x00000000a4f00000| Untracked 
|  54|0x00000000a5000000, 0x00000000a5000000, 0x00000000a5100000|  0%| F|  |TAMS 0x00000000a5000000, 0x00000000a5000000| Untracked 
|  55|0x00000000a5100000, 0x00000000a5100000, 0x00000000a5200000|  0%| F|  |TAMS 0x00000000a5100000, 0x00000000a5100000| Untracked 
|  56|0x00000000a5200000, 0x00000000a5200000, 0x00000000a5300000|  0%| F|  |TAMS 0x00000000a5200000, 0x00000000a5200000| Untracked 
|  57|0x00000000a5300000, 0x00000000a5300000, 0x00000000a5400000|  0%| F|  |TAMS 0x00000000a5300000, 0x00000000a5300000| Untracked 
|  58|0x00000000a5400000, 0x00000000a5400000, 0x00000000a5500000|  0%| F|  |TAMS 0x00000000a5400000, 0x00000000a5400000| Untracked 
|  59|0x00000000a5500000, 0x00000000a5500000, 0x00000000a5600000|  0%| F|  |TAMS 0x00000000a5500000, 0x00000000a5500000| Untracked 
|  60|0x00000000a5600000, 0x00000000a5600000, 0x00000000a5700000|  0%| F|  |TAMS 0x00000000a5600000, 0x00000000a5600000| Untracked 
|  61|0x00000000a5700000, 0x00000000a5700000, 0x00000000a5800000|  0%| F|  |TAMS 0x00000000a5700000, 0x00000000a5700000| Untracked 
|  62|0x00000000a5800000, 0x00000000a5800000, 0x00000000a5900000|  0%| F|  |TAMS 0x00000000a5800000, 0x00000000a5800000| Untracked 
|  63|0x00000000a5900000, 0x00000000a5900000, 0x00000000a5a00000|  0%| F|  |TAMS 0x00000000a5900000, 0x00000000a5900000| Untracked 
|  64|0x00000000a5a00000, 0x00000000a5a00000, 0x00000000a5b00000|  0%| F|  |TAMS 0x00000000a5a00000, 0x00000000a5a00000| Untracked 
|  65|0x00000000a5b00000, 0x00000000a5b00000, 0x00000000a5c00000|  0%| F|  |TAMS 0x00000000a5b00000, 0x00000000a5b00000| Untracked 
|  66|0x00000000a5c00000, 0x00000000a5c00000, 0x00000000a5d00000|  0%| F|  |TAMS 0x00000000a5c00000, 0x00000000a5c00000| Untracked 
|  67|0x00000000a5d00000, 0x00000000a5d00000, 0x00000000a5e00000|  0%| F|  |TAMS 0x00000000a5d00000, 0x00000000a5d00000| Untracked 
|  68|0x00000000a5e00000, 0x00000000a5e00000, 0x00000000a5f00000|  0%| F|  |TAMS 0x00000000a5e00000, 0x00000000a5e00000| Untracked 
|  69|0x00000000a5f00000, 0x00000000a5f00000, 0x00000000a6000000|  0%| F|  |TAMS 0x00000000a5f00000, 0x00000000a5f00000| Untracked 
|  70|0x00000000a6000000, 0x00000000a6000000, 0x00000000a6100000|  0%| F|  |TAMS 0x00000000a6000000, 0x00000000a6000000| Untracked 
|  71|0x00000000a6100000, 0x00000000a6100000, 0x00000000a6200000|  0%| F|  |TAMS 0x00000000a6100000, 0x00000000a6100000| Untracked 
|  72|0x00000000a6200000, 0x00000000a6200000, 0x00000000a6300000|  0%| F|  |TAMS 0x00000000a6200000, 0x00000000a6200000| Untracked 
|  73|0x00000000a6300000, 0x00000000a6300000, 0x00000000a6400000|  0%| F|  |TAMS 0x00000000a6300000, 0x00000000a6300000| Untracked 
|  74|0x00000000a6400000, 0x00000000a6400000, 0x00000000a6500000|  0%| F|  |TAMS 0x00000000a6400000, 0x00000000a6400000| Untracked 
|  75|0x00000000a6500000, 0x00000000a6500000, 0x00000000a6600000|  0%| F|  |TAMS 0x00000000a6500000, 0x00000000a6500000| Untracked 
|  76|0x00000000a6600000, 0x00000000a6600000, 0x00000000a6700000|  0%| F|  |TAMS 0x00000000a6600000, 0x00000000a6600000| Untracked 
|  77|0x00000000a6700000, 0x00000000a6700000, 0x00000000a6800000|  0%| F|  |TAMS 0x00000000a6700000, 0x00000000a6700000| Untracked 
|  78|0x00000000a6800000, 0x00000000a6800000, 0x00000000a6900000|  0%| F|  |TAMS 0x00000000a6800000, 0x00000000a6800000| Untracked 
|  79|0x00000000a6900000, 0x00000000a6900000, 0x00000000a6a00000|  0%| F|  |TAMS 0x00000000a6900000, 0x00000000a6900000| Untracked 
|  80|0x00000000a6a00000, 0x00000000a6a00000, 0x00000000a6b00000|  0%| F|  |TAMS 0x00000000a6a00000, 0x00000000a6a00000| Untracked 
|  81|0x00000000a6b00000, 0x00000000a6b00000, 0x00000000a6c00000|  0%| F|  |TAMS 0x00000000a6b00000, 0x00000000a6b00000| Untracked 
|  82|0x00000000a6c00000, 0x00000000a6c00000, 0x00000000a6d00000|  0%| F|  |TAMS 0x00000000a6c00000, 0x00000000a6c00000| Untracked 
|  83|0x00000000a6d00000, 0x00000000a6d00000, 0x00000000a6e00000|  0%| F|  |TAMS 0x00000000a6d00000, 0x00000000a6d00000| Untracked 
|  84|0x00000000a6e00000, 0x00000000a6e00000, 0x00000000a6f00000|  0%| F|  |TAMS 0x00000000a6e00000, 0x00000000a6e00000| Untracked 
|  85|0x00000000a6f00000, 0x00000000a6f00000, 0x00000000a7000000|  0%| F|  |TAMS 0x00000000a6f00000, 0x00000000a6f00000| Untracked 
|  86|0x00000000a7000000, 0x00000000a7000000, 0x00000000a7100000|  0%| F|  |TAMS 0x00000000a7000000, 0x00000000a7000000| Untracked 
|  87|0x00000000a7100000, 0x00000000a7100000, 0x00000000a7200000|  0%| F|  |TAMS 0x00000000a7100000, 0x00000000a7100000| Untracked 
|  88|0x00000000a7200000, 0x00000000a7200000, 0x00000000a7300000|  0%| F|  |TAMS 0x00000000a7200000, 0x00000000a7200000| Untracked 
|  89|0x00000000a7300000, 0x00000000a7300000, 0x00000000a7400000|  0%| F|  |TAMS 0x00000000a7300000, 0x00000000a7300000| Untracked 
|  90|0x00000000a7400000, 0x00000000a7443110, 0x00000000a7500000| 26%| E|  |TAMS 0x00000000a7400000, 0x00000000a7400000| Complete 
|  91|0x00000000a7500000, 0x00000000a7600000, 0x00000000a7600000|100%| E|CS|TAMS 0x00000000a7500000, 0x00000000a7500000| Complete 
|  92|0x00000000a7600000, 0x00000000a7700000, 0x00000000a7700000|100%| E|CS|TAMS 0x00000000a7600000, 0x00000000a7600000| Complete 
|  93|0x00000000a7700000, 0x00000000a7800000, 0x00000000a7800000|100%| E|CS|TAMS 0x00000000a7700000, 0x00000000a7700000| Complete 
|  94|0x00000000a7800000, 0x00000000a7900000, 0x00000000a7900000|100%| E|CS|TAMS 0x00000000a7800000, 0x00000000a7800000| Complete 
|  95|0x00000000a7900000, 0x00000000a7a00000, 0x00000000a7a00000|100%| E|CS|TAMS 0x00000000a7900000, 0x00000000a7900000| Complete 

Card table byte_map: [0x00000234313a0000,0x00000234316a0000] _byte_map_base: 0x0000023430e93000

Marking Bits (Prev, Next): (CMBitMap*) 0x000002341a95eac0, (CMBitMap*) 0x000002341a95eb00
 Prev Bits: [0x00000234319a0000, 0x0000023433138000)
 Next Bits: [0x0000023433140000, 0x00000234348d8000)

Polling page: 0x000002341a100000

Metaspace:

Usage:
  Non-class:      5.46 MB used.
      Class:    720.63 KB used.
       Both:      6.16 MB used.

Virtual space:
  Non-class space:        8.00 MB reserved,       5.56 MB ( 70%) committed,  1 nodes.
      Class space:        1.00 GB reserved,     768.00 KB ( <1%) committed,  1 nodes.
              Both:        1.01 GB reserved,       6.31 MB ( <1%) committed. 

Chunk freelists:
   Non-Class:  2.34 MB
       Class:  3.25 MB
        Both:  5.59 MB

MaxMetaspaceSize: 17179869184.00 GB
CompressedClassSpaceSize: 1.00 GB
 - commit_granule_bytes: 65536.
 - commit_granule_words: 8192.
 - virtual_space_node_default_size: 1048576.
 - enlarge_chunks_in_place: 1.
 - new_chunks_are_fully_committed: 0.
 - uncommit_free_chunks: 1.
 - use_allocation_guard: 0.
 - handle_deallocations: 1.


Internal statistics:

num_allocs_failed_limit: 0.
num_arena_births: 90.
num_arena_deaths: 0.
num_vsnodes_births: 2.
num_vsnodes_deaths: 0.
num_space_committed: 101.
num_space_uncommitted: 0.
num_chunks_returned_to_freelist: 0.
num_chunks_taken_from_freelist: 113.
num_chunk_merges: 0.
num_chunk_splits: 71.
num_chunks_enlarged: 38.
num_purges: 0.

CodeHeap 'non-profiled nmethods': size=120000Kb used=150Kb max_used=150Kb free=119849Kb
 bounds [0x0000023429b70000, 0x0000023429de0000, 0x00000234310a0000]
CodeHeap 'profiled nmethods': size=120000Kb used=908Kb max_used=908Kb free=119091Kb
 bounds [0x0000023422640000, 0x00000234228b0000, 0x0000023429b70000]
CodeHeap 'non-nmethods': size=5760Kb used=1223Kb max_used=1239Kb free=4536Kb
 bounds [0x00000234220a0000, 0x0000023422310000, 0x0000023422640000]
 total_blobs=1106 nmethods=576 adapters=443
 compilation: enabled
              stopped_count=0, restarted_count=0
 full_count=0

Compilation events (20 events):
Event: 0.550 Thread 0x0000023436d753a0  562       3       java.util.Hashtable$Entry::hashCode (13 bytes)
Event: 0.550 Thread 0x0000023436d753a0 nmethod 562 0x000002342271f510 code [0x000002342271f6c0, 0x000002342271f948]
Event: 0.550 Thread 0x0000023436d753a0  571   !   3       sun.awt.AppContext::get (123 bytes)
Event: 0.551 Thread 0x0000023436d753a0 nmethod 571 0x000002342271fa10 code [0x000002342271fc40, 0x00000234227206a8]
Event: 0.551 Thread 0x0000023436d753a0  568       1       java.beans.PropertyChangeEvent::getPropertyName (5 bytes)
Event: 0.551 Thread 0x0000023436d753a0 nmethod 568 0x0000023429b93b90 code [0x0000023429b93d20, 0x0000023429b93df8]
Event: 0.551 Thread 0x0000023436d753a0  554       3       java.util.ResourceBundle::getObject (82 bytes)
Event: 0.553 Thread 0x0000023436d753a0 nmethod 554 0x0000023422720a10 code [0x0000023422720cc0, 0x00000234227217f8]
Event: 0.553 Thread 0x0000023436d753a0  572       3       java.nio.Buffer::position (52 bytes)
Event: 0.554 Thread 0x0000023436d753a0 nmethod 572 0x0000023422721c10 code [0x0000023422721dc0, 0x0000023422722048]
Event: 0.554 Thread 0x0000023436d753a0  555       3       java.util.ListResourceBundle::handleGetObject (34 bytes)
Event: 0.554 Thread 0x0000023436d753a0 nmethod 555 0x0000023422722110 code [0x00000234227222e0, 0x0000023422722648]
Event: 0.557 Thread 0x0000023436d753a0  573       3       java.util.ArrayList::get (15 bytes)
Event: 0.557 Thread 0x0000023436d753a0 nmethod 573 0x0000023422722790 code [0x0000023422722960, 0x0000023422722d08]
Event: 0.561 Thread 0x0000023436d753a0  574       3       java.nio.ByteBuffer::position (8 bytes)
Event: 0.561 Thread 0x0000023436d753a0 nmethod 574 0x0000023422722e90 code [0x0000023422723040, 0x0000023422723188]
Event: 0.565 Thread 0x0000023436d753a0  576       1       sun.util.locale.BaseLocale::getLanguage (5 bytes)
Event: 0.565 Thread 0x0000023436d72200 nmethod 566 0x0000023429b93e90 code [0x0000023429b940a0, 0x0000023429b94b30]
Event: 0.565 Thread 0x0000023436d72200  575       4       java.util.concurrent.ConcurrentHashMap::casTabAt (21 bytes)
Event: 0.565 Thread 0x0000023436d753a0 nmethod 576 0x0000023429b95190 code [0x0000023429b95320, 0x0000023429b953f8]

GC Heap History (0 events):
No events

Deoptimization events (0 events):
No events

Classes unloaded (0 events):
No events

Classes redefined (0 events):
No events

Internal exceptions (20 events):
Event: 0.456 Thread 0x000002341a927aa0 Exception <a 'java/lang/ClassNotFoundException'{0x00000000a75419b0}: PasswordField> (0x00000000a75419b0) 
thrown [t:\workspace\open\src\hotspot\share\classfile\systemDictionary.cpp, line 256]
Event: 0.456 Thread 0x000002341a927aa0 Exception <a 'java/lang/ClassNotFoundException'{0x00000000a7541f08}: TextArea> (0x00000000a7541f08) 
thrown [t:\workspace\open\src\hotspot\share\classfile\systemDictionary.cpp, line 256]
Event: 0.458 Thread 0x000002341a927aa0 Exception <a 'java/lang/ClassNotFoundException'{0x00000000a7542848}: TextPane> (0x00000000a7542848) 
thrown [t:\workspace\open\src\hotspot\share\classfile\systemDictionary.cpp, line 256]
Event: 0.458 Thread 0x000002341a927aa0 Exception <a 'java/lang/ClassNotFoundException'{0x00000000a7542cb0}: EditorPane> (0x00000000a7542cb0) 
thrown [t:\workspace\open\src\hotspot\share\classfile\systemDictionary.cpp, line 256]
Event: 0.459 Thread 0x000002341a927aa0 Exception <a 'java/lang/ClassNotFoundException'{0x00000000a75438a8}: ToolBar> (0x00000000a75438a8) 
thrown [t:\workspace\open\src\hotspot\share\classfile\systemDictionary.cpp, line 256]
Event: 0.459 Thread 0x000002341a927aa0 Exception <a 'java/lang/ClassNotFoundException'{0x00000000a7543da0}: ToolBar> (0x00000000a7543da0) 
thrown [t:\workspace\open\src\hotspot\share\classfile\systemDictionary.cpp, line 256]
Event: 0.459 Thread 0x000002341a927aa0 Exception <a 'java/lang/ClassNotFoundException'{0x00000000a7544100}: Button> (0x00000000a7544100) 
thrown [t:\workspace\open\src\hotspot\share\classfile\systemDictionary.cpp, line 256]
Event: 0.459 Thread 0x000002341a927aa0 Exception <a 'java/lang/ClassNotFoundException'{0x00000000a75445c8}: ToolBar> (0x00000000a75445c8) 
thrown [t:\workspace\open\src\hotspot\share\classfile\systemDictionary.cpp, line 256]
Event: 0.459 Thread 0x000002341a927aa0 Exception <a 'java/lang/ClassNotFoundException'{0x00000000a7544938}: ToggleButton> (0x00000000a7544938) 
thrown [t:\workspace\open\src\hotspot\share\classfile\systemDictionary.cpp, line 256]
Event: 0.459 Thread 0x000002341a927aa0 Exception <a 'java/lang/ClassNotFoundException'{0x00000000a7544d78}: javax/swing/JToolBarSeparator> (0x00000000a7544d78) 
thrown [t:\workspace\open\src\hotspot\share\classfile\systemDictionary.cpp, line 256]
Event: 0.459 Thread 0x000002341a927aa0 Exception <a 'java/lang/ClassNotFoundException'{0x00000000a7545080}: ToolBarSeparator> (0x00000000a7545080) 
thrown [t:\workspace\open\src\hotspot\share\classfile\systemDictionary.cpp, line 256]
Event: 0.460 Thread 0x000002341a927aa0 Exception <a 'java/lang/ClassNotFoundException'{0x00000000a7545598}: ToolTip> (0x00000000a7545598) 
thrown [t:\workspace\open\src\hotspot\share\classfile\systemDictionary.cpp, line 256]
Event: 0.462 Thread 0x000002341a927aa0 Exception <a 'java/lang/ClassNotFoundException'{0x00000000a7545ee8}: Tree> (0x00000000a7545ee8) 
thrown [t:\workspace\open\src\hotspot\share\classfile\systemDictionary.cpp, line 256]
Event: 0.462 Thread 0x000002341a927aa0 Exception <a 'java/lang/ClassNotFoundException'{0x00000000a75463e0}: Tree> (0x00000000a75463e0) 
thrown [t:\workspace\open\src\hotspot\share\classfile\systemDictionary.cpp, line 256]
Event: 0.462 Thread 0x000002341a927aa0 Exception <a 'java/lang/ClassNotFoundException'{0x00000000a7546750}: javax/swing/JTreeCell> (0x00000000a7546750) 
thrown [t:\workspace\open\src\hotspot\share\classfile\systemDictionary.cpp, line 256]
Event: 0.462 Thread 0x000002341a927aa0 Exception <a 'java/lang/ClassNotFoundException'{0x00000000a7546a50}: TreeCell> (0x00000000a7546a50) 
thrown [t:\workspace\open\src\hotspot\share\classfile\systemDictionary.cpp, line 256]
Event: 0.463 Thread 0x000002341a927aa0 Exception <a 'java/lang/ClassNotFoundException'{0x00000000a7547210}: RootPane> (0x00000000a7547210) 
thrown [t:\workspace\open\src\hotspot\share\classfile\systemDictionary.cpp, line 256]
Event: 0.466 Thread 0x000002341a927aa0 Exception <a 'java/lang/ClassNotFoundException'{0x00000000a754a060}: com/sun/swing/internal/plaf/metal/resources/spi/metalProvider> (0x00000000a754a060) 
thrown [t:\workspace\open\src\hotspot\share\classfile\systemDictionary.cpp, line 256]
Event: 0.468 Thread 0x000002341a927aa0 Exception <a 'java/lang/ClassNotFoundException'{0x00000000a754de20}: com/sun/swing/internal/plaf/basic/resources/spi/basicProvider> (0x00000000a754de20) 
thrown [t:\workspace\open\src\hotspot\share\classfile\systemDictionary.cpp, line 256]
Event: 0.514 Thread 0x0000023437b78250 Exception <a 'java/lang/ClassNotFoundException'{0x00000000a75df3f8}: com/sun/swing/internal/plaf/synth/resources/spi/synthProvider> (0x00000000a75df3f8) 
thrown [t:\workspace\open\src\hotspot\share\classfile\systemDictionary.cpp, line 256]

Events (20 events):
Event: 0.548 loading class java/awt/event/KeyEvent$1 done
Event: 0.548 loading class jdk/internal/reflect/UnsafeQualifiedStaticIntegerFieldAccessorImpl
Event: 0.548 loading class jdk/internal/reflect/UnsafeQualifiedStaticFieldAccessorImpl
Event: 0.548 loading class jdk/internal/reflect/UnsafeQualifiedStaticFieldAccessorImpl done
Event: 0.548 loading class jdk/internal/reflect/UnsafeQualifiedStaticIntegerFieldAccessorImpl done
Event: 0.549 loading class javax/swing/plaf/basic/LazyActionMap
Event: 0.549 loading class javax/swing/plaf/ActionMapUIResource
Event: 0.549 loading class javax/swing/ActionMap
Event: 0.549 loading class javax/swing/ActionMap done
Event: 0.549 loading class javax/swing/plaf/ActionMapUIResource done
Event: 0.549 loading class javax/swing/plaf/basic/LazyActionMap done
Event: 0.556 loading class java/lang/InterruptedException
Event: 0.556 loading class java/lang/InterruptedException done
Event: 0.558 loading class java/lang/SecurityException
Event: 0.558 loading class java/lang/SecurityException done
Event: 0.562 loading class java/io/Reader
Event: 0.562 loading class java/io/Reader done
Event: 0.562 loading class java/io/InputStreamReader
Event: 0.562 loading class java/io/InputStreamReader done
Event: 0.565 Loaded shared library C:\Users\Mendis\.jssc\windows\jSSC-2.8_x86_64.dll


Dynamic libraries:
0x00007ff657040000 - 0x00007ff657050000 	C:\Program Files\Java\jdk-16.0.1\bin\java.exe
0x00007ffce34e0000 - 0x00007ffce36c0000 	C:\WINDOWS\SYSTEM32\ntdll.dll
0x00007ffce1710000 - 0x00007ffce17be000 	C:\WINDOWS\System32\KERNEL32.DLL
0x00007ffce00d0000 - 0x00007ffce0336000 	C:\WINDOWS\System32\KERNELBASE.dll
0x00007ffce0340000 - 0x00007ffce0436000 	C:\WINDOWS\System32\ucrtbase.dll
0x00007ffccaa90000 - 0x00007ffccaaa9000 	C:\Program Files\Java\jdk-16.0.1\bin\VCRUNTIME140.dll
0x00007ffcc2220000 - 0x00007ffcc2238000 	C:\Program Files\Java\jdk-16.0.1\bin\jli.dll
0x00007ffce1660000 - 0x00007ffce1701000 	C:\WINDOWS\System32\ADVAPI32.dll
0x00007ffce12c0000 - 0x00007ffce135d000 	C:\WINDOWS\System32\msvcrt.dll
0x00007ffce1200000 - 0x00007ffce125b000 	C:\WINDOWS\System32\sechost.dll
0x00007ffce1820000 - 0x00007ffce193f000 	C:\WINDOWS\System32\RPCRT4.dll
0x00007ffce1940000 - 0x00007ffce1ace000 	C:\WINDOWS\System32\USER32.dll
0x00007ffce06f0000 - 0x00007ffce0710000 	C:\WINDOWS\System32\win32u.dll
0x00007ffce0b80000 - 0x00007ffce0ba8000 	C:\WINDOWS\System32\GDI32.dll
0x00007ffce0760000 - 0x00007ffce08f1000 	C:\WINDOWS\System32\gdi32full.dll
0x00007ffcdf8e0000 - 0x00007ffcdf97b000 	C:\WINDOWS\System32\msvcp_win.dll
0x00007ffcd3ee0000 - 0x00007ffcd4149000 	C:\WINDOWS\WinSxS\amd64_microsoft.windows.common-controls_6595b64144ccf1df_6.0.16299.15_none_cc92fb402215d91d\COMCTL32.dll
0x00007ffce0cf0000 - 0x00007ffce0ff8000 	C:\WINDOWS\System32\combase.dll
0x00007ffce0670000 - 0x00007ffce06e2000 	C:\WINDOWS\System32\bcryptPrimitives.dll
0x00007ffcd3ea0000 - 0x00007ffcd3eaa000 	C:\WINDOWS\SYSTEM32\VERSION.dll
0x00007ffce0b50000 - 0x00007ffce0b7d000 	C:\WINDOWS\System32\IMM32.DLL
0x00007ffcdc850000 - 0x00007ffcdc85c000 	C:\Program Files\Java\jdk-16.0.1\bin\vcruntime140_1.dll
0x00007ffcbfed0000 - 0x00007ffcbff61000 	C:\Program Files\Java\jdk-16.0.1\bin\msvcp140.dll
0x00007ffcadda0000 - 0x00007ffcae94b000 	C:\Program Files\Java\jdk-16.0.1\bin\server\jvm.dll
0x00007ffce1020000 - 0x00007ffce1028000 	C:\WINDOWS\System32\PSAPI.DLL
0x00007ffcd6b60000 - 0x00007ffcd6b69000 	C:\WINDOWS\SYSTEM32\WSOCK32.dll
0x00007ffce0c80000 - 0x00007ffce0cec000 	C:\WINDOWS\System32\WS2_32.dll
0x00007ffcdd7f0000 - 0x00007ffcdd813000 	C:\WINDOWS\SYSTEM32\WINMM.dll
0x00007ffcdd670000 - 0x00007ffcdd69a000 	C:\WINDOWS\SYSTEM32\WINMMBASE.dll
0x00007ffce0710000 - 0x00007ffce075a000 	C:\WINDOWS\System32\cfgmgr32.dll
0x00007ffcdf8c0000 - 0x00007ffcdf8d1000 	C:\WINDOWS\System32\kernel.appcore.dll
0x00007ffcd6af0000 - 0x00007ffcd6afa000 	C:\Program Files\Java\jdk-16.0.1\bin\jimage.dll
0x00007ffccdc40000 - 0x00007ffccde08000 	C:\WINDOWS\SYSTEM32\DBGHELP.DLL
0x00007ffccdb70000 - 0x00007ffccdb99000 	C:\WINDOWS\SYSTEM32\dbgcore.DLL
0x00007ffcc5b20000 - 0x00007ffcc5b45000 	C:\Program Files\Java\jdk-16.0.1\bin\java.dll
0x00007ffce1ad0000 - 0x00007ffce2f07000 	C:\WINDOWS\System32\SHELL32.dll
0x00007ffce1400000 - 0x00007ffce14a6000 	C:\WINDOWS\System32\shcore.dll
0x00007ffcdf980000 - 0x00007ffce00c7000 	C:\WINDOWS\System32\windows.storage.dll
0x00007ffce17c0000 - 0x00007ffce1811000 	C:\WINDOWS\System32\shlwapi.dll
0x00007ffcdf870000 - 0x00007ffcdf8bc000 	C:\WINDOWS\System32\powrprof.dll
0x00007ffcdf830000 - 0x00007ffcdf84b000 	C:\WINDOWS\System32\profapi.dll
0x00007ffcc2c90000 - 0x00007ffcc2ca9000 	C:\Program Files\Java\jdk-16.0.1\bin\net.dll
0x00007ffcda480000 - 0x00007ffcda55e000 	C:\WINDOWS\SYSTEM32\WINHTTP.dll
0x00007ffcdf060000 - 0x00007ffcdf0c6000 	C:\WINDOWS\system32\mswsock.dll
0x00007ffcc2c70000 - 0x00007ffcc2c83000 	C:\Program Files\Java\jdk-16.0.1\bin\nio.dll
0x00007ffcc2c50000 - 0x00007ffcc2c68000 	C:\Program Files\Java\jdk-16.0.1\bin\zip.dll
0x00007ffcaff60000 - 0x00007ffcb00e0000 	C:\Program Files\Java\jdk-16.0.1\bin\awt.dll
0x00007ffce0bb0000 - 0x00007ffce0c75000 	C:\WINDOWS\System32\OLEAUT32.dll
0x00007ffcddcf0000 - 0x00007ffcddd77000 	C:\WINDOWS\SYSTEM32\apphelp.dll
0x00007ffcddf70000 - 0x00007ffcde005000 	C:\WINDOWS\system32\uxtheme.dll
0x00007ffce1090000 - 0x00007ffce11f7000 	C:\WINDOWS\System32\MSCTF.dll
0x00007ffcde0e0000 - 0x00007ffcde10a000 	C:\WINDOWS\system32\dwmapi.dll
0x00007ffce3360000 - 0x00007ffce34a9000 	C:\WINDOWS\System32\ole32.dll
0x00007ffcbfe40000 - 0x00007ffcbfec9000 	C:\Program Files\Java\jdk-16.0.1\bin\freetype.dll
0x00007ffcaf850000 - 0x00007ffcaf946000 	C:\Program Files\Java\jdk-16.0.1\bin\harfbuzz.dll
0x00007ffcc2820000 - 0x00007ffcc2832000 	C:\Program Files\Java\jdk-16.0.1\bin\fontmanager.dll
0x00007ffccce30000 - 0x00007ffcccf4e000 	C:\WINDOWS\system32\opengl32.dll
0x00007ffccdeb0000 - 0x00007ffccdedc000 	C:\WINDOWS\SYSTEM32\GLU32.dll
0x0000000071100000 - 0x0000000071125000 	C:\Users\Mendis\.jssc\windows\jSSC-2.8_x86_64.dll

dbghelp: loaded successfully - version: 4.0.5 - missing functions: none
symbol engine: initialized successfully - sym options: 0x614 - pdb path: .;C:\Program Files\Java\jdk-16.0.1\bin;C:\WINDOWS\SYSTEM32;C:\WINDOWS\WinSxS\amd64_microsoft.windows.common-controls_6595b64144ccf1df_6.0.16299.15_none_cc92fb402215d91d;C:\Program Files\Java\jdk-16.0.1\bin\server;C:\Users\Mendis\.jssc\windows

VM Arguments:
jvm_args: -Dfile.encoding=UTF-8 
java_command: Arduino.Led
java_class_path (initial): C:\Users\Mendis\Desktop\lib\PanamaHitek_Arduino-2.8.2.jar;C:\Users\Mendis\Desktop\lib\RXTXcomm.jar;C:\Users\Mendis\Desktop\lib\ojdbc14.jar;C:\Users\Mendis\Desktop\lib\ojdbc7.jar;C:\Users\Mendis\Desktop\Arduinoled\Arduino\build\classes
Launcher Type: SUN_STANDARD

[Global flags]
     intx CICompilerCount                          = 3                                         {product} {ergonomic}
     uint ConcGCThreads                            = 1                                         {product} {ergonomic}
     uint G1ConcRefinementThreads                  = 4                                         {product} {ergonomic}
   size_t G1HeapRegionSize                         = 1048576                                   {product} {ergonomic}
    uintx GCDrainStackTargetSize                   = 64                                        {product} {ergonomic}
   size_t InitialHeapSize                          = 100663296                                 {product} {ergonomic}
   size_t MarkStackSize                            = 4194304                                   {product} {ergonomic}
   size_t MaxHeapSize                              = 1583349760                                {product} {ergonomic}
   size_t MaxNewSize                               = 950009856                                 {product} {ergonomic}
   size_t MinHeapDeltaBytes                        = 1048576                                   {product} {ergonomic}
   size_t MinHeapSize                              = 8388608                                   {product} {ergonomic}
    uintx NonNMethodCodeHeapSize                   = 5832780                                {pd product} {ergonomic}
    uintx NonProfiledCodeHeapSize                  = 122912730                              {pd product} {ergonomic}
    uintx ProfiledCodeHeapSize                     = 122912730                              {pd product} {ergonomic}
    uintx ReservedCodeCacheSize                    = 251658240                              {pd product} {ergonomic}
     bool SegmentedCodeCache                       = true                                      {product} {ergonomic}
   size_t SoftMaxHeapSize                          = 1583349760                             {manageable} {ergonomic}
     bool UseCompressedClassPointers               = true                           {product lp64_product} {ergonomic}
     bool UseCompressedOops                        = true                           {product lp64_product} {ergonomic}
     bool UseG1GC                                  = true                                      {product} {ergonomic}
     bool UseLargePagesIndividualAllocation        = false                                  {pd product} {ergonomic}

Logging:
Log output configuration:
 #0: stdout all=warning uptime,level,tags
 #1: stderr all=off uptime,level,tags

Environment Variables:
JAVA_HOME=C:\Users\Mendis\Downloads\jdk-16.0.1
PATH=C:\Program Files\Common Files\Oracle\Java\javapath;C:\Python39\Scripts\;C:\Python39\;C:\WINDOWS\system32;C:\WINDOWS;C:\WINDOWS\System32\Wbem;C:\WINDOWS\System32\WindowsPowerShell\v1.0\;C:\Program Files\Git\cmd;C:\ProgramData\chocolatey\bin;C:\Program Files\nodejs\;C:\Program Files (x86)\Wolfram Research\WolframScript\;C:\Program Files\Java\jdk-16.0.1\bin;C:\Users\Mendis\AppData\Local\Microsoft\WindowsApps;;C:\Users\Mendis\AppData\Local\Programs\Microsoft VS Code\bin;C:\Users\Mendis\AppData\Roaming\npm
USERNAME=Mendis
OS=Windows_NT
PROCESSOR_IDENTIFIER=Intel64 Family 6 Model 58 Stepping 9, GenuineIntel



---------------  S Y S T E M  ---------------

OS:
 Windows 10 , 64 bit Build 16299 (10.0.16299.15)
OS uptime: 0 days 3:29 hours

CPU: total 4 (initial active 4) (2 cores per cpu, 2 threads per core) family 6 model 58 stepping 9 microcode 0x1f, cx8, cmov, fxsr, ht, mmx, sse, sse2, sse3, ssse3, sse4.1, sse4.2, popcnt, tsc, tscinvbit, avx, erms, clmul, vzeroupper, clflush

Memory: 4k page, system-wide physical 6036M (2336M free)
TotalPageFile size 6996M (AvailPageFile size 2868M)
current process WorkingSet (physical memory assigned to process): 53M, peak: 53M
current process commit charge ("private bytes"): 181M, peak: 181M

vm_info: Java HotSpot(TM) 64-Bit Server VM (16.0.1+9-24) for windows-amd64 JRE (16.0.1+9-24), built on Mar 26 2021 19:31:42 by "mach5one" with MS VC++ 16.7 (VS2019)

END.
