#
# A fatal error has been detected by the Java Runtime Environment:
#
#  EXCEPTION_ACCESS_VIOLATION (0xc0000005) at pc=0x000000007110b5db, pid=1140, tid=8000
#
# JRE version: Java(TM) SE Runtime Environment (16.0.1+9) (build 16.0.1+9-24)
# Java VM: Java HotSpot(TM) 64-Bit Server VM (16.0.1+9-24, mixed mode, sharing, tiered, compressed oops, compressed class ptrs, g1 gc, windows-amd64)
# Problematic frame:
# C  [jSSC-2.8_x86_64.dll+0xb5db]
#
# No core dump will be written. Minidumps are not enabled by default on client versions of Windows
#
# If you would like to submit a bug report, please visit:
#   https://bugreport.java.com/bugreport/crash.jsp
# The crash happened outside the Java Virtual Machine in native code.
# See problematic frame for where to report the bug.
#

---------------  S U M M A R Y ------------

Command Line: -Dfile.encoding=UTF-8 Arduino.Led

Host: Intel(R) Core(TM) i3-3217U CPU @ 1.80GHz, 4 cores, 5G,  Windows 10 , 64 bit Build 16299 (10.0.16299.15)
Time: Tue Jul 20 14:12:46 2021 Sri Lanka Standard Time elapsed time: 0.567851 seconds (0d 0h 0m 0s)

---------------  T H R E A D  ---------------

Current thread (0x0000028ac5fced00):  JavaThread "AWT-EventQueue-0" [_thread_in_native, id=8000, stack(0x000000bed1800000,0x000000bed1900000)]

Stack: [0x000000bed1800000,0x000000bed1900000],  sp=0x000000bed18feaa0,  free space=1018k
Native frames: (J=compiled Java code, j=interpreted, Vv=VM code, C=native code)
C  [jSSC-2.8_x86_64.dll+0xb5db]

Java frames: (J=compiled Java code, j=interpreted, Vv=VM code)
j  jssc.SerialNativeInterface.openPort(Ljava/lang/String;Z)J+0
j  jssc.SerialPort.openPort()Z+65
j  com.panamahitek.PanamaHitek_Arduino.arduinoTX(Ljava/lang/String;I)V+58
j  Arduino.Led.<init>()V+24
j  Arduino.Led$3.run()V+4
j  java.awt.event.InvocationEvent.dispatch()V+47 java.desktop@16.0.1
j  java.awt.EventQueue.dispatchEventImpl(Ljava/awt/AWTEvent;Ljava/lang/Object;)V+21 java.desktop@16.0.1
j  java.awt.EventQueue$4.run()Ljava/lang/Void;+32 java.desktop@16.0.1
j  java.awt.EventQueue$4.run()Ljava/lang/Object;+1 java.desktop@16.0.1
j  java.security.AccessController.executePrivileged(Ljava/security/PrivilegedAction;Ljava/security/AccessControlContext;Ljava/lang/Class;)Ljava/lang/Object;+29 java.base@16.0.1
j  java.security.AccessController.doPrivileged(Ljava/security/PrivilegedAction;Ljava/security/AccessControlContext;)Ljava/lang/Object;+13 java.base@16.0.1
j  java.security.ProtectionDomain$JavaSecurityAccessImpl.doIntersectionPrivilege(Ljava/security/PrivilegedAction;Ljava/security/AccessControlContext;Ljava/security/AccessControlContext;)Ljava/lang/Object;+18 java.base@16.0.1
j  java.awt.EventQueue.dispatchEvent(Ljava/awt/AWTEvent;)V+46 java.desktop@16.0.1
j  java.awt.EventDispatchThread.pumpOneEventForFilters(I)V+78 java.desktop@16.0.1
j  java.awt.EventDispatchThread.pumpEventsForFilter(ILjava/awt/Conditional;Ljava/awt/EventFilter;)V+35 java.desktop@16.0.1
j  java.awt.EventDispatchThread.pumpEventsForHierarchy(ILjava/awt/Conditional;Ljava/awt/Component;)V+11 java.desktop@16.0.1
j  java.awt.EventDispatchThread.pumpEvents(ILjava/awt/Conditional;)V+4 java.desktop@16.0.1
j  java.awt.EventDispatchThread.pumpEvents(Ljava/awt/Conditional;)V+3 java.desktop@16.0.1
j  java.awt.EventDispatchThread.run()V+9 java.desktop@16.0.1
v  ~StubRoutines::call_stub

siginfo: EXCEPTION_ACCESS_VIOLATION (0xc0000005), reading address 0xffffffffa6b8ba9a


Register to memory mapping:

RIP=0x000000007110b5db jSSC-2.8_x86_64.dll
RAX=0xffffffffa6b8ba9a is an unknown value
RBX=0x000000bed18feb10 is pointing into the stack for thread: 0x0000028ac5fced00
RCX=0x00007ffd788a0024 ntdll.dll
RDX=0x0 is NULL
RSP=0x000000bed18feaa0 is pointing into the stack for thread: 0x0000028ac5fced00
RBP=0x000000bed18fec20 is pointing into the stack for thread: 0x0000028ac5fced00
RSI=0x0000028ac5fcf010 points into unknown readable memory: 0x00007ffd4f9133d0 | d0 33 91 4f fd 7f 00 00
RDI=0x0000000000000494 is an unknown value
R8 =0x000000bed18fe998 is pointing into the stack for thread: 0x0000028ac5fced00
R9 =0x000000bed18fea90 is pointing into the stack for thread: 0x0000028ac5fced00
R10=0x0 is NULL
R11=0x0000000000000246 is an unknown value
R12=0x000000bed18fece0 is pointing into the stack for thread: 0x0000028ac5fced00
R13=0x0000028ac5f235e0 points into unknown readable memory: 0x6a003e00334d4f43 | 43 4f 4d 33 00 3e 00 6a
R14=0x000000bed18febd0 is pointing into the stack for thread: 0x0000028ac5fced00
R15=0x0000028ac5fced00 is a thread


Registers:
RAX=0xffffffffa6b8ba9a, RBX=0x000000bed18feb10, RCX=0x00007ffd788a0024, RDX=0x0000000000000000
RSP=0x000000bed18feaa0, RBP=0x000000bed18fec20, RSI=0x0000028ac5fcf010, RDI=0x0000000000000494
R8 =0x000000bed18fe998, R9 =0x000000bed18fea90, R10=0x0000000000000000, R11=0x0000000000000246
R12=0x000000bed18fece0, R13=0x0000028ac5f235e0, R14=0x000000bed18febd0, R15=0x0000028ac5fced00
RIP=0x000000007110b5db, EFLAGS=0x0000000000010202

Top of Stack: (sp=0x000000bed18feaa0)
0x000000bed18feaa0:   0000000000000000 00007ffd788267b6
0x000000bed18feab0:   000000007110b230 000000bed18febd0
0x000000bed18feac0:   000000bed18fece0 0000000000000004
0x000000bed18fead0:   0000028ac5fcf010 0000000000000494
0x000000bed18feae0:   000000bed18fec20 0000000071112590
0x000000bed18feaf0:   0000028ac5f23540 000000bed18fece0
0x000000bed18feb00:   00000000c0000000 0000000000000000
0x000000bed18feb10:   0000000000000494 00007ffd754f17b5
0x000000bed18feb20:   0000028ac5fced00 000000bed18febd0
0x000000bed18feb30:   000000bed18fece0 0000000000000494
0x000000bed18feb40:   0000000071113500 0000000071113be8
0x000000bed18feb50:   000000bed18feb80 0000000071112641
0x000000bed18feb60:   000000bed18feaf0 0000000040000000
0x000000bed18feb70:   0000000000000000 0000000000000000
0x000000bed18feb80:   000000bed18fec20 0000000071101595
0x000000bed18feb90:   000000000000001c 0000028a00000000 

Instructions: (pc=0x000000007110b5db)
0x000000007110b4db:   48 85 c0 74 bf 44 8b 03 45 85 c0 0f 84 77 ff ff
0x000000007110b4eb:   ff eb 9f 66 90 e8 8b fe ff ff 48 89 05 0c 34 01
0x000000007110b4fb:   00 eb ad 66 90 e8 7b fe ff ff 48 89 05 fc 33 01
0x000000007110b50b:   00 eb 8b e8 8d fe ff ff c7 03 01 00 00 00 e9 6f
0x000000007110b51b:   ff ff ff 66 90 55 48 89 e5 56 53 48 83 ec 20 48
0x000000007110b52b:   8b 05 d7 33 01 00 48 8b 31 48 89 cb 48 85 c0 74
0x000000007110b53b:   56 44 8b 18 45 85 db 78 42 48 8b 05 bd 33 01 00
0x000000007110b54b:   48 85 c0 74 50 44 8b 10 45 85 d2 74 1d 48 89 f1
0x000000007110b55b:   e8 d0 fd ff ff 48 8b 13 48 8d 42 40 48 8b 48 08
0x000000007110b56b:   48 8b 6a 40 48 8b 60 10 ff e1 48 8b 05 9c 33 01
0x000000007110b57b:   00 48 85 c0 74 2d 48 89 30 eb da e8 b5 fe ff ff
0x000000007110b58b:   0f 1f 44 00 00 eb b2 e8 e9 fd ff ff 48 89 05 6a
0x000000007110b59b:   33 01 00 eb 9c e8 db fd ff ff 48 89 05 5c 33 01
0x000000007110b5ab:   00 eb a2 e8 3d fd ff ff 48 89 05 5e 33 01 00 eb
0x000000007110b5bb:   c5 0f 1f 40 00 55 57 56 53 48 83 ec 28 48 8b 05
0x000000007110b5cb:   39 33 01 00 48 89 cb 48 85 c0 0f 84 c5 00 00 00
0x000000007110b5db:   8b 38 85 ff 0f 88 ab 00 00 00 48 8b 05 1c 33 01
0x000000007110b5eb:   00 48 85 c0 0f 84 bc 00 00 00 8b 30 85 f6 74 57
0x000000007110b5fb:   48 8b 05 0e 33 01 00 48 85 c0 0f 84 e5 00 00 00
0x000000007110b60b:   8b 28 48 8b 35 10 5e 01 00 ff d6 89 c7 89 e9 ff
0x000000007110b61b:   15 f4 5e 01 00 89 f9 48 89 c5 ff 15 b9 5e 01 00
0x000000007110b62b:   48 8b 05 de 32 01 00 48 89 2b 48 85 c0 74 46 48
0x000000007110b63b:   89 da 8b 08 ff 15 d7 5e 01 00 85 c0 74 27 48 83
0x000000007110b64b:   c4 28 5b 5e 5f 5d c3 48 8b 05 bf 32 01 00 48 85
0x000000007110b65b:   c0 74 64 48 8b 10 48 89 13 48 89 18 48 83 c4 28
0x000000007110b66b:   5b 5e 5f 5d c3 48 89 f2 48 83 c4 28 5b 5e 5f 5d
0x000000007110b67b:   48 ff e2 66 90 e8 8b fc ff ff 48 89 05 84 32 01
0x000000007110b68b:   00 eb ac 66 90 e8 ab fd ff ff e9 4b ff ff ff 66
0x000000007110b69b:   0f 1f 44 00 00 e8 db fc ff ff 48 89 05 5c 32 01
0x000000007110b6ab:   00 e9 2a ff ff ff e8 ca fc ff ff 48 89 05 4b 32
0x000000007110b6bb:   01 00 e9 33 ff ff ff e8 29 fc ff ff 48 89 05 4a
0x000000007110b6cb:   32 01 00 48 8b 10 48 85 c0 48 89 13 75 8b e8 12 


Stack slot to memory mapping:
stack at sp + 0 slots: 0x0 is NULL
stack at sp + 1 slots: 0x00007ffd788267b6 ntdll.dll
stack at sp + 2 slots: 0x000000007110b230 jSSC-2.8_x86_64.dll
stack at sp + 3 slots: 0x000000bed18febd0 is pointing into the stack for thread: 0x0000028ac5fced00
stack at sp + 4 slots: 0x000000bed18fece0 is pointing into the stack for thread: 0x0000028ac5fced00
stack at sp + 5 slots: 0x0000000000000004 is an unknown value
stack at sp + 6 slots: 0x0000028ac5fcf010 points into unknown readable memory: 0x00007ffd4f9133d0 | d0 33 91 4f fd 7f 00 00
stack at sp + 7 slots: 0x0000000000000494 is an unknown value


---------------  P R O C E S S  ---------------

Threads class SMR info:
_java_thread_list=0x0000028ac5f878a0, length=16, elements={
0x0000028aa8c2d9f0, 0x0000028ac4f66f50, 0x0000028ac4f75620, 0x0000028ac4f76f40,
0x0000028ac4f77d60, 0x0000028ac4f78b80, 0x0000028ac4f7f470, 0x0000028ac4f88610,
0x0000028ac4fbd450, 0x0000028ac5ca1f60, 0x0000028ac5cb5be0, 0x0000028ac5f08230,
0x0000028ac5f0c760, 0x0000028ac5f120a0, 0x0000028ac5fced00, 0x0000028aa8b59700
}

Java Threads: ( => current thread )
  0x0000028aa8c2d9f0 JavaThread "Reference Handler" daemon [_thread_blocked, id=8732, stack(0x000000bed0900000,0x000000bed0a00000)]
  0x0000028ac4f66f50 JavaThread "Finalizer" daemon [_thread_blocked, id=4952, stack(0x000000bed0a00000,0x000000bed0b00000)]
  0x0000028ac4f75620 JavaThread "Signal Dispatcher" daemon [_thread_blocked, id=6640, stack(0x000000bed0b00000,0x000000bed0c00000)]
  0x0000028ac4f76f40 JavaThread "Attach Listener" daemon [_thread_blocked, id=6644, stack(0x000000bed0c00000,0x000000bed0d00000)]
  0x0000028ac4f77d60 JavaThread "Service Thread" daemon [_thread_blocked, id=6648, stack(0x000000bed0d00000,0x000000bed0e00000)]
  0x0000028ac4f78b80 JavaThread "Monitor Deflation Thread" daemon [_thread_blocked, id=6584, stack(0x000000bed0e00000,0x000000bed0f00000)]
  0x0000028ac4f7f470 JavaThread "C2 CompilerThread0" daemon [_thread_blocked, id=8312, stack(0x000000bed0f00000,0x000000bed1000000)]
  0x0000028ac4f88610 JavaThread "C1 CompilerThread0" daemon [_thread_blocked, id=8288, stack(0x000000bed1000000,0x000000bed1100000)]
  0x0000028ac4fbd450 JavaThread "Sweeper thread" daemon [_thread_blocked, id=7864, stack(0x000000bed1100000,0x000000bed1200000)]
  0x0000028ac5ca1f60 JavaThread "Notification Thread" daemon [_thread_blocked, id=6764, stack(0x000000bed1200000,0x000000bed1300000)]
  0x0000028ac5cb5be0 JavaThread "Common-Cleaner" daemon [_thread_blocked, id=3012, stack(0x000000bed1400000,0x000000bed1500000)]
  0x0000028ac5f08230 JavaThread "Java2D Disposer" daemon [_thread_blocked, id=2180, stack(0x000000bed1500000,0x000000bed1600000)]
  0x0000028ac5f0c760 JavaThread "AWT-Shutdown" [_thread_blocked, id=8176, stack(0x000000bed1600000,0x000000bed1700000)]
  0x0000028ac5f120a0 JavaThread "AWT-Windows" daemon [_thread_in_native, id=3048, stack(0x000000bed1700000,0x000000bed1800000)]
=>0x0000028ac5fced00 JavaThread "AWT-EventQueue-0" [_thread_in_native, id=8000, stack(0x000000bed1800000,0x000000bed1900000)]
  0x0000028aa8b59700 JavaThread "DestroyJavaVM" [_thread_blocked, id=3080, stack(0x000000bed0200000,0x000000bed0300000)]

Other Threads:
  0x0000028aa8c2aa80 VMThread "VM Thread" [stack: 0x000000bed0800000,0x000000bed0900000] [id=7484]
  0x0000028ac5ca98b0 WatcherThread [stack: 0x000000bed1300000,0x000000bed1400000] [id=6760]
  0x0000028aa8b8f810 GCTaskThread "GC Thread#0" [stack: 0x000000bed0300000,0x000000bed0400000] [id=4884]
  0x0000028aa8b9d520 ConcurrentGCThread "G1 Main Marker" [stack: 0x000000bed0400000,0x000000bed0500000] [id=8456]
  0x0000028aa8b9ead0 ConcurrentGCThread "G1 Conc#0" [stack: 0x000000bed0500000,0x000000bed0600000] [id=8536]
  0x0000028aa8c013e0 ConcurrentGCThread "G1 Refine#0" [stack: 0x000000bed0600000,0x000000bed0700000] [id=6188]
  0x0000028aa8c01de0 ConcurrentGCThread "G1 Service" [stack: 0x000000bed0700000,0x000000bed0800000] [id=6192]

Threads with active compile tasks:

VM state: not at safepoint (normal execution)

VM Mutex/Monitor currently owned by a thread: None

Heap address: 0x00000000a1a00000, size: 1510 MB, Compressed Oops mode: 32-bit

CDS archive(s) mapped at: [0x0000000800000000-0x0000000800bb0000-0x0000000800bb0000), size 12255232, SharedBaseAddress: 0x0000000800000000, ArchiveRelocationMode: 0.
Compressed class space mapped at: 0x0000000800c00000-0x0000000840c00000, reserved size: 1073741824
Narrow klass base: 0x0000000800000000, Narrow klass shift: 3, Narrow klass range: 0x100000000

GC Precious Log:
 CPUs: 4 total, 4 available
 Memory: 6036M
 Large Page Support: Disabled
 NUMA Support: Disabled
 Compressed Oops: Enabled (32-bit)
 Heap Region Size: 1M
 Heap Min Capacity: 8M
 Heap Initial Capacity: 96M
 Heap Max Capacity: 1510M
 Pre-touch: Disabled
 Parallel Workers: 4
 Concurrent Workers: 1
 Concurrent Refinement Workers: 4
 Periodic GC: Disabled

Heap:
 garbage-first heap   total 98304K, used 5120K [0x00000000a1a00000, 0x0000000100000000)
  region size 1024K, 6 young (6144K), 0 survivors (0K)
 Metaspace       used 6305K, committed 6464K, reserved 1056768K
  class space    used 720K, committed 768K, reserved 1048576K

Heap Regions: E=young(eden), S=young(survivor), O=old, HS=humongous(starts), HC=humongous(continues), CS=collection set, F=free, OA=open archive, CA=closed archive, TAMS=top-at-mark-start (previous, next)
|   0|0x00000000a1a00000, 0x00000000a1a00000, 0x00000000a1b00000|  0%| F|  |TAMS 0x00000000a1a00000, 0x00000000a1a00000| Untracked 
|   1|0x00000000a1b00000, 0x00000000a1b00000, 0x00000000a1c00000|  0%| F|  |TAMS 0x00000000a1b00000, 0x00000000a1b00000| Untracked 
|   2|0x00000000a1c00000, 0x00000000a1c00000, 0x00000000a1d00000|  0%| F|  |TAMS 0x00000000a1c00000, 0x00000000a1c00000| Untracked 
|   3|0x00000000a1d00000, 0x00000000a1d00000, 0x00000000a1e00000|  0%| F|  |TAMS 0x00000000a1d00000, 0x00000000a1d00000| Untracked 
|   4|0x00000000a1e00000, 0x00000000a1e00000, 0x00000000a1f00000|  0%| F|  |TAMS 0x00000000a1e00000, 0x00000000a1e00000| Untracked 
|   5|0x00000000a1f00000, 0x00000000a1f00000, 0x00000000a2000000|  0%| F|  |TAMS 0x00000000a1f00000, 0x00000000a1f00000| Untracked 
|   6|0x00000000a2000000, 0x00000000a2000000, 0x00000000a2100000|  0%| F|  |TAMS 0x00000000a2000000, 0x00000000a2000000| Untracked 
|   7|0x00000000a2100000, 0x00000000a2100000, 0x00000000a2200000|  0%| F|  |TAMS 0x00000000a2100000, 0x00000000a2100000| Untracked 
|   8|0x00000000a2200000, 0x00000000a2200000, 0x00000000a2300000|  0%| F|  |TAMS 0x00000000a2200000, 0x00000000a2200000| Untracked 
|   9|0x00000000a2300000, 0x00000000a2300000, 0x00000000a2400000|  0%| F|  |TAMS 0x00000000a2300000, 0x00000000a2300000| Untracked 
|  10|0x00000000a2400000, 0x00000000a2400000, 0x00000000a2500000|  0%| F|  |TAMS 0x00000000a2400000, 0x00000000a2400000| Untracked 
|  11|0x00000000a2500000, 0x00000000a2500000, 0x00000000a2600000|  0%| F|  |TAMS 0x00000000a2500000, 0x00000000a2500000| Untracked 
|  12|0x00000000a2600000, 0x00000000a2600000, 0x00000000a2700000|  0%| F|  |TAMS 0x00000000a2600000, 0x00000000a2600000| Untracked 
|  13|0x00000000a2700000, 0x00000000a2700000, 0x00000000a2800000|  0%| F|  |TAMS 0x00000000a2700000, 0x00000000a2700000| Untracked 
|  14|0x00000000a2800000, 0x00000000a2800000, 0x00000000a2900000|  0%| F|  |TAMS 0x00000000a2800000, 0x00000000a2800000| Untracked 
|  15|0x00000000a2900000, 0x00000000a2900000, 0x00000000a2a00000|  0%| F|  |TAMS 0x00000000a2900000, 0x00000000a2900000| Untracked 
|  16|0x00000000a2a00000, 0x00000000a2a00000, 0x00000000a2b00000|  0%| F|  |TAMS 0x00000000a2a00000, 0x00000000a2a00000| Untracked 
|  17|0x00000000a2b00000, 0x00000000a2b00000, 0x00000000a2c00000|  0%| F|  |TAMS 0x00000000a2b00000, 0x00000000a2b00000| Untracked 
|  18|0x00000000a2c00000, 0x00000000a2c00000, 0x00000000a2d00000|  0%| F|  |TAMS 0x00000000a2c00000, 0x00000000a2c00000| Untracked 
|  19|0x00000000a2d00000, 0x00000000a2d00000, 0x00000000a2e00000|  0%| F|  |TAMS 0x00000000a2d00000, 0x00000000a2d00000| Untracked 
|  20|0x00000000a2e00000, 0x00000000a2e00000, 0x00000000a2f00000|  0%| F|  |TAMS 0x00000000a2e00000, 0x00000000a2e00000| Untracked 
|  21|0x00000000a2f00000, 0x00000000a2f00000, 0x00000000a3000000|  0%| F|  |TAMS 0x00000000a2f00000, 0x00000000a2f00000| Untracked 
|  22|0x00000000a3000000, 0x00000000a3000000, 0x00000000a3100000|  0%| F|  |TAMS 0x00000000a3000000, 0x00000000a3000000| Untracked 
|  23|0x00000000a3100000, 0x00000000a3100000, 0x00000000a3200000|  0%| F|  |TAMS 0x00000000a3100000, 0x00000000a3100000| Untracked 
|  24|0x00000000a3200000, 0x00000000a3200000, 0x00000000a3300000|  0%| F|  |TAMS 0x00000000a3200000, 0x00000000a3200000| Untracked 
|  25|0x00000000a3300000, 0x00000000a3300000, 0x00000000a3400000|  0%| F|  |TAMS 0x00000000a3300000, 0x00000000a3300000| Untracked 
|  26|0x00000000a3400000, 0x00000000a3400000, 0x00000000a3500000|  0%| F|  |TAMS 0x00000000a3400000, 0x00000000a3400000| Untracked 
|  27|0x00000000a3500000, 0x00000000a3500000, 0x00000000a3600000|  0%| F|  |TAMS 0x00000000a3500000, 0x00000000a3500000| Untracked 
|  28|0x00000000a3600000, 0x00000000a3600000, 0x00000000a3700000|  0%| F|  |TAMS 0x00000000a3600000, 0x00000000a3600000| Untracked 
|  29|0x00000000a3700000, 0x00000000a3700000, 0x00000000a3800000|  0%| F|  |TAMS 0x00000000a3700000, 0x00000000a3700000| Untracked 
|  30|0x00000000a3800000, 0x00000000a3800000, 0x00000000a3900000|  0%| F|  |TAMS 0x00000000a3800000, 0x00000000a3800000| Untracked 
|  31|0x00000000a3900000, 0x00000000a3900000, 0x00000000a3a00000|  0%| F|  |TAMS 0x00000000a3900000, 0x00000000a3900000| Untracked 
|  32|0x00000000a3a00000, 0x00000000a3a00000, 0x00000000a3b00000|  0%| F|  |TAMS 0x00000000a3a00000, 0x00000000a3a00000| Untracked 
|  33|0x00000000a3b00000, 0x00000000a3b00000, 0x00000000a3c00000|  0%| F|  |TAMS 0x00000000a3b00000, 0x00000000a3b00000| Untracked 
|  34|0x00000000a3c00000, 0x00000000a3c00000, 0x00000000a3d00000|  0%| F|  |TAMS 0x00000000a3c00000, 0x00000000a3c00000| Untracked 
|  35|0x00000000a3d00000, 0x00000000a3d00000, 0x00000000a3e00000|  0%| F|  |TAMS 0x00000000a3d00000, 0x00000000a3d00000| Untracked 
|  36|0x00000000a3e00000, 0x00000000a3e00000, 0x00000000a3f00000|  0%| F|  |TAMS 0x00000000a3e00000, 0x00000000a3e00000| Untracked 
|  37|0x00000000a3f00000, 0x00000000a3f00000, 0x00000000a4000000|  0%| F|  |TAMS 0x00000000a3f00000, 0x00000000a3f00000| Untracked 
|  38|0x00000000a4000000, 0x00000000a4000000, 0x00000000a4100000|  0%| F|  |TAMS 0x00000000a4000000, 0x00000000a4000000| Untracked 
|  39|0x00000000a4100000, 0x00000000a4100000, 0x00000000a4200000|  0%| F|  |TAMS 0x00000000a4100000, 0x00000000a4100000| Untracked 
|  40|0x00000000a4200000, 0x00000000a4200000, 0x00000000a4300000|  0%| F|  |TAMS 0x00000000a4200000, 0x00000000a4200000| Untracked 
|  41|0x00000000a4300000, 0x00000000a4300000, 0x00000000a4400000|  0%| F|  |TAMS 0x00000000a4300000, 0x00000000a4300000| Untracked 
|  42|0x00000000a4400000, 0x00000000a4400000, 0x00000000a4500000|  0%| F|  |TAMS 0x00000000a4400000, 0x00000000a4400000| Untracked 
|  43|0x00000000a4500000, 0x00000000a4500000, 0x00000000a4600000|  0%| F|  |TAMS 0x00000000a4500000, 0x00000000a4500000| Untracked 
|  44|0x00000000a4600000, 0x00000000a4600000, 0x00000000a4700000|  0%| F|  |TAMS 0x00000000a4600000, 0x00000000a4600000| Untracked 
|  45|0x00000000a4700000, 0x00000000a4700000, 0x00000000a4800000|  0%| F|  |TAMS 0x00000000a4700000, 0x00000000a4700000| Untracked 
|  46|0x00000000a4800000, 0x00000000a4800000, 0x00000000a4900000|  0%| F|  |TAMS 0x00000000a4800000, 0x00000000a4800000| Untracked 
|  47|0x00000000a4900000, 0x00000000a4900000, 0x00000000a4a00000|  0%| F|  |TAMS 0x00000000a4900000, 0x00000000a4900000| Untracked 
|  48|0x00000000a4a00000, 0x00000000a4a00000, 0x00000000a4b00000|  0%| F|  |TAMS 0x00000000a4a00000, 0x00000000a4a00000| Untracked 
|  49|0x00000000a4b00000, 0x00000000a4b00000, 0x00000000a4c00000|  0%| F|  |TAMS 0x00000000a4b00000, 0x00000000a4b00000| Untracked 
|  50|0x00000000a4c00000, 0x00000000a4c00000, 0x00000000a4d00000|  0%| F|  |TAMS 0x00000000a4c00000, 0x00000000a4c00000| Untracked 
|  51|0x00000000a4d00000, 0x00000000a4d00000, 0x00000000a4e00000|  0%| F|  |TAMS 0x00000000a4d00000, 0x00000000a4d00000| Untracked 
|  52|0x00000000a4e00000, 0x00000000a4e00000, 0x00000000a4f00000|  0%| F|  |TAMS 0x00000000a4e00000, 0x00000000a4e00000| Untracked 
|  53|0x00000000a4f00000, 0x00000000a4f00000, 0x00000000a5000000|  0%| F|  |TAMS 0x00000000a4f00000, 0x00000000a4f00000| Untracked 
|  54|0x00000000a5000000, 0x00000000a5000000, 0x00000000a5100000|  0%| F|  |TAMS 0x00000000a5000000, 0x00000000a5000000| Untracked 
|  55|0x00000000a5100000, 0x00000000a5100000, 0x00000000a5200000|  0%| F|  |TAMS 0x00000000a5100000, 0x00000000a5100000| Untracked 
|  56|0x00000000a5200000, 0x00000000a5200000, 0x00000000a5300000|  0%| F|  |TAMS 0x00000000a5200000, 0x00000000a5200000| Untracked 
|  57|0x00000000a5300000, 0x00000000a5300000, 0x00000000a5400000|  0%| F|  |TAMS 0x00000000a5300000, 0x00000000a5300000| Untracked 
|  58|0x00000000a5400000, 0x00000000a5400000, 0x00000000a5500000|  0%| F|  |TAMS 0x00000000a5400000, 0x00000000a5400000| Untracked 
|  59|0x00000000a5500000, 0x00000000a5500000, 0x00000000a5600000|  0%| F|  |TAMS 0x00000000a5500000, 0x00000000a5500000| Untracked 
|  60|0x00000000a5600000, 0x00000000a5600000, 0x00000000a5700000|  0%| F|  |TAMS 0x00000000a5600000, 0x00000000a5600000| Untracked 
|  61|0x00000000a5700000, 0x00000000a5700000, 0x00000000a5800000|  0%| F|  |TAMS 0x00000000a5700000, 0x00000000a5700000| Untracked 
|  62|0x00000000a5800000, 0x00000000a5800000, 0x00000000a5900000|  0%| F|  |TAMS 0x00000000a5800000, 0x00000000a5800000| Untracked 
|  63|0x00000000a5900000, 0x00000000a5900000, 0x00000000a5a00000|  0%| F|  |TAMS 0x00000000a5900000, 0x00000000a5900000| Untracked 
|  64|0x00000000a5a00000, 0x00000000a5a00000, 0x00000000a5b00000|  0%| F|  |TAMS 0x00000000a5a00000, 0x00000000a5a00000| Untracked 
|  65|0x00000000a5b00000, 0x00000000a5b00000, 0x00000000a5c00000|  0%| F|  |TAMS 0x00000000a5b00000, 0x00000000a5b00000| Untracked 
|  66|0x00000000a5c00000, 0x00000000a5c00000, 0x00000000a5d00000|  0%| F|  |TAMS 0x00000000a5c00000, 0x00000000a5c00000| Untracked 
|  67|0x00000000a5d00000, 0x00000000a5d00000, 0x00000000a5e00000|  0%| F|  |TAMS 0x00000000a5d00000, 0x00000000a5d00000| Untracked 
|  68|0x00000000a5e00000, 0x00000000a5e00000, 0x00000000a5f00000|  0%| F|  |TAMS 0x00000000a5e00000, 0x00000000a5e00000| Untracked 
|  69|0x00000000a5f00000, 0x00000000a5f00000, 0x00000000a6000000|  0%| F|  |TAMS 0x00000000a5f00000, 0x00000000a5f00000| Untracked 
|  70|0x00000000a6000000, 0x00000000a6000000, 0x00000000a6100000|  0%| F|  |TAMS 0x00000000a6000000, 0x00000000a6000000| Untracked 
|  71|0x00000000a6100000, 0x00000000a6100000, 0x00000000a6200000|  0%| F|  |TAMS 0x00000000a6100000, 0x00000000a6100000| Untracked 
|  72|0x00000000a6200000, 0x00000000a6200000, 0x00000000a6300000|  0%| F|  |TAMS 0x00000000a6200000, 0x00000000a6200000| Untracked 
|  73|0x00000000a6300000, 0x00000000a6300000, 0x00000000a6400000|  0%| F|  |TAMS 0x00000000a6300000, 0x00000000a6300000| Untracked 
|  74|0x00000000a6400000, 0x00000000a6400000, 0x00000000a6500000|  0%| F|  |TAMS 0x00000000a6400000, 0x00000000a6400000| Untracked 
|  75|0x00000000a6500000, 0x00000000a6500000, 0x00000000a6600000|  0%| F|  |TAMS 0x00000000a6500000, 0x00000000a6500000| Untracked 
|  76|0x00000000a6600000, 0x00000000a6600000, 0x00000000a6700000|  0%| F|  |TAMS 0x00000000a6600000, 0x00000000a6600000| Untracked 
|  77|0x00000000a6700000, 0x00000000a6700000, 0x00000000a6800000|  0%| F|  |TAMS 0x00000000a6700000, 0x00000000a6700000| Untracked 
|  78|0x00000000a6800000, 0x00000000a6800000, 0x00000000a6900000|  0%| F|  |TAMS 0x00000000a6800000, 0x00000000a6800000| Untracked 
|  79|0x00000000a6900000, 0x00000000a6900000, 0x00000000a6a00000|  0%| F|  |TAMS 0x00000000a6900000, 0x00000000a6900000| Untracked 
|  80|0x00000000a6a00000, 0x00000000a6a00000, 0x00000000a6b00000|  0%| F|  |TAMS 0x00000000a6a00000, 0x00000000a6a00000| Untracked 
|  81|0x00000000a6b00000, 0x00000000a6b00000, 0x00000000a6c00000|  0%| F|  |TAMS 0x00000000a6b00000, 0x00000000a6b00000| Untracked 
|  82|0x00000000a6c00000, 0x00000000a6c00000, 0x00000000a6d00000|  0%| F|  |TAMS 0x00000000a6c00000, 0x00000000a6c00000| Untracked 
|  83|0x00000000a6d00000, 0x00000000a6d00000, 0x00000000a6e00000|  0%| F|  |TAMS 0x00000000a6d00000, 0x00000000a6d00000| Untracked 
|  84|0x00000000a6e00000, 0x00000000a6e00000, 0x00000000a6f00000|  0%| F|  |TAMS 0x00000000a6e00000, 0x00000000a6e00000| Untracked 
|  85|0x00000000a6f00000, 0x00000000a6f00000, 0x00000000a7000000|  0%| F|  |TAMS 0x00000000a6f00000, 0x00000000a6f00000| Untracked 
|  86|0x00000000a7000000, 0x00000000a7000000, 0x00000000a7100000|  0%| F|  |TAMS 0x00000000a7000000, 0x00000000a7000000| Untracked 
|  87|0x00000000a7100000, 0x00000000a7100000, 0x00000000a7200000|  0%| F|  |TAMS 0x00000000a7100000, 0x00000000a7100000| Untracked 
|  88|0x00000000a7200000, 0x00000000a7200000, 0x00000000a7300000|  0%| F|  |TAMS 0x00000000a7200000, 0x00000000a7200000| Untracked 
|  89|0x00000000a7300000, 0x00000000a7300000, 0x00000000a7400000|  0%| F|  |TAMS 0x00000000a7300000, 0x00000000a7300000| Untracked 
|  90|0x00000000a7400000, 0x00000000a7443110, 0x00000000a7500000| 26%| E|  |TAMS 0x00000000a7400000, 0x00000000a7400000| Complete 
|  91|0x00000000a7500000, 0x00000000a7600000, 0x00000000a7600000|100%| E|CS|TAMS 0x00000000a7500000, 0x00000000a7500000| Complete 
|  92|0x00000000a7600000, 0x00000000a7700000, 0x00000000a7700000|100%| E|CS|TAMS 0x00000000a7600000, 0x00000000a7600000| Complete 
|  93|0x00000000a7700000, 0x00000000a7800000, 0x00000000a7800000|100%| E|CS|TAMS 0x00000000a7700000, 0x00000000a7700000| Complete 
|  94|0x00000000a7800000, 0x00000000a7900000, 0x00000000a7900000|100%| E|CS|TAMS 0x00000000a7800000, 0x00000000a7800000| Complete 
|  95|0x00000000a7900000, 0x00000000a7a00000, 0x00000000a7a00000|100%| E|CS|TAMS 0x00000000a7900000, 0x00000000a7900000| Complete 

Card table byte_map: [0x0000028abf5d0000,0x0000028abf8d0000] _byte_map_base: 0x0000028abf0c3000

Marking Bits (Prev, Next): (CMBitMap*) 0x0000028aa8b90e10, (CMBitMap*) 0x0000028aa8b90e50
 Prev Bits: [0x0000028abfbd0000, 0x0000028ac1368000)
 Next Bits: [0x0000028ac1370000, 0x0000028ac2b08000)

Polling page: 0x0000028aa68c0000

Metaspace:

Usage:
  Non-class:      5.45 MB used.
      Class:    720.13 KB used.
       Both:      6.16 MB used.

Virtual space:
  Non-class space:        8.00 MB reserved,       5.56 MB ( 70%) committed,  1 nodes.
      Class space:        1.00 GB reserved,     768.00 KB ( <1%) committed,  1 nodes.
              Both:        1.01 GB reserved,       6.31 MB ( <1%) committed. 

Chunk freelists:
   Non-Class:  2.34 MB
       Class:  3.25 MB
        Both:  5.59 MB

MaxMetaspaceSize: 17179869184.00 GB
CompressedClassSpaceSize: 1.00 GB
 - commit_granule_bytes: 65536.
 - commit_granule_words: 8192.
 - virtual_space_node_default_size: 1048576.
 - enlarge_chunks_in_place: 1.
 - new_chunks_are_fully_committed: 0.
 - uncommit_free_chunks: 1.
 - use_allocation_guard: 0.
 - handle_deallocations: 1.


Internal statistics:

num_allocs_failed_limit: 0.
num_arena_births: 90.
num_arena_deaths: 0.
num_vsnodes_births: 2.
num_vsnodes_deaths: 0.
num_space_committed: 101.
num_space_uncommitted: 0.
num_chunks_returned_to_freelist: 0.
num_chunks_taken_from_freelist: 113.
num_chunk_merges: 0.
num_chunk_splits: 71.
num_chunks_enlarged: 38.
num_purges: 0.

CodeHeap 'non-profiled nmethods': size=120000Kb used=149Kb max_used=149Kb free=119850Kb
 bounds [0x0000028ab7da0000, 0x0000028ab8010000, 0x0000028abf2d0000]
CodeHeap 'profiled nmethods': size=120000Kb used=892Kb max_used=892Kb free=119108Kb
 bounds [0x0000028ab0870000, 0x0000028ab0ae0000, 0x0000028ab7da0000]
CodeHeap 'non-nmethods': size=5760Kb used=1223Kb max_used=1239Kb free=4536Kb
 bounds [0x0000028ab02d0000, 0x0000028ab0540000, 0x0000028ab0870000]
 total_blobs=1099 nmethods=569 adapters=443
 compilation: enabled
              stopped_count=0, restarted_count=0
 full_count=0

Compilation events (20 events):
Event: 0.547 Thread 0x0000028ac4f88610  548       3       java.util.ResourceBundle::getObject (82 bytes)
Event: 0.548 Thread 0x0000028ac4f88610 nmethod 548 0x0000028ab094b310 code [0x0000028ab094b5c0, 0x0000028ab094c0f8]
Event: 0.548 Thread 0x0000028ac4f88610  549       3       java.util.ListResourceBundle::handleGetObject (34 bytes)
Event: 0.549 Thread 0x0000028ac4f88610 nmethod 549 0x0000028ab094c510 code [0x0000028ab094c6e0, 0x0000028ab094ca48]
Event: 0.549 Thread 0x0000028ac4f88610  563       1       java.lang.reflect.Field::getName (5 bytes)
Event: 0.549 Thread 0x0000028ac4f88610 nmethod 563 0x0000028ab7dc3b10 code [0x0000028ab7dc3ca0, 0x0000028ab7dc3d78]
Event: 0.549 Thread 0x0000028ac4f88610  562       1       java.beans.PropertyChangeEvent::getPropertyName (5 bytes)
Event: 0.549 Thread 0x0000028ac4f88610 nmethod 562 0x0000028ab7dc3e10 code [0x0000028ab7dc3fa0, 0x0000028ab7dc4078]
Event: 0.550 Thread 0x0000028ac4f88610  564   !   3       sun.awt.AppContext::get (123 bytes)
Event: 0.551 Thread 0x0000028ac4f88610 nmethod 564 0x0000028ab094cb90 code [0x0000028ab094cdc0, 0x0000028ab094d828]
Event: 0.553 Thread 0x0000028ac4f88610  565       3       java.nio.Buffer::position (52 bytes)
Event: 0.553 Thread 0x0000028ac4f88610 nmethod 565 0x0000028ab094db90 code [0x0000028ab094dd40, 0x0000028ab094dfc8]
Event: 0.555 Thread 0x0000028ac4f88610  566       3       java.util.ArrayList::get (15 bytes)
Event: 0.556 Thread 0x0000028ac4f88610 nmethod 566 0x0000028ab094e090 code [0x0000028ab094e260, 0x0000028ab094e608]
Event: 0.556 Thread 0x0000028ac4f88610  567       3       java.util.Objects::checkIndex (7 bytes)
Event: 0.556 Thread 0x0000028ac4f88610 nmethod 567 0x0000028ab094e790 code [0x0000028ab094e940, 0x0000028ab094eb48]
Event: 0.558 Thread 0x0000028ac4f88610  568       3       java.nio.ByteBuffer::position (8 bytes)
Event: 0.559 Thread 0x0000028ac4f88610 nmethod 568 0x0000028ab094ec90 code [0x0000028ab094ee40, 0x0000028ab094ef88]
Event: 0.561 Thread 0x0000028ac4f88610  569       1       sun.util.locale.BaseLocale::getLanguage (5 bytes)
Event: 0.562 Thread 0x0000028ac4f88610 nmethod 569 0x0000028ab7dc4110 code [0x0000028ab7dc42a0, 0x0000028ab7dc4378]

GC Heap History (0 events):
No events

Deoptimization events (0 events):
No events

Classes unloaded (0 events):
No events

Classes redefined (0 events):
No events

Internal exceptions (20 events):
Event: 0.478 Thread 0x0000028aa8b59700 Exception <a 'java/lang/ClassNotFoundException'{0x00000000a75418e0}: PasswordField> (0x00000000a75418e0) 
thrown [t:\workspace\open\src\hotspot\share\classfile\systemDictionary.cpp, line 256]
Event: 0.478 Thread 0x0000028aa8b59700 Exception <a 'java/lang/ClassNotFoundException'{0x00000000a7541e38}: TextArea> (0x00000000a7541e38) 
thrown [t:\workspace\open\src\hotspot\share\classfile\systemDictionary.cpp, line 256]
Event: 0.480 Thread 0x0000028aa8b59700 Exception <a 'java/lang/ClassNotFoundException'{0x00000000a7542778}: TextPane> (0x00000000a7542778) 
thrown [t:\workspace\open\src\hotspot\share\classfile\systemDictionary.cpp, line 256]
Event: 0.480 Thread 0x0000028aa8b59700 Exception <a 'java/lang/ClassNotFoundException'{0x00000000a7542be0}: EditorPane> (0x00000000a7542be0) 
thrown [t:\workspace\open\src\hotspot\share\classfile\systemDictionary.cpp, line 256]
Event: 0.480 Thread 0x0000028aa8b59700 Exception <a 'java/lang/ClassNotFoundException'{0x00000000a7543780}: ToolBar> (0x00000000a7543780) 
thrown [t:\workspace\open\src\hotspot\share\classfile\systemDictionary.cpp, line 256]
Event: 0.480 Thread 0x0000028aa8b59700 Exception <a 'java/lang/ClassNotFoundException'{0x00000000a7543c78}: ToolBar> (0x00000000a7543c78) 
thrown [t:\workspace\open\src\hotspot\share\classfile\systemDictionary.cpp, line 256]
Event: 0.480 Thread 0x0000028aa8b59700 Exception <a 'java/lang/ClassNotFoundException'{0x00000000a7543fd8}: Button> (0x00000000a7543fd8) 
thrown [t:\workspace\open\src\hotspot\share\classfile\systemDictionary.cpp, line 256]
Event: 0.481 Thread 0x0000028aa8b59700 Exception <a 'java/lang/ClassNotFoundException'{0x00000000a75444a0}: ToolBar> (0x00000000a75444a0) 
thrown [t:\workspace\open\src\hotspot\share\classfile\systemDictionary.cpp, line 256]
Event: 0.481 Thread 0x0000028aa8b59700 Exception <a 'java/lang/ClassNotFoundException'{0x00000000a7544810}: ToggleButton> (0x00000000a7544810) 
thrown [t:\workspace\open\src\hotspot\share\classfile\systemDictionary.cpp, line 256]
Event: 0.481 Thread 0x0000028aa8b59700 Exception <a 'java/lang/ClassNotFoundException'{0x00000000a7544c50}: javax/swing/JToolBarSeparator> (0x00000000a7544c50) 
thrown [t:\workspace\open\src\hotspot\share\classfile\systemDictionary.cpp, line 256]
Event: 0.481 Thread 0x0000028aa8b59700 Exception <a 'java/lang/ClassNotFoundException'{0x00000000a7544f58}: ToolBarSeparator> (0x00000000a7544f58) 
thrown [t:\workspace\open\src\hotspot\share\classfile\systemDictionary.cpp, line 256]
Event: 0.481 Thread 0x0000028aa8b59700 Exception <a 'java/lang/ClassNotFoundException'{0x00000000a7545470}: ToolTip> (0x00000000a7545470) 
thrown [t:\workspace\open\src\hotspot\share\classfile\systemDictionary.cpp, line 256]
Event: 0.483 Thread 0x0000028aa8b59700 Exception <a 'java/lang/ClassNotFoundException'{0x00000000a7545dc0}: Tree> (0x00000000a7545dc0) 
thrown [t:\workspace\open\src\hotspot\share\classfile\systemDictionary.cpp, line 256]
Event: 0.483 Thread 0x0000028aa8b59700 Exception <a 'java/lang/ClassNotFoundException'{0x00000000a75462b8}: Tree> (0x00000000a75462b8) 
thrown [t:\workspace\open\src\hotspot\share\classfile\systemDictionary.cpp, line 256]
Event: 0.483 Thread 0x0000028aa8b59700 Exception <a 'java/lang/ClassNotFoundException'{0x00000000a7546628}: javax/swing/JTreeCell> (0x00000000a7546628) 
thrown [t:\workspace\open\src\hotspot\share\classfile\systemDictionary.cpp, line 256]
Event: 0.483 Thread 0x0000028aa8b59700 Exception <a 'java/lang/ClassNotFoundException'{0x00000000a7546928}: TreeCell> (0x00000000a7546928) 
thrown [t:\workspace\open\src\hotspot\share\classfile\systemDictionary.cpp, line 256]
Event: 0.484 Thread 0x0000028aa8b59700 Exception <a 'java/lang/ClassNotFoundException'{0x00000000a75470e8}: RootPane> (0x00000000a75470e8) 
thrown [t:\workspace\open\src\hotspot\share\classfile\systemDictionary.cpp, line 256]
Event: 0.486 Thread 0x0000028aa8b59700 Exception <a 'java/lang/ClassNotFoundException'{0x00000000a7549f38}: com/sun/swing/internal/plaf/metal/resources/spi/metalProvider> (0x00000000a7549f38) 
thrown [t:\workspace\open\src\hotspot\share\classfile\systemDictionary.cpp, line 256]
Event: 0.488 Thread 0x0000028aa8b59700 Exception <a 'java/lang/ClassNotFoundException'{0x00000000a754dcf8}: com/sun/swing/internal/plaf/basic/resources/spi/basicProvider> (0x00000000a754dcf8) 
thrown [t:\workspace\open\src\hotspot\share\classfile\systemDictionary.cpp, line 256]
Event: 0.521 Thread 0x0000028ac5fced00 Exception <a 'java/lang/ClassNotFoundException'{0x00000000a75dedd8}: com/sun/swing/internal/plaf/synth/resources/spi/synthProvider> (0x00000000a75dedd8) 
thrown [t:\workspace\open\src\hotspot\share\classfile\systemDictionary.cpp, line 256]

Events (20 events):
Event: 0.548 loading class java/awt/event/KeyEvent$1 done
Event: 0.548 loading class jdk/internal/reflect/UnsafeQualifiedStaticIntegerFieldAccessorImpl
Event: 0.548 loading class jdk/internal/reflect/UnsafeQualifiedStaticFieldAccessorImpl
Event: 0.548 loading class jdk/internal/reflect/UnsafeQualifiedStaticFieldAccessorImpl done
Event: 0.548 loading class jdk/internal/reflect/UnsafeQualifiedStaticIntegerFieldAccessorImpl done
Event: 0.549 loading class javax/swing/plaf/basic/LazyActionMap
Event: 0.549 loading class javax/swing/plaf/ActionMapUIResource
Event: 0.549 loading class javax/swing/ActionMap
Event: 0.549 loading class javax/swing/ActionMap done
Event: 0.549 loading class javax/swing/plaf/ActionMapUIResource done
Event: 0.549 loading class javax/swing/plaf/basic/LazyActionMap done
Event: 0.555 loading class java/lang/InterruptedException
Event: 0.555 loading class java/lang/InterruptedException done
Event: 0.556 loading class java/lang/SecurityException
Event: 0.556 loading class java/lang/SecurityException done
Event: 0.559 loading class java/io/Reader
Event: 0.559 loading class java/io/Reader done
Event: 0.559 loading class java/io/InputStreamReader
Event: 0.559 loading class java/io/InputStreamReader done
Event: 0.561 Loaded shared library C:\Users\Mendis\.jssc\windows\jSSC-2.8_x86_64.dll


Dynamic libraries:
0x00007ff717880000 - 0x00007ff717890000 	C:\Program Files\Java\jdk-16.0.1\bin\java.exe
0x00007ffd78800000 - 0x00007ffd789e0000 	C:\WINDOWS\SYSTEM32\ntdll.dll
0x00007ffd75e60000 - 0x00007ffd75f0e000 	C:\WINDOWS\System32\KERNEL32.DLL
0x00007ffd754b0000 - 0x00007ffd75716000 	C:\WINDOWS\System32\KERNELBASE.dll
0x00007ffd74c00000 - 0x00007ffd74cf6000 	C:\WINDOWS\System32\ucrtbase.dll
0x00007ffd68ac0000 - 0x00007ffd68ad9000 	C:\Program Files\Java\jdk-16.0.1\bin\VCRUNTIME140.dll
0x00007ffd68fa0000 - 0x00007ffd68fb8000 	C:\Program Files\Java\jdk-16.0.1\bin\jli.dll
0x00007ffd76040000 - 0x00007ffd760e1000 	C:\WINDOWS\System32\ADVAPI32.dll
0x00007ffd77b30000 - 0x00007ffd77bcd000 	C:\WINDOWS\System32\msvcrt.dll
0x00007ffd77750000 - 0x00007ffd777ab000 	C:\WINDOWS\System32\sechost.dll
0x00007ffd77df0000 - 0x00007ffd77f0f000 	C:\WINDOWS\System32\RPCRT4.dll
0x00007ffd75cd0000 - 0x00007ffd75e5e000 	C:\WINDOWS\System32\USER32.dll
0x00007ffd75cb0000 - 0x00007ffd75cd0000 	C:\WINDOWS\System32\win32u.dll
0x00007ffd782f0000 - 0x00007ffd78318000 	C:\WINDOWS\System32\GDI32.dll
0x00007ffd69200000 - 0x00007ffd69469000 	C:\WINDOWS\WinSxS\amd64_microsoft.windows.common-controls_6595b64144ccf1df_6.0.16299.15_none_cc92fb402215d91d\COMCTL32.dll
0x00007ffd759a0000 - 0x00007ffd75b31000 	C:\WINDOWS\System32\gdi32full.dll
0x00007ffd75c10000 - 0x00007ffd75cab000 	C:\WINDOWS\System32\msvcp_win.dll
0x00007ffd777b0000 - 0x00007ffd77ab8000 	C:\WINDOWS\System32\combase.dll
0x00007ffd75b90000 - 0x00007ffd75c02000 	C:\WINDOWS\System32\bcryptPrimitives.dll
0x00007ffd68f00000 - 0x00007ffd68f0a000 	C:\WINDOWS\SYSTEM32\VERSION.dll
0x00007ffd75f80000 - 0x00007ffd75fad000 	C:\WINDOWS\System32\IMM32.DLL
0x00007ffd67c90000 - 0x00007ffd67c9c000 	C:\Program Files\Java\jdk-16.0.1\bin\vcruntime140_1.dll
0x00007ffd4ebe0000 - 0x00007ffd4ec71000 	C:\Program Files\Java\jdk-16.0.1\bin\msvcp140.dll
0x00007ffd4eea0000 - 0x00007ffd4fa4b000 	C:\Program Files\Java\jdk-16.0.1\bin\server\jvm.dll
0x00007ffd75fb0000 - 0x00007ffd75fb8000 	C:\WINDOWS\System32\PSAPI.DLL
0x00007ffd68ae0000 - 0x00007ffd68ae9000 	C:\WINDOWS\SYSTEM32\WSOCK32.dll
0x00007ffd72b10000 - 0x00007ffd72b33000 	C:\WINDOWS\SYSTEM32\WINMM.dll
0x00007ffd77ac0000 - 0x00007ffd77b2c000 	C:\WINDOWS\System32\WS2_32.dll
0x00007ffd72990000 - 0x00007ffd729ba000 	C:\WINDOWS\SYSTEM32\winmmbase.dll
0x00007ffd75b40000 - 0x00007ffd75b8a000 	C:\WINDOWS\System32\cfgmgr32.dll
0x00007ffd74b70000 - 0x00007ffd74b81000 	C:\WINDOWS\System32\kernel.appcore.dll
0x00007ffd5e0a0000 - 0x00007ffd5e0aa000 	C:\Program Files\Java\jdk-16.0.1\bin\jimage.dll
0x00007ffd64710000 - 0x00007ffd648d8000 	C:\WINDOWS\SYSTEM32\DBGHELP.DLL
0x00007ffd64540000 - 0x00007ffd64569000 	C:\WINDOWS\SYSTEM32\dbgcore.DLL
0x00007ffd56020000 - 0x00007ffd56045000 	C:\Program Files\Java\jdk-16.0.1\bin\java.dll
0x00007ffd761c0000 - 0x00007ffd775f7000 	C:\WINDOWS\System32\SHELL32.dll
0x00007ffd78130000 - 0x00007ffd781d6000 	C:\WINDOWS\System32\shcore.dll
0x00007ffd74d00000 - 0x00007ffd75447000 	C:\WINDOWS\System32\windows.storage.dll
0x00007ffd78770000 - 0x00007ffd787c1000 	C:\WINDOWS\System32\shlwapi.dll
0x00007ffd74b90000 - 0x00007ffd74bdc000 	C:\WINDOWS\System32\powrprof.dll
0x00007ffd74be0000 - 0x00007ffd74bfb000 	C:\WINDOWS\System32\profapi.dll
0x00007ffd4ee40000 - 0x00007ffd4ee59000 	C:\Program Files\Java\jdk-16.0.1\bin\net.dll
0x00007ffd6f760000 - 0x00007ffd6f83e000 	C:\WINDOWS\SYSTEM32\WINHTTP.dll
0x00007ffd74380000 - 0x00007ffd743e6000 	C:\WINDOWS\system32\mswsock.dll
0x00007ffd4ee20000 - 0x00007ffd4ee33000 	C:\Program Files\Java\jdk-16.0.1\bin\nio.dll
0x00007ffd4ee00000 - 0x00007ffd4ee18000 	C:\Program Files\Java\jdk-16.0.1\bin\zip.dll
0x00007ffd4ec80000 - 0x00007ffd4ee00000 	C:\Program Files\Java\jdk-16.0.1\bin\awt.dll
0x00007ffd760f0000 - 0x00007ffd761b5000 	C:\WINDOWS\System32\OLEAUT32.dll
0x00007ffd73010000 - 0x00007ffd73097000 	C:\WINDOWS\SYSTEM32\apphelp.dll
0x00007ffd73310000 - 0x00007ffd733a5000 	C:\WINDOWS\system32\uxtheme.dll
0x00007ffd77bd0000 - 0x00007ffd77d37000 	C:\WINDOWS\System32\MSCTF.dll
0x00007ffd73400000 - 0x00007ffd7342a000 	C:\WINDOWS\system32\dwmapi.dll
0x00007ffd77600000 - 0x00007ffd77749000 	C:\WINDOWS\System32\ole32.dll
0x00007ffd4eb10000 - 0x00007ffd4eb99000 	C:\Program Files\Java\jdk-16.0.1\bin\freetype.dll
0x00007ffd4ea10000 - 0x00007ffd4eb06000 	C:\Program Files\Java\jdk-16.0.1\bin\harfbuzz.dll
0x00007ffd4e9f0000 - 0x00007ffd4ea02000 	C:\Program Files\Java\jdk-16.0.1\bin\fontmanager.dll
0x00007ffd61100000 - 0x00007ffd6121e000 	C:\WINDOWS\system32\opengl32.dll
0x00007ffd62450000 - 0x00007ffd6247c000 	C:\WINDOWS\SYSTEM32\GLU32.dll
0x0000000071100000 - 0x0000000071125000 	C:\Users\Mendis\.jssc\windows\jSSC-2.8_x86_64.dll

dbghelp: loaded successfully - version: 4.0.5 - missing functions: none
symbol engine: initialized successfully - sym options: 0x614 - pdb path: .;C:\Program Files\Java\jdk-16.0.1\bin;C:\WINDOWS\SYSTEM32;C:\WINDOWS\WinSxS\amd64_microsoft.windows.common-controls_6595b64144ccf1df_6.0.16299.15_none_cc92fb402215d91d;C:\Program Files\Java\jdk-16.0.1\bin\server;C:\Users\Mendis\.jssc\windows

VM Arguments:
jvm_args: -Dfile.encoding=UTF-8 
java_command: Arduino.Led
java_class_path (initial): C:\Users\Mendis\Desktop\lib\PanamaHitek_Arduino-2.8.2.jar;C:\Users\Mendis\Desktop\lib\RXTXcomm.jar;C:\Users\Mendis\Desktop\lib\ojdbc14.jar;C:\Users\Mendis\Desktop\lib\ojdbc7.jar;C:\Users\Mendis\Desktop\Arduinoled\Arduino\build\classes
Launcher Type: SUN_STANDARD

[Global flags]
     intx CICompilerCount                          = 3                                         {product} {ergonomic}
     uint ConcGCThreads                            = 1                                         {product} {ergonomic}
     uint G1ConcRefinementThreads                  = 4                                         {product} {ergonomic}
   size_t G1HeapRegionSize                         = 1048576                                   {product} {ergonomic}
    uintx GCDrainStackTargetSize                   = 64                                        {product} {ergonomic}
   size_t InitialHeapSize                          = 100663296                                 {product} {ergonomic}
   size_t MarkStackSize                            = 4194304                                   {product} {ergonomic}
   size_t MaxHeapSize                              = 1583349760                                {product} {ergonomic}
   size_t MaxNewSize                               = 950009856                                 {product} {ergonomic}
   size_t MinHeapDeltaBytes                        = 1048576                                   {product} {ergonomic}
   size_t MinHeapSize                              = 8388608                                   {product} {ergonomic}
    uintx NonNMethodCodeHeapSize                   = 5832780                                {pd product} {ergonomic}
    uintx NonProfiledCodeHeapSize                  = 122912730                              {pd product} {ergonomic}
    uintx ProfiledCodeHeapSize                     = 122912730                              {pd product} {ergonomic}
    uintx ReservedCodeCacheSize                    = 251658240                              {pd product} {ergonomic}
     bool SegmentedCodeCache                       = true                                      {product} {ergonomic}
   size_t SoftMaxHeapSize                          = 1583349760                             {manageable} {ergonomic}
     bool UseCompressedClassPointers               = true                           {product lp64_product} {ergonomic}
     bool UseCompressedOops                        = true                           {product lp64_product} {ergonomic}
     bool UseG1GC                                  = true                                      {product} {ergonomic}
     bool UseLargePagesIndividualAllocation        = false                                  {pd product} {ergonomic}

Logging:
Log output configuration:
 #0: stdout all=warning uptime,level,tags
 #1: stderr all=off uptime,level,tags

Environment Variables:
JAVA_HOME=C:\Users\Mendis\Downloads\jdk-16.0.1
PATH=C:\Program Files\Common Files\Oracle\Java\javapath;C:\Python39\Scripts\;C:\Python39\;C:\WINDOWS\system32;C:\WINDOWS;C:\WINDOWS\System32\Wbem;C:\WINDOWS\System32\WindowsPowerShell\v1.0\;C:\Program Files\Git\cmd;C:\ProgramData\chocolatey\bin;C:\Program Files\nodejs\;C:\Program Files (x86)\Wolfram Research\WolframScript\;C:\Program Files\Java\jdk-16.0.1\bin;C:\Users\Mendis\AppData\Local\Microsoft\WindowsApps;;C:\Users\Mendis\AppData\Local\Programs\Microsoft VS Code\bin;C:\Users\Mendis\AppData\Roaming\npm
USERNAME=Mendis
OS=Windows_NT
PROCESSOR_IDENTIFIER=Intel64 Family 6 Model 58 Stepping 9, GenuineIntel



---------------  S Y S T E M  ---------------

OS:
 Windows 10 , 64 bit Build 16299 (10.0.16299.15)
OS uptime: 0 days 0:04 hours

CPU: total 4 (initial active 4) (2 cores per cpu, 2 threads per core) family 6 model 58 stepping 9 microcode 0x1f, cx8, cmov, fxsr, ht, mmx, sse, sse2, sse3, ssse3, sse4.1, sse4.2, popcnt, tsc, tscinvbit, avx, erms, clmul, vzeroupper, clflush

Memory: 4k page, system-wide physical 6036M (3628M free)
TotalPageFile size 6996M (AvailPageFile size 4305M)
current process WorkingSet (physical memory assigned to process): 52M, peak: 52M
current process commit charge ("private bytes"): 182M, peak: 182M

vm_info: Java HotSpot(TM) 64-Bit Server VM (16.0.1+9-24) for windows-amd64 JRE (16.0.1+9-24), built on Mar 26 2021 19:31:42 by "mach5one" with MS VC++ 16.7 (VS2019)

END.
