#
# A fatal error has been detected by the Java Runtime Environment:
#
#  EXCEPTION_ACCESS_VIOLATION (0xc0000005) at pc=0x000000007110b5db, pid=7184, tid=1932
#
# JRE version: Java(TM) SE Runtime Environment (16.0.1+9) (build 16.0.1+9-24)
# Java VM: Java HotSpot(TM) 64-Bit Server VM (16.0.1+9-24, mixed mode, sharing, tiered, compressed oops, compressed class ptrs, g1 gc, windows-amd64)
# Problematic frame:
# C  [jSSC-2.8_x86_64.dll+0xb5db]
#
# No core dump will be written. Minidumps are not enabled by default on client versions of Windows
#
# If you would like to submit a bug report, please visit:
#   https://bugreport.java.com/bugreport/crash.jsp
# The crash happened outside the Java Virtual Machine in native code.
# See problematic frame for where to report the bug.
#

---------------  S U M M A R Y ------------

Command Line: -Dfile.encoding=UTF-8 Arduino.Led

Host: Intel(R) Core(TM) i3-3217U CPU @ 1.80GHz, 4 cores, 5G,  Windows 10 , 64 bit Build 16299 (10.0.16299.15)
Time: Tue Jul 20 14:25:26 2021 Sri Lanka Standard Time elapsed time: 0.523094 seconds (0d 0h 0m 0s)

---------------  T H R E A D  ---------------

Current thread (0x000002287b75b010):  JavaThread "AWT-EventQueue-0" [_thread_in_native, id=1932, stack(0x0000006cccb00000,0x0000006cccc00000)]

Stack: [0x0000006cccb00000,0x0000006cccc00000],  sp=0x0000006cccbfe580,  free space=1017k
Native frames: (J=compiled Java code, j=interpreted, Vv=VM code, C=native code)
C  [jSSC-2.8_x86_64.dll+0xb5db]

Java frames: (J=compiled Java code, j=interpreted, Vv=VM code)
j  jssc.SerialNativeInterface.openPort(Ljava/lang/String;Z)J+0
j  jssc.SerialPort.openPort()Z+65
j  com.panamahitek.PanamaHitek_Arduino.arduinoTX(Ljava/lang/String;I)V+58
j  Arduino.Led.<init>()V+24
j  Arduino.Led$3.run()V+4
j  java.awt.event.InvocationEvent.dispatch()V+47 java.desktop@16.0.1
j  java.awt.EventQueue.dispatchEventImpl(Ljava/awt/AWTEvent;Ljava/lang/Object;)V+21 java.desktop@16.0.1
j  java.awt.EventQueue$4.run()Ljava/lang/Void;+32 java.desktop@16.0.1
j  java.awt.EventQueue$4.run()Ljava/lang/Object;+1 java.desktop@16.0.1
j  java.security.AccessController.executePrivileged(Ljava/security/PrivilegedAction;Ljava/security/AccessControlContext;Ljava/lang/Class;)Ljava/lang/Object;+29 java.base@16.0.1
j  java.security.AccessController.doPrivileged(Ljava/security/PrivilegedAction;Ljava/security/AccessControlContext;)Ljava/lang/Object;+13 java.base@16.0.1
j  java.security.ProtectionDomain$JavaSecurityAccessImpl.doIntersectionPrivilege(Ljava/security/PrivilegedAction;Ljava/security/AccessControlContext;Ljava/security/AccessControlContext;)Ljava/lang/Object;+18 java.base@16.0.1
j  java.awt.EventQueue.dispatchEvent(Ljava/awt/AWTEvent;)V+46 java.desktop@16.0.1
j  java.awt.EventDispatchThread.pumpOneEventForFilters(I)V+78 java.desktop@16.0.1
j  java.awt.EventDispatchThread.pumpEventsForFilter(ILjava/awt/Conditional;Ljava/awt/EventFilter;)V+35 java.desktop@16.0.1
j  java.awt.EventDispatchThread.pumpEventsForHierarchy(ILjava/awt/Conditional;Ljava/awt/Component;)V+11 java.desktop@16.0.1
j  java.awt.EventDispatchThread.pumpEvents(ILjava/awt/Conditional;)V+4 java.desktop@16.0.1
j  java.awt.EventDispatchThread.pumpEvents(Ljava/awt/Conditional;)V+3 java.desktop@16.0.1
j  java.awt.EventDispatchThread.run()V+9 java.desktop@16.0.1
v  ~StubRoutines::call_stub

siginfo: EXCEPTION_ACCESS_VIOLATION (0xc0000005), reading address 0x000000006b69ba38


Register to memory mapping:

RIP=0x000000007110b5db jSSC-2.8_x86_64.dll
RAX=0x000000006b69ba38 is an unknown value
RBX=0x0000006cccbfe5f0 is pointing into the stack for thread: 0x000002287b75b010
RCX=0x00007ffd788a0024 ntdll.dll
RDX=0x0 is NULL
RSP=0x0000006cccbfe580 is pointing into the stack for thread: 0x000002287b75b010
RBP=0x0000006cccbfe700 is pointing into the stack for thread: 0x000002287b75b010
RSI=0x000002287b75b320 points into unknown readable memory: 0x00007ffd4f9133d0 | d0 33 91 4f fd 7f 00 00
RDI=0x0000000000000494 is an unknown value
R8 =0x0000006cccbfe478 is pointing into the stack for thread: 0x000002287b75b010
R9 =0x0000006cccbfe570 is pointing into the stack for thread: 0x000002287b75b010
R10=0x0 is NULL
R11=0x0000000000000246 is an unknown value
R12=0x0000006cccbfe7c0 is pointing into the stack for thread: 0x000002287b75b010
R13=0x000002287b702900 points into unknown readable memory: 0x126e6f00334d4f43 | 43 4f 4d 33 00 6f 6e 12
R14=0x0000006cccbfe6b0 is pointing into the stack for thread: 0x000002287b75b010
R15=0x000002287b75b010 is a thread


Registers:
RAX=0x000000006b69ba38, RBX=0x0000006cccbfe5f0, RCX=0x00007ffd788a0024, RDX=0x0000000000000000
RSP=0x0000006cccbfe580, RBP=0x0000006cccbfe700, RSI=0x000002287b75b320, RDI=0x0000000000000494
R8 =0x0000006cccbfe478, R9 =0x0000006cccbfe570, R10=0x0000000000000000, R11=0x0000000000000246
R12=0x0000006cccbfe7c0, R13=0x000002287b702900, R14=0x0000006cccbfe6b0, R15=0x000002287b75b010
RIP=0x000000007110b5db, EFLAGS=0x0000000000010202

Top of Stack: (sp=0x0000006cccbfe580)
0x0000006cccbfe580:   0000000000000000 00007ffd788267b6
0x0000006cccbfe590:   000000007110b230 0000006cccbfe6b0
0x0000006cccbfe5a0:   0000006cccbfe7c0 0000000000000004
0x0000006cccbfe5b0:   000002287b75b320 0000000000000494
0x0000006cccbfe5c0:   0000006cccbfe700 0000000071112590
0x0000006cccbfe5d0:   000002287b7025e0 0000006cccbfe7c0
0x0000006cccbfe5e0:   00000000c0000000 0000000000000000
0x0000006cccbfe5f0:   0000000000000494 00007ffd754f17b5
0x0000006cccbfe600:   000002287b75b010 0000006cccbfe6b0
0x0000006cccbfe610:   0000006cccbfe7c0 0000000000000494
0x0000006cccbfe620:   0000000071113500 0000000071113be8
0x0000006cccbfe630:   0000006cccbfe660 0000000071112641
0x0000006cccbfe640:   0000006cccbfe5d0 0000000040000000
0x0000006cccbfe650:   0000000000000000 0000000000000000
0x0000006cccbfe660:   0000006cccbfe700 0000000071101595
0x0000006cccbfe670:   000000000000001c 0000022800000000 

Instructions: (pc=0x000000007110b5db)
0x000000007110b4db:   48 85 c0 74 bf 44 8b 03 45 85 c0 0f 84 77 ff ff
0x000000007110b4eb:   ff eb 9f 66 90 e8 8b fe ff ff 48 89 05 0c 34 01
0x000000007110b4fb:   00 eb ad 66 90 e8 7b fe ff ff 48 89 05 fc 33 01
0x000000007110b50b:   00 eb 8b e8 8d fe ff ff c7 03 01 00 00 00 e9 6f
0x000000007110b51b:   ff ff ff 66 90 55 48 89 e5 56 53 48 83 ec 20 48
0x000000007110b52b:   8b 05 d7 33 01 00 48 8b 31 48 89 cb 48 85 c0 74
0x000000007110b53b:   56 44 8b 18 45 85 db 78 42 48 8b 05 bd 33 01 00
0x000000007110b54b:   48 85 c0 74 50 44 8b 10 45 85 d2 74 1d 48 89 f1
0x000000007110b55b:   e8 d0 fd ff ff 48 8b 13 48 8d 42 40 48 8b 48 08
0x000000007110b56b:   48 8b 6a 40 48 8b 60 10 ff e1 48 8b 05 9c 33 01
0x000000007110b57b:   00 48 85 c0 74 2d 48 89 30 eb da e8 b5 fe ff ff
0x000000007110b58b:   0f 1f 44 00 00 eb b2 e8 e9 fd ff ff 48 89 05 6a
0x000000007110b59b:   33 01 00 eb 9c e8 db fd ff ff 48 89 05 5c 33 01
0x000000007110b5ab:   00 eb a2 e8 3d fd ff ff 48 89 05 5e 33 01 00 eb
0x000000007110b5bb:   c5 0f 1f 40 00 55 57 56 53 48 83 ec 28 48 8b 05
0x000000007110b5cb:   39 33 01 00 48 89 cb 48 85 c0 0f 84 c5 00 00 00
0x000000007110b5db:   8b 38 85 ff 0f 88 ab 00 00 00 48 8b 05 1c 33 01
0x000000007110b5eb:   00 48 85 c0 0f 84 bc 00 00 00 8b 30 85 f6 74 57
0x000000007110b5fb:   48 8b 05 0e 33 01 00 48 85 c0 0f 84 e5 00 00 00
0x000000007110b60b:   8b 28 48 8b 35 10 5e 01 00 ff d6 89 c7 89 e9 ff
0x000000007110b61b:   15 f4 5e 01 00 89 f9 48 89 c5 ff 15 b9 5e 01 00
0x000000007110b62b:   48 8b 05 de 32 01 00 48 89 2b 48 85 c0 74 46 48
0x000000007110b63b:   89 da 8b 08 ff 15 d7 5e 01 00 85 c0 74 27 48 83
0x000000007110b64b:   c4 28 5b 5e 5f 5d c3 48 8b 05 bf 32 01 00 48 85
0x000000007110b65b:   c0 74 64 48 8b 10 48 89 13 48 89 18 48 83 c4 28
0x000000007110b66b:   5b 5e 5f 5d c3 48 89 f2 48 83 c4 28 5b 5e 5f 5d
0x000000007110b67b:   48 ff e2 66 90 e8 8b fc ff ff 48 89 05 84 32 01
0x000000007110b68b:   00 eb ac 66 90 e8 ab fd ff ff e9 4b ff ff ff 66
0x000000007110b69b:   0f 1f 44 00 00 e8 db fc ff ff 48 89 05 5c 32 01
0x000000007110b6ab:   00 e9 2a ff ff ff e8 ca fc ff ff 48 89 05 4b 32
0x000000007110b6bb:   01 00 e9 33 ff ff ff e8 29 fc ff ff 48 89 05 4a
0x000000007110b6cb:   32 01 00 48 8b 10 48 85 c0 48 89 13 75 8b e8 12 


Stack slot to memory mapping:
stack at sp + 0 slots: 0x0 is NULL
stack at sp + 1 slots: 0x00007ffd788267b6 ntdll.dll
stack at sp + 2 slots: 0x000000007110b230 jSSC-2.8_x86_64.dll
stack at sp + 3 slots: 0x0000006cccbfe6b0 is pointing into the stack for thread: 0x000002287b75b010
stack at sp + 4 slots: 0x0000006cccbfe7c0 is pointing into the stack for thread: 0x000002287b75b010
stack at sp + 5 slots: 0x0000000000000004 is an unknown value
stack at sp + 6 slots: 0x000002287b75b320 points into unknown readable memory: 0x00007ffd4f9133d0 | d0 33 91 4f fd 7f 00 00
stack at sp + 7 slots: 0x0000000000000494 is an unknown value


---------------  P R O C E S S  ---------------

Threads class SMR info:
_java_thread_list=0x000002287b6d6740, length=16, elements={
0x000002286b64e4f0, 0x000002287a8ec290, 0x000002287a8fa040, 0x000002287a8fba50,
0x000002287a8fc450, 0x000002287a8fee60, 0x000002287a900a60, 0x000002287a917240,
0x000002287a923eb0, 0x000002287b47e8d0, 0x000002287b48f2f0, 0x000002287b6dc710,
0x000002287b6e1c50, 0x000002287b6ea180, 0x000002287b75b010, 0x000002286b42e370
}

Java Threads: ( => current thread )
  0x000002286b64e4f0 JavaThread "Reference Handler" daemon [_thread_blocked, id=1408, stack(0x0000006ccbc00000,0x0000006ccbd00000)]
  0x000002287a8ec290 JavaThread "Finalizer" daemon [_thread_blocked, id=4788, stack(0x0000006ccbd00000,0x0000006ccbe00000)]
  0x000002287a8fa040 JavaThread "Signal Dispatcher" daemon [_thread_blocked, id=6956, stack(0x0000006ccbe00000,0x0000006ccbf00000)]
  0x000002287a8fba50 JavaThread "Attach Listener" daemon [_thread_blocked, id=2412, stack(0x0000006ccbf00000,0x0000006ccc000000)]
  0x000002287a8fc450 JavaThread "Service Thread" daemon [_thread_blocked, id=9060, stack(0x0000006ccc000000,0x0000006ccc100000)]
  0x000002287a8fee60 JavaThread "Monitor Deflation Thread" daemon [_thread_blocked, id=7428, stack(0x0000006ccc100000,0x0000006ccc200000)]
  0x000002287a900a60 JavaThread "C2 CompilerThread0" daemon [_thread_blocked, id=680, stack(0x0000006ccc200000,0x0000006ccc300000)]
  0x000002287a917240 JavaThread "C1 CompilerThread0" daemon [_thread_blocked, id=6240, stack(0x0000006ccc300000,0x0000006ccc400000)]
  0x000002287a923eb0 JavaThread "Sweeper thread" daemon [_thread_blocked, id=8868, stack(0x0000006ccc400000,0x0000006ccc500000)]
  0x000002287b47e8d0 JavaThread "Notification Thread" daemon [_thread_blocked, id=5736, stack(0x0000006ccc500000,0x0000006ccc600000)]
  0x000002287b48f2f0 JavaThread "Common-Cleaner" daemon [_thread_blocked, id=3300, stack(0x0000006ccc700000,0x0000006ccc800000)]
  0x000002287b6dc710 JavaThread "Java2D Disposer" daemon [_thread_blocked, id=8544, stack(0x0000006ccc800000,0x0000006ccc900000)]
  0x000002287b6e1c50 JavaThread "AWT-Shutdown" [_thread_blocked, id=2420, stack(0x0000006ccc900000,0x0000006ccca00000)]
  0x000002287b6ea180 JavaThread "AWT-Windows" daemon [_thread_in_native, id=9056, stack(0x0000006ccca00000,0x0000006cccb00000)]
=>0x000002287b75b010 JavaThread "AWT-EventQueue-0" [_thread_in_native, id=1932, stack(0x0000006cccb00000,0x0000006cccc00000)]
  0x000002286b42e370 JavaThread "DestroyJavaVM" [_thread_blocked, id=3048, stack(0x0000006ccb500000,0x0000006ccb600000)]

Other Threads:
  0x000002286b64bb70 VMThread "VM Thread" [stack: 0x0000006ccbb00000,0x0000006ccbc00000] [id=7224]
  0x000002287b484620 WatcherThread [stack: 0x0000006ccc600000,0x0000006ccc700000] [id=8292]
  0x000002286b5b2dd0 GCTaskThread "GC Thread#0" [stack: 0x0000006ccb600000,0x0000006ccb700000] [id=5024]
  0x000002286b5c09e0 ConcurrentGCThread "G1 Main Marker" [stack: 0x0000006ccb700000,0x0000006ccb800000] [id=5080]
  0x000002286b5c1f10 ConcurrentGCThread "G1 Conc#0" [stack: 0x0000006ccb800000,0x0000006ccb900000] [id=6300]
  0x000002286b625c00 ConcurrentGCThread "G1 Refine#0" [stack: 0x0000006ccb900000,0x0000006ccba00000] [id=4584]
  0x000002286b626580 ConcurrentGCThread "G1 Service" [stack: 0x0000006ccba00000,0x0000006ccbb00000] [id=1488]

Threads with active compile tasks:

VM state: not at safepoint (normal execution)

VM Mutex/Monitor currently owned by a thread: None

Heap address: 0x00000000a1a00000, size: 1510 MB, Compressed Oops mode: 32-bit

CDS archive(s) mapped at: [0x0000000800000000-0x0000000800bb0000-0x0000000800bb0000), size 12255232, SharedBaseAddress: 0x0000000800000000, ArchiveRelocationMode: 0.
Compressed class space mapped at: 0x0000000800c00000-0x0000000840c00000, reserved size: 1073741824
Narrow klass base: 0x0000000800000000, Narrow klass shift: 3, Narrow klass range: 0x100000000

GC Precious Log:
 CPUs: 4 total, 4 available
 Memory: 6036M
 Large Page Support: Disabled
 NUMA Support: Disabled
 Compressed Oops: Enabled (32-bit)
 Heap Region Size: 1M
 Heap Min Capacity: 8M
 Heap Initial Capacity: 96M
 Heap Max Capacity: 1510M
 Pre-touch: Disabled
 Parallel Workers: 4
 Concurrent Workers: 1
 Concurrent Refinement Workers: 4
 Periodic GC: Disabled

Heap:
 garbage-first heap   total 98304K, used 5120K [0x00000000a1a00000, 0x0000000100000000)
  region size 1024K, 6 young (6144K), 0 survivors (0K)
 Metaspace       used 6301K, committed 6464K, reserved 1056768K
  class space    used 720K, committed 768K, reserved 1048576K

Heap Regions: E=young(eden), S=young(survivor), O=old, HS=humongous(starts), HC=humongous(continues), CS=collection set, F=free, OA=open archive, CA=closed archive, TAMS=top-at-mark-start (previous, next)
|   0|0x00000000a1a00000, 0x00000000a1a00000, 0x00000000a1b00000|  0%| F|  |TAMS 0x00000000a1a00000, 0x00000000a1a00000| Untracked 
|   1|0x00000000a1b00000, 0x00000000a1b00000, 0x00000000a1c00000|  0%| F|  |TAMS 0x00000000a1b00000, 0x00000000a1b00000| Untracked 
|   2|0x00000000a1c00000, 0x00000000a1c00000, 0x00000000a1d00000|  0%| F|  |TAMS 0x00000000a1c00000, 0x00000000a1c00000| Untracked 
|   3|0x00000000a1d00000, 0x00000000a1d00000, 0x00000000a1e00000|  0%| F|  |TAMS 0x00000000a1d00000, 0x00000000a1d00000| Untracked 
|   4|0x00000000a1e00000, 0x00000000a1e00000, 0x00000000a1f00000|  0%| F|  |TAMS 0x00000000a1e00000, 0x00000000a1e00000| Untracked 
|   5|0x00000000a1f00000, 0x00000000a1f00000, 0x00000000a2000000|  0%| F|  |TAMS 0x00000000a1f00000, 0x00000000a1f00000| Untracked 
|   6|0x00000000a2000000, 0x00000000a2000000, 0x00000000a2100000|  0%| F|  |TAMS 0x00000000a2000000, 0x00000000a2000000| Untracked 
|   7|0x00000000a2100000, 0x00000000a2100000, 0x00000000a2200000|  0%| F|  |TAMS 0x00000000a2100000, 0x00000000a2100000| Untracked 
|   8|0x00000000a2200000, 0x00000000a2200000, 0x00000000a2300000|  0%| F|  |TAMS 0x00000000a2200000, 0x00000000a2200000| Untracked 
|   9|0x00000000a2300000, 0x00000000a2300000, 0x00000000a2400000|  0%| F|  |TAMS 0x00000000a2300000, 0x00000000a2300000| Untracked 
|  10|0x00000000a2400000, 0x00000000a2400000, 0x00000000a2500000|  0%| F|  |TAMS 0x00000000a2400000, 0x00000000a2400000| Untracked 
|  11|0x00000000a2500000, 0x00000000a2500000, 0x00000000a2600000|  0%| F|  |TAMS 0x00000000a2500000, 0x00000000a2500000| Untracked 
|  12|0x00000000a2600000, 0x00000000a2600000, 0x00000000a2700000|  0%| F|  |TAMS 0x00000000a2600000, 0x00000000a2600000| Untracked 
|  13|0x00000000a2700000, 0x00000000a2700000, 0x00000000a2800000|  0%| F|  |TAMS 0x00000000a2700000, 0x00000000a2700000| Untracked 
|  14|0x00000000a2800000, 0x00000000a2800000, 0x00000000a2900000|  0%| F|  |TAMS 0x00000000a2800000, 0x00000000a2800000| Untracked 
|  15|0x00000000a2900000, 0x00000000a2900000, 0x00000000a2a00000|  0%| F|  |TAMS 0x00000000a2900000, 0x00000000a2900000| Untracked 
|  16|0x00000000a2a00000, 0x00000000a2a00000, 0x00000000a2b00000|  0%| F|  |TAMS 0x00000000a2a00000, 0x00000000a2a00000| Untracked 
|  17|0x00000000a2b00000, 0x00000000a2b00000, 0x00000000a2c00000|  0%| F|  |TAMS 0x00000000a2b00000, 0x00000000a2b00000| Untracked 
|  18|0x00000000a2c00000, 0x00000000a2c00000, 0x00000000a2d00000|  0%| F|  |TAMS 0x00000000a2c00000, 0x00000000a2c00000| Untracked 
|  19|0x00000000a2d00000, 0x00000000a2d00000, 0x00000000a2e00000|  0%| F|  |TAMS 0x00000000a2d00000, 0x00000000a2d00000| Untracked 
|  20|0x00000000a2e00000, 0x00000000a2e00000, 0x00000000a2f00000|  0%| F|  |TAMS 0x00000000a2e00000, 0x00000000a2e00000| Untracked 
|  21|0x00000000a2f00000, 0x00000000a2f00000, 0x00000000a3000000|  0%| F|  |TAMS 0x00000000a2f00000, 0x00000000a2f00000| Untracked 
|  22|0x00000000a3000000, 0x00000000a3000000, 0x00000000a3100000|  0%| F|  |TAMS 0x00000000a3000000, 0x00000000a3000000| Untracked 
|  23|0x00000000a3100000, 0x00000000a3100000, 0x00000000a3200000|  0%| F|  |TAMS 0x00000000a3100000, 0x00000000a3100000| Untracked 
|  24|0x00000000a3200000, 0x00000000a3200000, 0x00000000a3300000|  0%| F|  |TAMS 0x00000000a3200000, 0x00000000a3200000| Untracked 
|  25|0x00000000a3300000, 0x00000000a3300000, 0x00000000a3400000|  0%| F|  |TAMS 0x00000000a3300000, 0x00000000a3300000| Untracked 
|  26|0x00000000a3400000, 0x00000000a3400000, 0x00000000a3500000|  0%| F|  |TAMS 0x00000000a3400000, 0x00000000a3400000| Untracked 
|  27|0x00000000a3500000, 0x00000000a3500000, 0x00000000a3600000|  0%| F|  |TAMS 0x00000000a3500000, 0x00000000a3500000| Untracked 
|  28|0x00000000a3600000, 0x00000000a3600000, 0x00000000a3700000|  0%| F|  |TAMS 0x00000000a3600000, 0x00000000a3600000| Untracked 
|  29|0x00000000a3700000, 0x00000000a3700000, 0x00000000a3800000|  0%| F|  |TAMS 0x00000000a3700000, 0x00000000a3700000| Untracked 
|  30|0x00000000a3800000, 0x00000000a3800000, 0x00000000a3900000|  0%| F|  |TAMS 0x00000000a3800000, 0x00000000a3800000| Untracked 
|  31|0x00000000a3900000, 0x00000000a3900000, 0x00000000a3a00000|  0%| F|  |TAMS 0x00000000a3900000, 0x00000000a3900000| Untracked 
|  32|0x00000000a3a00000, 0x00000000a3a00000, 0x00000000a3b00000|  0%| F|  |TAMS 0x00000000a3a00000, 0x00000000a3a00000| Untracked 
|  33|0x00000000a3b00000, 0x00000000a3b00000, 0x00000000a3c00000|  0%| F|  |TAMS 0x00000000a3b00000, 0x00000000a3b00000| Untracked 
|  34|0x00000000a3c00000, 0x00000000a3c00000, 0x00000000a3d00000|  0%| F|  |TAMS 0x00000000a3c00000, 0x00000000a3c00000| Untracked 
|  35|0x00000000a3d00000, 0x00000000a3d00000, 0x00000000a3e00000|  0%| F|  |TAMS 0x00000000a3d00000, 0x00000000a3d00000| Untracked 
|  36|0x00000000a3e00000, 0x00000000a3e00000, 0x00000000a3f00000|  0%| F|  |TAMS 0x00000000a3e00000, 0x00000000a3e00000| Untracked 
|  37|0x00000000a3f00000, 0x00000000a3f00000, 0x00000000a4000000|  0%| F|  |TAMS 0x00000000a3f00000, 0x00000000a3f00000| Untracked 
|  38|0x00000000a4000000, 0x00000000a4000000, 0x00000000a4100000|  0%| F|  |TAMS 0x00000000a4000000, 0x00000000a4000000| Untracked 
|  39|0x00000000a4100000, 0x00000000a4100000, 0x00000000a4200000|  0%| F|  |TAMS 0x00000000a4100000, 0x00000000a4100000| Untracked 
|  40|0x00000000a4200000, 0x00000000a4200000, 0x00000000a4300000|  0%| F|  |TAMS 0x00000000a4200000, 0x00000000a4200000| Untracked 
|  41|0x00000000a4300000, 0x00000000a4300000, 0x00000000a4400000|  0%| F|  |TAMS 0x00000000a4300000, 0x00000000a4300000| Untracked 
|  42|0x00000000a4400000, 0x00000000a4400000, 0x00000000a4500000|  0%| F|  |TAMS 0x00000000a4400000, 0x00000000a4400000| Untracked 
|  43|0x00000000a4500000, 0x00000000a4500000, 0x00000000a4600000|  0%| F|  |TAMS 0x00000000a4500000, 0x00000000a4500000| Untracked 
|  44|0x00000000a4600000, 0x00000000a4600000, 0x00000000a4700000|  0%| F|  |TAMS 0x00000000a4600000, 0x00000000a4600000| Untracked 
|  45|0x00000000a4700000, 0x00000000a4700000, 0x00000000a4800000|  0%| F|  |TAMS 0x00000000a4700000, 0x00000000a4700000| Untracked 
|  46|0x00000000a4800000, 0x00000000a4800000, 0x00000000a4900000|  0%| F|  |TAMS 0x00000000a4800000, 0x00000000a4800000| Untracked 
|  47|0x00000000a4900000, 0x00000000a4900000, 0x00000000a4a00000|  0%| F|  |TAMS 0x00000000a4900000, 0x00000000a4900000| Untracked 
|  48|0x00000000a4a00000, 0x00000000a4a00000, 0x00000000a4b00000|  0%| F|  |TAMS 0x00000000a4a00000, 0x00000000a4a00000| Untracked 
|  49|0x00000000a4b00000, 0x00000000a4b00000, 0x00000000a4c00000|  0%| F|  |TAMS 0x00000000a4b00000, 0x00000000a4b00000| Untracked 
|  50|0x00000000a4c00000, 0x00000000a4c00000, 0x00000000a4d00000|  0%| F|  |TAMS 0x00000000a4c00000, 0x00000000a4c00000| Untracked 
|  51|0x00000000a4d00000, 0x00000000a4d00000, 0x00000000a4e00000|  0%| F|  |TAMS 0x00000000a4d00000, 0x00000000a4d00000| Untracked 
|  52|0x00000000a4e00000, 0x00000000a4e00000, 0x00000000a4f00000|  0%| F|  |TAMS 0x00000000a4e00000, 0x00000000a4e00000| Untracked 
|  53|0x00000000a4f00000, 0x00000000a4f00000, 0x00000000a5000000|  0%| F|  |TAMS 0x00000000a4f00000, 0x00000000a4f00000| Untracked 
|  54|0x00000000a5000000, 0x00000000a5000000, 0x00000000a5100000|  0%| F|  |TAMS 0x00000000a5000000, 0x00000000a5000000| Untracked 
|  55|0x00000000a5100000, 0x00000000a5100000, 0x00000000a5200000|  0%| F|  |TAMS 0x00000000a5100000, 0x00000000a5100000| Untracked 
|  56|0x00000000a5200000, 0x00000000a5200000, 0x00000000a5300000|  0%| F|  |TAMS 0x00000000a5200000, 0x00000000a5200000| Untracked 
|  57|0x00000000a5300000, 0x00000000a5300000, 0x00000000a5400000|  0%| F|  |TAMS 0x00000000a5300000, 0x00000000a5300000| Untracked 
|  58|0x00000000a5400000, 0x00000000a5400000, 0x00000000a5500000|  0%| F|  |TAMS 0x00000000a5400000, 0x00000000a5400000| Untracked 
|  59|0x00000000a5500000, 0x00000000a5500000, 0x00000000a5600000|  0%| F|  |TAMS 0x00000000a5500000, 0x00000000a5500000| Untracked 
|  60|0x00000000a5600000, 0x00000000a5600000, 0x00000000a5700000|  0%| F|  |TAMS 0x00000000a5600000, 0x00000000a5600000| Untracked 
|  61|0x00000000a5700000, 0x00000000a5700000, 0x00000000a5800000|  0%| F|  |TAMS 0x00000000a5700000, 0x00000000a5700000| Untracked 
|  62|0x00000000a5800000, 0x00000000a5800000, 0x00000000a5900000|  0%| F|  |TAMS 0x00000000a5800000, 0x00000000a5800000| Untracked 
|  63|0x00000000a5900000, 0x00000000a5900000, 0x00000000a5a00000|  0%| F|  |TAMS 0x00000000a5900000, 0x00000000a5900000| Untracked 
|  64|0x00000000a5a00000, 0x00000000a5a00000, 0x00000000a5b00000|  0%| F|  |TAMS 0x00000000a5a00000, 0x00000000a5a00000| Untracked 
|  65|0x00000000a5b00000, 0x00000000a5b00000, 0x00000000a5c00000|  0%| F|  |TAMS 0x00000000a5b00000, 0x00000000a5b00000| Untracked 
|  66|0x00000000a5c00000, 0x00000000a5c00000, 0x00000000a5d00000|  0%| F|  |TAMS 0x00000000a5c00000, 0x00000000a5c00000| Untracked 
|  67|0x00000000a5d00000, 0x00000000a5d00000, 0x00000000a5e00000|  0%| F|  |TAMS 0x00000000a5d00000, 0x00000000a5d00000| Untracked 
|  68|0x00000000a5e00000, 0x00000000a5e00000, 0x00000000a5f00000|  0%| F|  |TAMS 0x00000000a5e00000, 0x00000000a5e00000| Untracked 
|  69|0x00000000a5f00000, 0x00000000a5f00000, 0x00000000a6000000|  0%| F|  |TAMS 0x00000000a5f00000, 0x00000000a5f00000| Untracked 
|  70|0x00000000a6000000, 0x00000000a6000000, 0x00000000a6100000|  0%| F|  |TAMS 0x00000000a6000000, 0x00000000a6000000| Untracked 
|  71|0x00000000a6100000, 0x00000000a6100000, 0x00000000a6200000|  0%| F|  |TAMS 0x00000000a6100000, 0x00000000a6100000| Untracked 
|  72|0x00000000a6200000, 0x00000000a6200000, 0x00000000a6300000|  0%| F|  |TAMS 0x00000000a6200000, 0x00000000a6200000| Untracked 
|  73|0x00000000a6300000, 0x00000000a6300000, 0x00000000a6400000|  0%| F|  |TAMS 0x00000000a6300000, 0x00000000a6300000| Untracked 
|  74|0x00000000a6400000, 0x00000000a6400000, 0x00000000a6500000|  0%| F|  |TAMS 0x00000000a6400000, 0x00000000a6400000| Untracked 
|  75|0x00000000a6500000, 0x00000000a6500000, 0x00000000a6600000|  0%| F|  |TAMS 0x00000000a6500000, 0x00000000a6500000| Untracked 
|  76|0x00000000a6600000, 0x00000000a6600000, 0x00000000a6700000|  0%| F|  |TAMS 0x00000000a6600000, 0x00000000a6600000| Untracked 
|  77|0x00000000a6700000, 0x00000000a6700000, 0x00000000a6800000|  0%| F|  |TAMS 0x00000000a6700000, 0x00000000a6700000| Untracked 
|  78|0x00000000a6800000, 0x00000000a6800000, 0x00000000a6900000|  0%| F|  |TAMS 0x00000000a6800000, 0x00000000a6800000| Untracked 
|  79|0x00000000a6900000, 0x00000000a6900000, 0x00000000a6a00000|  0%| F|  |TAMS 0x00000000a6900000, 0x00000000a6900000| Untracked 
|  80|0x00000000a6a00000, 0x00000000a6a00000, 0x00000000a6b00000|  0%| F|  |TAMS 0x00000000a6a00000, 0x00000000a6a00000| Untracked 
|  81|0x00000000a6b00000, 0x00000000a6b00000, 0x00000000a6c00000|  0%| F|  |TAMS 0x00000000a6b00000, 0x00000000a6b00000| Untracked 
|  82|0x00000000a6c00000, 0x00000000a6c00000, 0x00000000a6d00000|  0%| F|  |TAMS 0x00000000a6c00000, 0x00000000a6c00000| Untracked 
|  83|0x00000000a6d00000, 0x00000000a6d00000, 0x00000000a6e00000|  0%| F|  |TAMS 0x00000000a6d00000, 0x00000000a6d00000| Untracked 
|  84|0x00000000a6e00000, 0x00000000a6e00000, 0x00000000a6f00000|  0%| F|  |TAMS 0x00000000a6e00000, 0x00000000a6e00000| Untracked 
|  85|0x00000000a6f00000, 0x00000000a6f00000, 0x00000000a7000000|  0%| F|  |TAMS 0x00000000a6f00000, 0x00000000a6f00000| Untracked 
|  86|0x00000000a7000000, 0x00000000a7000000, 0x00000000a7100000|  0%| F|  |TAMS 0x00000000a7000000, 0x00000000a7000000| Untracked 
|  87|0x00000000a7100000, 0x00000000a7100000, 0x00000000a7200000|  0%| F|  |TAMS 0x00000000a7100000, 0x00000000a7100000| Untracked 
|  88|0x00000000a7200000, 0x00000000a7200000, 0x00000000a7300000|  0%| F|  |TAMS 0x00000000a7200000, 0x00000000a7200000| Untracked 
|  89|0x00000000a7300000, 0x00000000a7300000, 0x00000000a7400000|  0%| F|  |TAMS 0x00000000a7300000, 0x00000000a7300000| Untracked 
|  90|0x00000000a7400000, 0x00000000a7443110, 0x00000000a7500000| 26%| E|  |TAMS 0x00000000a7400000, 0x00000000a7400000| Complete 
|  91|0x00000000a7500000, 0x00000000a7600000, 0x00000000a7600000|100%| E|CS|TAMS 0x00000000a7500000, 0x00000000a7500000| Complete 
|  92|0x00000000a7600000, 0x00000000a7700000, 0x00000000a7700000|100%| E|CS|TAMS 0x00000000a7600000, 0x00000000a7600000| Complete 
|  93|0x00000000a7700000, 0x00000000a7800000, 0x00000000a7800000|100%| E|CS|TAMS 0x00000000a7700000, 0x00000000a7700000| Complete 
|  94|0x00000000a7800000, 0x00000000a7900000, 0x00000000a7900000|100%| E|CS|TAMS 0x00000000a7800000, 0x00000000a7800000| Complete 
|  95|0x00000000a7900000, 0x00000000a7a00000, 0x00000000a7a00000|100%| E|CS|TAMS 0x00000000a7900000, 0x00000000a7900000| Complete 

Card table byte_map: [0x0000022874e00000,0x0000022875100000] _byte_map_base: 0x00000228748f3000

Marking Bits (Prev, Next): (CMBitMap*) 0x000002286b5b4350, (CMBitMap*) 0x000002286b5b4390
 Prev Bits: [0x0000022875400000, 0x0000022876b98000)
 Next Bits: [0x0000022876ba0000, 0x0000022878338000)

Polling page: 0x000002286b650000

Metaspace:

Usage:
  Non-class:      5.45 MB used.
      Class:    720.13 KB used.
       Both:      6.15 MB used.

Virtual space:
  Non-class space:        8.00 MB reserved,       5.56 MB ( 70%) committed,  1 nodes.
      Class space:        1.00 GB reserved,     768.00 KB ( <1%) committed,  1 nodes.
              Both:        1.01 GB reserved,       6.31 MB ( <1%) committed. 

Chunk freelists:
   Non-Class:  2.34 MB
       Class:  3.25 MB
        Both:  5.59 MB

MaxMetaspaceSize: 17179869184.00 GB
CompressedClassSpaceSize: 1.00 GB
 - commit_granule_bytes: 65536.
 - commit_granule_words: 8192.
 - virtual_space_node_default_size: 1048576.
 - enlarge_chunks_in_place: 1.
 - new_chunks_are_fully_committed: 0.
 - uncommit_free_chunks: 1.
 - use_allocation_guard: 0.
 - handle_deallocations: 1.


Internal statistics:

num_allocs_failed_limit: 0.
num_arena_births: 90.
num_arena_deaths: 0.
num_vsnodes_births: 2.
num_vsnodes_deaths: 0.
num_space_committed: 101.
num_space_uncommitted: 0.
num_chunks_returned_to_freelist: 0.
num_chunks_taken_from_freelist: 113.
num_chunk_merges: 0.
num_chunk_splits: 71.
num_chunks_enlarged: 38.
num_purges: 0.

CodeHeap 'non-profiled nmethods': size=120000Kb used=147Kb max_used=147Kb free=119852Kb
 bounds [0x0000022807ad0000, 0x0000022807d40000, 0x000002280f000000]
CodeHeap 'profiled nmethods': size=120000Kb used=888Kb max_used=888Kb free=119111Kb
 bounds [0x00000228005a0000, 0x0000022800810000, 0x0000022807ad0000]
CodeHeap 'non-nmethods': size=5760Kb used=1223Kb max_used=1240Kb free=4536Kb
 bounds [0x0000022800000000, 0x0000022800270000, 0x00000228005a0000]
 total_blobs=1095 nmethods=565 adapters=443
 compilation: enabled
              stopped_count=0, restarted_count=0
 full_count=0

Compilation events (20 events):
Event: 0.502 Thread 0x000002287a917240  556       1       java.beans.PropertyChangeEvent::getPropertyName (5 bytes)
Event: 0.502 Thread 0x000002287a917240 nmethod 556 0x0000022807af3010 code [0x0000022807af31a0, 0x0000022807af3278]
Event: 0.503 Thread 0x000002287a917240  557       1       java.lang.reflect.Field::getName (5 bytes)
Event: 0.503 Thread 0x000002287a917240 nmethod 557 0x0000022807af3310 code [0x0000022807af34a0, 0x0000022807af3578]
Event: 0.504 Thread 0x000002287a917240  558   !   3       sun.awt.AppContext::get (123 bytes)
Event: 0.505 Thread 0x000002287a917240 nmethod 558 0x000002280067ba90 code [0x000002280067bcc0, 0x000002280067c728]
Event: 0.507 Thread 0x000002287a917240  559       3       java.nio.Buffer::position (52 bytes)
Event: 0.508 Thread 0x000002287a917240 nmethod 559 0x000002280067ca90 code [0x000002280067cc40, 0x000002280067cec8]
Event: 0.510 Thread 0x000002287a917240  560       3       java.util.ArrayList::get (15 bytes)
Event: 0.510 Thread 0x000002287a917240 nmethod 560 0x000002280067cf90 code [0x000002280067d160, 0x000002280067d508]
Event: 0.511 Thread 0x000002287a917240  561       3       java.util.Objects::checkIndex (7 bytes)
Event: 0.511 Thread 0x000002287a917240 nmethod 561 0x000002280067d690 code [0x000002280067d840, 0x000002280067da48]
Event: 0.511 Thread 0x000002287a917240  562       3       jdk.internal.util.Preconditions::checkIndex (18 bytes)
Event: 0.511 Thread 0x000002287a917240 nmethod 562 0x000002280067db90 code [0x000002280067dd40, 0x000002280067dee8]
Event: 0.513 Thread 0x000002287a917240  563       3       java.nio.ByteBuffer::position (8 bytes)
Event: 0.514 Thread 0x000002287a917240 nmethod 563 0x000002280067df90 code [0x000002280067e140, 0x000002280067e288]
Event: 0.517 Thread 0x000002287a917240  565       1       sun.util.locale.BaseLocale::getLanguage (5 bytes)
Event: 0.517 Thread 0x000002287a917240 nmethod 565 0x0000022807af3610 code [0x0000022807af37a0, 0x0000022807af3878]
Event: 0.518 Thread 0x000002287a900a60 nmethod 554 0x0000022807af3910 code [0x0000022807af3b20, 0x0000022807af45b0]
Event: 0.518 Thread 0x000002287a900a60  564       4       java.util.concurrent.ConcurrentHashMap::casTabAt (21 bytes)

GC Heap History (0 events):
No events

Deoptimization events (0 events):
No events

Classes unloaded (0 events):
No events

Classes redefined (0 events):
No events

Internal exceptions (20 events):
Event: 0.434 Thread 0x000002286b42e370 Exception <a 'java/lang/ClassNotFoundException'{0x00000000a7541928}: PasswordField> (0x00000000a7541928) 
thrown [t:\workspace\open\src\hotspot\share\classfile\systemDictionary.cpp, line 256]
Event: 0.435 Thread 0x000002286b42e370 Exception <a 'java/lang/ClassNotFoundException'{0x00000000a7541e80}: TextArea> (0x00000000a7541e80) 
thrown [t:\workspace\open\src\hotspot\share\classfile\systemDictionary.cpp, line 256]
Event: 0.436 Thread 0x000002286b42e370 Exception <a 'java/lang/ClassNotFoundException'{0x00000000a75427c0}: TextPane> (0x00000000a75427c0) 
thrown [t:\workspace\open\src\hotspot\share\classfile\systemDictionary.cpp, line 256]
Event: 0.436 Thread 0x000002286b42e370 Exception <a 'java/lang/ClassNotFoundException'{0x00000000a7542c28}: EditorPane> (0x00000000a7542c28) 
thrown [t:\workspace\open\src\hotspot\share\classfile\systemDictionary.cpp, line 256]
Event: 0.437 Thread 0x000002286b42e370 Exception <a 'java/lang/ClassNotFoundException'{0x00000000a75438a8}: ToolBar> (0x00000000a75438a8) 
thrown [t:\workspace\open\src\hotspot\share\classfile\systemDictionary.cpp, line 256]
Event: 0.437 Thread 0x000002286b42e370 Exception <a 'java/lang/ClassNotFoundException'{0x00000000a7543da0}: ToolBar> (0x00000000a7543da0) 
thrown [t:\workspace\open\src\hotspot\share\classfile\systemDictionary.cpp, line 256]
Event: 0.437 Thread 0x000002286b42e370 Exception <a 'java/lang/ClassNotFoundException'{0x00000000a7544100}: Button> (0x00000000a7544100) 
thrown [t:\workspace\open\src\hotspot\share\classfile\systemDictionary.cpp, line 256]
Event: 0.437 Thread 0x000002286b42e370 Exception <a 'java/lang/ClassNotFoundException'{0x00000000a75445c8}: ToolBar> (0x00000000a75445c8) 
thrown [t:\workspace\open\src\hotspot\share\classfile\systemDictionary.cpp, line 256]
Event: 0.437 Thread 0x000002286b42e370 Exception <a 'java/lang/ClassNotFoundException'{0x00000000a7544938}: ToggleButton> (0x00000000a7544938) 
thrown [t:\workspace\open\src\hotspot\share\classfile\systemDictionary.cpp, line 256]
Event: 0.437 Thread 0x000002286b42e370 Exception <a 'java/lang/ClassNotFoundException'{0x00000000a7544d78}: javax/swing/JToolBarSeparator> (0x00000000a7544d78) 
thrown [t:\workspace\open\src\hotspot\share\classfile\systemDictionary.cpp, line 256]
Event: 0.437 Thread 0x000002286b42e370 Exception <a 'java/lang/ClassNotFoundException'{0x00000000a7545080}: ToolBarSeparator> (0x00000000a7545080) 
thrown [t:\workspace\open\src\hotspot\share\classfile\systemDictionary.cpp, line 256]
Event: 0.437 Thread 0x000002286b42e370 Exception <a 'java/lang/ClassNotFoundException'{0x00000000a7545598}: ToolTip> (0x00000000a7545598) 
thrown [t:\workspace\open\src\hotspot\share\classfile\systemDictionary.cpp, line 256]
Event: 0.439 Thread 0x000002286b42e370 Exception <a 'java/lang/ClassNotFoundException'{0x00000000a7545ee8}: Tree> (0x00000000a7545ee8) 
thrown [t:\workspace\open\src\hotspot\share\classfile\systemDictionary.cpp, line 256]
Event: 0.439 Thread 0x000002286b42e370 Exception <a 'java/lang/ClassNotFoundException'{0x00000000a75463e0}: Tree> (0x00000000a75463e0) 
thrown [t:\workspace\open\src\hotspot\share\classfile\systemDictionary.cpp, line 256]
Event: 0.439 Thread 0x000002286b42e370 Exception <a 'java/lang/ClassNotFoundException'{0x00000000a7546750}: javax/swing/JTreeCell> (0x00000000a7546750) 
thrown [t:\workspace\open\src\hotspot\share\classfile\systemDictionary.cpp, line 256]
Event: 0.439 Thread 0x000002286b42e370 Exception <a 'java/lang/ClassNotFoundException'{0x00000000a7546a50}: TreeCell> (0x00000000a7546a50) 
thrown [t:\workspace\open\src\hotspot\share\classfile\systemDictionary.cpp, line 256]
Event: 0.440 Thread 0x000002286b42e370 Exception <a 'java/lang/ClassNotFoundException'{0x00000000a7547210}: RootPane> (0x00000000a7547210) 
thrown [t:\workspace\open\src\hotspot\share\classfile\systemDictionary.cpp, line 256]
Event: 0.442 Thread 0x000002286b42e370 Exception <a 'java/lang/ClassNotFoundException'{0x00000000a754a060}: com/sun/swing/internal/plaf/metal/resources/spi/metalProvider> (0x00000000a754a060) 
thrown [t:\workspace\open\src\hotspot\share\classfile\systemDictionary.cpp, line 256]
Event: 0.444 Thread 0x000002286b42e370 Exception <a 'java/lang/ClassNotFoundException'{0x00000000a754de20}: com/sun/swing/internal/plaf/basic/resources/spi/basicProvider> (0x00000000a754de20) 
thrown [t:\workspace\open\src\hotspot\share\classfile\systemDictionary.cpp, line 256]
Event: 0.476 Thread 0x000002287b75b010 Exception <a 'java/lang/ClassNotFoundException'{0x00000000a75df3f8}: com/sun/swing/internal/plaf/synth/resources/spi/synthProvider> (0x00000000a75df3f8) 
thrown [t:\workspace\open\src\hotspot\share\classfile\systemDictionary.cpp, line 256]

Events (20 events):
Event: 0.502 loading class java/awt/event/KeyEvent$1 done
Event: 0.503 loading class jdk/internal/reflect/UnsafeQualifiedStaticIntegerFieldAccessorImpl
Event: 0.503 loading class jdk/internal/reflect/UnsafeQualifiedStaticFieldAccessorImpl
Event: 0.503 loading class jdk/internal/reflect/UnsafeQualifiedStaticFieldAccessorImpl done
Event: 0.503 loading class jdk/internal/reflect/UnsafeQualifiedStaticIntegerFieldAccessorImpl done
Event: 0.503 loading class javax/swing/plaf/basic/LazyActionMap
Event: 0.504 loading class javax/swing/plaf/ActionMapUIResource
Event: 0.504 loading class javax/swing/ActionMap
Event: 0.504 loading class javax/swing/ActionMap done
Event: 0.504 loading class javax/swing/plaf/ActionMapUIResource done
Event: 0.504 loading class javax/swing/plaf/basic/LazyActionMap done
Event: 0.510 loading class java/lang/InterruptedException
Event: 0.510 loading class java/lang/InterruptedException done
Event: 0.511 loading class java/lang/SecurityException
Event: 0.512 loading class java/lang/SecurityException done
Event: 0.514 loading class java/io/Reader
Event: 0.514 loading class java/io/Reader done
Event: 0.514 loading class java/io/InputStreamReader
Event: 0.515 loading class java/io/InputStreamReader done
Event: 0.517 Loaded shared library C:\Users\Mendis\.jssc\windows\jSSC-2.8_x86_64.dll


Dynamic libraries:
0x00007ff717880000 - 0x00007ff717890000 	C:\Program Files\Java\jdk-16.0.1\bin\java.exe
0x00007ffd78800000 - 0x00007ffd789e0000 	C:\WINDOWS\SYSTEM32\ntdll.dll
0x00007ffd75e60000 - 0x00007ffd75f0e000 	C:\WINDOWS\System32\KERNEL32.DLL
0x00007ffd754b0000 - 0x00007ffd75716000 	C:\WINDOWS\System32\KERNELBASE.dll
0x00007ffd74c00000 - 0x00007ffd74cf6000 	C:\WINDOWS\System32\ucrtbase.dll
0x00007ffd68ac0000 - 0x00007ffd68ad9000 	C:\Program Files\Java\jdk-16.0.1\bin\VCRUNTIME140.dll
0x00007ffd6aab0000 - 0x00007ffd6aac8000 	C:\Program Files\Java\jdk-16.0.1\bin\jli.dll
0x00007ffd76040000 - 0x00007ffd760e1000 	C:\WINDOWS\System32\ADVAPI32.dll
0x00007ffd77b30000 - 0x00007ffd77bcd000 	C:\WINDOWS\System32\msvcrt.dll
0x00007ffd77750000 - 0x00007ffd777ab000 	C:\WINDOWS\System32\sechost.dll
0x00007ffd77df0000 - 0x00007ffd77f0f000 	C:\WINDOWS\System32\RPCRT4.dll
0x00007ffd75cd0000 - 0x00007ffd75e5e000 	C:\WINDOWS\System32\USER32.dll
0x00007ffd75cb0000 - 0x00007ffd75cd0000 	C:\WINDOWS\System32\win32u.dll
0x00007ffd69200000 - 0x00007ffd69469000 	C:\WINDOWS\WinSxS\amd64_microsoft.windows.common-controls_6595b64144ccf1df_6.0.16299.15_none_cc92fb402215d91d\COMCTL32.dll
0x00007ffd782f0000 - 0x00007ffd78318000 	C:\WINDOWS\System32\GDI32.dll
0x00007ffd777b0000 - 0x00007ffd77ab8000 	C:\WINDOWS\System32\combase.dll
0x00007ffd759a0000 - 0x00007ffd75b31000 	C:\WINDOWS\System32\gdi32full.dll
0x00007ffd75c10000 - 0x00007ffd75cab000 	C:\WINDOWS\System32\msvcp_win.dll
0x00007ffd75b90000 - 0x00007ffd75c02000 	C:\WINDOWS\System32\bcryptPrimitives.dll
0x00007ffd68f00000 - 0x00007ffd68f0a000 	C:\WINDOWS\SYSTEM32\VERSION.dll
0x00007ffd75f80000 - 0x00007ffd75fad000 	C:\WINDOWS\System32\IMM32.DLL
0x00007ffd67c90000 - 0x00007ffd67c9c000 	C:\Program Files\Java\jdk-16.0.1\bin\vcruntime140_1.dll
0x00007ffd4ebe0000 - 0x00007ffd4ec71000 	C:\Program Files\Java\jdk-16.0.1\bin\msvcp140.dll
0x00007ffd4eea0000 - 0x00007ffd4fa4b000 	C:\Program Files\Java\jdk-16.0.1\bin\server\jvm.dll
0x00007ffd75fb0000 - 0x00007ffd75fb8000 	C:\WINDOWS\System32\PSAPI.DLL
0x00007ffd68ae0000 - 0x00007ffd68ae9000 	C:\WINDOWS\SYSTEM32\WSOCK32.dll
0x00007ffd72b10000 - 0x00007ffd72b33000 	C:\WINDOWS\SYSTEM32\WINMM.dll
0x00007ffd77ac0000 - 0x00007ffd77b2c000 	C:\WINDOWS\System32\WS2_32.dll
0x00007ffd72990000 - 0x00007ffd729ba000 	C:\WINDOWS\SYSTEM32\WINMMBASE.dll
0x00007ffd75b40000 - 0x00007ffd75b8a000 	C:\WINDOWS\System32\cfgmgr32.dll
0x00007ffd74b70000 - 0x00007ffd74b81000 	C:\WINDOWS\System32\kernel.appcore.dll
0x00007ffd5e0a0000 - 0x00007ffd5e0aa000 	C:\Program Files\Java\jdk-16.0.1\bin\jimage.dll
0x00007ffd64710000 - 0x00007ffd648d8000 	C:\WINDOWS\SYSTEM32\DBGHELP.DLL
0x00007ffd64540000 - 0x00007ffd64569000 	C:\WINDOWS\SYSTEM32\dbgcore.DLL
0x00007ffd56020000 - 0x00007ffd56045000 	C:\Program Files\Java\jdk-16.0.1\bin\java.dll
0x00007ffd761c0000 - 0x00007ffd775f7000 	C:\WINDOWS\System32\SHELL32.dll
0x00007ffd78130000 - 0x00007ffd781d6000 	C:\WINDOWS\System32\shcore.dll
0x00007ffd74d00000 - 0x00007ffd75447000 	C:\WINDOWS\System32\windows.storage.dll
0x00007ffd78770000 - 0x00007ffd787c1000 	C:\WINDOWS\System32\shlwapi.dll
0x00007ffd74b90000 - 0x00007ffd74bdc000 	C:\WINDOWS\System32\powrprof.dll
0x00007ffd74be0000 - 0x00007ffd74bfb000 	C:\WINDOWS\System32\profapi.dll
0x00007ffd4ee40000 - 0x00007ffd4ee59000 	C:\Program Files\Java\jdk-16.0.1\bin\net.dll
0x00007ffd6f760000 - 0x00007ffd6f83e000 	C:\WINDOWS\SYSTEM32\WINHTTP.dll
0x00007ffd74380000 - 0x00007ffd743e6000 	C:\WINDOWS\system32\mswsock.dll
0x00007ffd4ee20000 - 0x00007ffd4ee33000 	C:\Program Files\Java\jdk-16.0.1\bin\nio.dll
0x00007ffd4ee00000 - 0x00007ffd4ee18000 	C:\Program Files\Java\jdk-16.0.1\bin\zip.dll
0x00007ffd4ec80000 - 0x00007ffd4ee00000 	C:\Program Files\Java\jdk-16.0.1\bin\awt.dll
0x00007ffd760f0000 - 0x00007ffd761b5000 	C:\WINDOWS\System32\OLEAUT32.dll
0x00007ffd73010000 - 0x00007ffd73097000 	C:\WINDOWS\SYSTEM32\apphelp.dll
0x00007ffd73310000 - 0x00007ffd733a5000 	C:\WINDOWS\system32\uxtheme.dll
0x00007ffd77bd0000 - 0x00007ffd77d37000 	C:\WINDOWS\System32\MSCTF.dll
0x00007ffd73400000 - 0x00007ffd7342a000 	C:\WINDOWS\system32\dwmapi.dll
0x00007ffd77600000 - 0x00007ffd77749000 	C:\WINDOWS\System32\ole32.dll
0x00007ffd4eb10000 - 0x00007ffd4eb99000 	C:\Program Files\Java\jdk-16.0.1\bin\freetype.dll
0x00007ffd4ea10000 - 0x00007ffd4eb06000 	C:\Program Files\Java\jdk-16.0.1\bin\harfbuzz.dll
0x00007ffd4e9f0000 - 0x00007ffd4ea02000 	C:\Program Files\Java\jdk-16.0.1\bin\fontmanager.dll
0x00007ffd61100000 - 0x00007ffd6121e000 	C:\WINDOWS\system32\opengl32.dll
0x00007ffd62450000 - 0x00007ffd6247c000 	C:\WINDOWS\SYSTEM32\GLU32.dll
0x0000000071100000 - 0x0000000071125000 	C:\Users\Mendis\.jssc\windows\jSSC-2.8_x86_64.dll

dbghelp: loaded successfully - version: 4.0.5 - missing functions: none
symbol engine: initialized successfully - sym options: 0x614 - pdb path: .;C:\Program Files\Java\jdk-16.0.1\bin;C:\WINDOWS\SYSTEM32;C:\WINDOWS\WinSxS\amd64_microsoft.windows.common-controls_6595b64144ccf1df_6.0.16299.15_none_cc92fb402215d91d;C:\Program Files\Java\jdk-16.0.1\bin\server;C:\Users\Mendis\.jssc\windows

VM Arguments:
jvm_args: -Dfile.encoding=UTF-8 
java_command: Arduino.Led
java_class_path (initial): C:\Users\Mendis\Desktop\lib\PanamaHitek_Arduino-2.8.2.jar;C:\Users\Mendis\Desktop\lib\RXTXcomm.jar;C:\Users\Mendis\Desktop\lib\ojdbc14.jar;C:\Users\Mendis\Desktop\lib\ojdbc7.jar;C:\Users\Mendis\Desktop\Arduinoled\Arduino\build\classes
Launcher Type: SUN_STANDARD

[Global flags]
     intx CICompilerCount                          = 3                                         {product} {ergonomic}
     uint ConcGCThreads                            = 1                                         {product} {ergonomic}
     uint G1ConcRefinementThreads                  = 4                                         {product} {ergonomic}
   size_t G1HeapRegionSize                         = 1048576                                   {product} {ergonomic}
    uintx GCDrainStackTargetSize                   = 64                                        {product} {ergonomic}
   size_t InitialHeapSize                          = 100663296                                 {product} {ergonomic}
   size_t MarkStackSize                            = 4194304                                   {product} {ergonomic}
   size_t MaxHeapSize                              = 1583349760                                {product} {ergonomic}
   size_t MaxNewSize                               = 950009856                                 {product} {ergonomic}
   size_t MinHeapDeltaBytes                        = 1048576                                   {product} {ergonomic}
   size_t MinHeapSize                              = 8388608                                   {product} {ergonomic}
    uintx NonNMethodCodeHeapSize                   = 5832780                                {pd product} {ergonomic}
    uintx NonProfiledCodeHeapSize                  = 122912730                              {pd product} {ergonomic}
    uintx ProfiledCodeHeapSize                     = 122912730                              {pd product} {ergonomic}
    uintx ReservedCodeCacheSize                    = 251658240                              {pd product} {ergonomic}
     bool SegmentedCodeCache                       = true                                      {product} {ergonomic}
   size_t SoftMaxHeapSize                          = 1583349760                             {manageable} {ergonomic}
     bool UseCompressedClassPointers               = true                           {product lp64_product} {ergonomic}
     bool UseCompressedOops                        = true                           {product lp64_product} {ergonomic}
     bool UseG1GC                                  = true                                      {product} {ergonomic}
     bool UseLargePagesIndividualAllocation        = false                                  {pd product} {ergonomic}

Logging:
Log output configuration:
 #0: stdout all=warning uptime,level,tags
 #1: stderr all=off uptime,level,tags

Environment Variables:
JAVA_HOME=C:\Users\Mendis\Downloads\jdk-16.0.1
PATH=C:\Program Files\Common Files\Oracle\Java\javapath;C:\Python39\Scripts\;C:\Python39\;C:\WINDOWS\system32;C:\WINDOWS;C:\WINDOWS\System32\Wbem;C:\WINDOWS\System32\WindowsPowerShell\v1.0\;C:\Program Files\Git\cmd;C:\ProgramData\chocolatey\bin;C:\Program Files\nodejs\;C:\Program Files (x86)\Wolfram Research\WolframScript\;C:\Program Files\Java\jdk-16.0.1\bin;C:\Users\Mendis\AppData\Local\Microsoft\WindowsApps;;C:\Users\Mendis\AppData\Local\Programs\Microsoft VS Code\bin;C:\Users\Mendis\AppData\Roaming\npm
USERNAME=Mendis
OS=Windows_NT
PROCESSOR_IDENTIFIER=Intel64 Family 6 Model 58 Stepping 9, GenuineIntel



---------------  S Y S T E M  ---------------

OS:
 Windows 10 , 64 bit Build 16299 (10.0.16299.15)
OS uptime: 0 days 0:17 hours

CPU: total 4 (initial active 4) (2 cores per cpu, 2 threads per core) family 6 model 58 stepping 9 microcode 0x1f, cx8, cmov, fxsr, ht, mmx, sse, sse2, sse3, ssse3, sse4.1, sse4.2, popcnt, tsc, tscinvbit, avx, erms, clmul, vzeroupper, clflush

Memory: 4k page, system-wide physical 6036M (3129M free)
TotalPageFile size 6996M (AvailPageFile size 3971M)
current process WorkingSet (physical memory assigned to process): 53M, peak: 53M
current process commit charge ("private bytes"): 181M, peak: 181M

vm_info: Java HotSpot(TM) 64-Bit Server VM (16.0.1+9-24) for windows-amd64 JRE (16.0.1+9-24), built on Mar 26 2021 19:31:42 by "mach5one" with MS VC++ 16.7 (VS2019)

END.
