#
# A fatal error has been detected by the Java Runtime Environment:
#
#  EXCEPTION_ACCESS_VIOLATION (0xc0000005) at pc=0x000000007110b5db, pid=9408, tid=9232
#
# JRE version: Java(TM) SE Runtime Environment (16.0.1+9) (build 16.0.1+9-24)
# Java VM: Java HotSpot(TM) 64-Bit Server VM (16.0.1+9-24, mixed mode, sharing, tiered, compressed oops, compressed class ptrs, g1 gc, windows-amd64)
# Problematic frame:
# C  [jSSC-2.8_x86_64.dll+0xb5db]
#
# No core dump will be written. Minidumps are not enabled by default on client versions of Windows
#
# If you would like to submit a bug report, please visit:
#   https://bugreport.java.com/bugreport/crash.jsp
# The crash happened outside the Java Virtual Machine in native code.
# See problematic frame for where to report the bug.
#

---------------  S U M M A R Y ------------

Command Line: -Dfile.encoding=UTF-8 Arduino.Led

Host: Intel(R) Core(TM) i3-3217U CPU @ 1.80GHz, 4 cores, 5G,  Windows 10 , 64 bit Build 16299 (10.0.16299.15)
Time: Tue Jul 20 16:49:45 2021 Sri Lanka Standard Time elapsed time: 0.530290 seconds (0d 0h 0m 0s)

---------------  T H R E A D  ---------------

Current thread (0x00000214ab391660):  JavaThread "AWT-EventQueue-0" [_thread_in_native, id=9232, stack(0x00000018f5400000,0x00000018f5500000)]

Stack: [0x00000018f5400000,0x00000018f5500000],  sp=0x00000018f54fe8c0,  free space=1018k
Native frames: (J=compiled Java code, j=interpreted, Vv=VM code, C=native code)
C  [jSSC-2.8_x86_64.dll+0xb5db]

Java frames: (J=compiled Java code, j=interpreted, Vv=VM code)
j  jssc.SerialNativeInterface.openPort(Ljava/lang/String;Z)J+0
j  jssc.SerialPort.openPort()Z+65
j  com.panamahitek.PanamaHitek_Arduino.arduinoTX(Ljava/lang/String;I)V+58
j  Arduino.Led.<init>()V+24
j  Arduino.Led$3.run()V+4
j  java.awt.event.InvocationEvent.dispatch()V+47 java.desktop@16.0.1
j  java.awt.EventQueue.dispatchEventImpl(Ljava/awt/AWTEvent;Ljava/lang/Object;)V+21 java.desktop@16.0.1
j  java.awt.EventQueue$4.run()Ljava/lang/Void;+32 java.desktop@16.0.1
j  java.awt.EventQueue$4.run()Ljava/lang/Object;+1 java.desktop@16.0.1
j  java.security.AccessController.executePrivileged(Ljava/security/PrivilegedAction;Ljava/security/AccessControlContext;Ljava/lang/Class;)Ljava/lang/Object;+29 java.base@16.0.1
j  java.security.AccessController.doPrivileged(Ljava/security/PrivilegedAction;Ljava/security/AccessControlContext;)Ljava/lang/Object;+13 java.base@16.0.1
j  java.security.ProtectionDomain$JavaSecurityAccessImpl.doIntersectionPrivilege(Ljava/security/PrivilegedAction;Ljava/security/AccessControlContext;Ljava/security/AccessControlContext;)Ljava/lang/Object;+18 java.base@16.0.1
j  java.awt.EventQueue.dispatchEvent(Ljava/awt/AWTEvent;)V+46 java.desktop@16.0.1
j  java.awt.EventDispatchThread.pumpOneEventForFilters(I)V+78 java.desktop@16.0.1
j  java.awt.EventDispatchThread.pumpEventsForFilter(ILjava/awt/Conditional;Ljava/awt/EventFilter;)V+35 java.desktop@16.0.1
j  java.awt.EventDispatchThread.pumpEventsForHierarchy(ILjava/awt/Conditional;Ljava/awt/Component;)V+11 java.desktop@16.0.1
j  java.awt.EventDispatchThread.pumpEvents(ILjava/awt/Conditional;)V+4 java.desktop@16.0.1
j  java.awt.EventDispatchThread.pumpEvents(Ljava/awt/Conditional;)V+3 java.desktop@16.0.1
j  java.awt.EventDispatchThread.run()V+9 java.desktop@16.0.1
v  ~StubRoutines::call_stub

siginfo: EXCEPTION_ACCESS_VIOLATION (0xc0000005), reading address 0xffffffff8c3eba14


Register to memory mapping:

RIP=0x000000007110b5db jSSC-2.8_x86_64.dll
RAX=0xffffffff8c3eba14 is an unknown value
RBX=0x00000018f54fe930 is pointing into the stack for thread: 0x00000214ab391660
RCX=0x00007ffd788a0024 ntdll.dll
RDX=0x0 is NULL
RSP=0x00000018f54fe8c0 is pointing into the stack for thread: 0x00000214ab391660
RBP=0x00000018f54fea40 is pointing into the stack for thread: 0x00000214ab391660
RSI=0x00000214ab391970 points into unknown readable memory: 0x00007ffd4f9133d0 | d0 33 91 4f fd 7f 00 00
RDI=0x0000000000000498 is an unknown value
R8 =0x00000018f54fe7b8 is pointing into the stack for thread: 0x00000214ab391660
R9 =0x00000018f54fe8b0 is pointing into the stack for thread: 0x00000214ab391660
R10=0x0 is NULL
R11=0x0000000000000246 is an unknown value
R12=0x00000018f54feb00 is pointing into the stack for thread: 0x00000214ab391660
R13=0x00000214ab357ff0 points into unknown readable memory: 0x00747800334d4f43 | 43 4f 4d 33 00 78 74 00
R14=0x00000018f54fe9f0 is pointing into the stack for thread: 0x00000214ab391660
R15=0x00000214ab391660 is a thread


Registers:
RAX=0xffffffff8c3eba14, RBX=0x00000018f54fe930, RCX=0x00007ffd788a0024, RDX=0x0000000000000000
RSP=0x00000018f54fe8c0, RBP=0x00000018f54fea40, RSI=0x00000214ab391970, RDI=0x0000000000000498
R8 =0x00000018f54fe7b8, R9 =0x00000018f54fe8b0, R10=0x0000000000000000, R11=0x0000000000000246
R12=0x00000018f54feb00, R13=0x00000214ab357ff0, R14=0x00000018f54fe9f0, R15=0x00000214ab391660
RIP=0x000000007110b5db, EFLAGS=0x0000000000010206

Top of Stack: (sp=0x00000018f54fe8c0)
0x00000018f54fe8c0:   0000000000000000 00007ffd788267b6
0x00000018f54fe8d0:   000000007110b230 00000018f54fe9f0
0x00000018f54fe8e0:   00000018f54feb00 0000000000000004
0x00000018f54fe8f0:   00000214ab391970 0000000000000498
0x00000018f54fe900:   00000018f54fea40 0000000071112590
0x00000018f54fe910:   00000214ab357ed0 00000018f54feb00
0x00000018f54fe920:   00000000c0000000 0000000000000000
0x00000018f54fe930:   0000000000000498 00007ffd754f17b5
0x00000018f54fe940:   00000214ab391660 00000018f54fe9f0
0x00000018f54fe950:   00000018f54feb00 0000000000000498
0x00000018f54fe960:   0000000071113500 0000000071113be8
0x00000018f54fe970:   00000018f54fe9a0 0000000071112641
0x00000018f54fe980:   00000018f54fe910 0000000040000000
0x00000018f54fe990:   0000000000000000 0000000000000000
0x00000018f54fe9a0:   00000018f54fea40 0000000071101595
0x00000018f54fe9b0:   000000000000001c 0000021400000000 

Instructions: (pc=0x000000007110b5db)
0x000000007110b4db:   48 85 c0 74 bf 44 8b 03 45 85 c0 0f 84 77 ff ff
0x000000007110b4eb:   ff eb 9f 66 90 e8 8b fe ff ff 48 89 05 0c 34 01
0x000000007110b4fb:   00 eb ad 66 90 e8 7b fe ff ff 48 89 05 fc 33 01
0x000000007110b50b:   00 eb 8b e8 8d fe ff ff c7 03 01 00 00 00 e9 6f
0x000000007110b51b:   ff ff ff 66 90 55 48 89 e5 56 53 48 83 ec 20 48
0x000000007110b52b:   8b 05 d7 33 01 00 48 8b 31 48 89 cb 48 85 c0 74
0x000000007110b53b:   56 44 8b 18 45 85 db 78 42 48 8b 05 bd 33 01 00
0x000000007110b54b:   48 85 c0 74 50 44 8b 10 45 85 d2 74 1d 48 89 f1
0x000000007110b55b:   e8 d0 fd ff ff 48 8b 13 48 8d 42 40 48 8b 48 08
0x000000007110b56b:   48 8b 6a 40 48 8b 60 10 ff e1 48 8b 05 9c 33 01
0x000000007110b57b:   00 48 85 c0 74 2d 48 89 30 eb da e8 b5 fe ff ff
0x000000007110b58b:   0f 1f 44 00 00 eb b2 e8 e9 fd ff ff 48 89 05 6a
0x000000007110b59b:   33 01 00 eb 9c e8 db fd ff ff 48 89 05 5c 33 01
0x000000007110b5ab:   00 eb a2 e8 3d fd ff ff 48 89 05 5e 33 01 00 eb
0x000000007110b5bb:   c5 0f 1f 40 00 55 57 56 53 48 83 ec 28 48 8b 05
0x000000007110b5cb:   39 33 01 00 48 89 cb 48 85 c0 0f 84 c5 00 00 00
0x000000007110b5db:   8b 38 85 ff 0f 88 ab 00 00 00 48 8b 05 1c 33 01
0x000000007110b5eb:   00 48 85 c0 0f 84 bc 00 00 00 8b 30 85 f6 74 57
0x000000007110b5fb:   48 8b 05 0e 33 01 00 48 85 c0 0f 84 e5 00 00 00
0x000000007110b60b:   8b 28 48 8b 35 10 5e 01 00 ff d6 89 c7 89 e9 ff
0x000000007110b61b:   15 f4 5e 01 00 89 f9 48 89 c5 ff 15 b9 5e 01 00
0x000000007110b62b:   48 8b 05 de 32 01 00 48 89 2b 48 85 c0 74 46 48
0x000000007110b63b:   89 da 8b 08 ff 15 d7 5e 01 00 85 c0 74 27 48 83
0x000000007110b64b:   c4 28 5b 5e 5f 5d c3 48 8b 05 bf 32 01 00 48 85
0x000000007110b65b:   c0 74 64 48 8b 10 48 89 13 48 89 18 48 83 c4 28
0x000000007110b66b:   5b 5e 5f 5d c3 48 89 f2 48 83 c4 28 5b 5e 5f 5d
0x000000007110b67b:   48 ff e2 66 90 e8 8b fc ff ff 48 89 05 84 32 01
0x000000007110b68b:   00 eb ac 66 90 e8 ab fd ff ff e9 4b ff ff ff 66
0x000000007110b69b:   0f 1f 44 00 00 e8 db fc ff ff 48 89 05 5c 32 01
0x000000007110b6ab:   00 e9 2a ff ff ff e8 ca fc ff ff 48 89 05 4b 32
0x000000007110b6bb:   01 00 e9 33 ff ff ff e8 29 fc ff ff 48 89 05 4a
0x000000007110b6cb:   32 01 00 48 8b 10 48 85 c0 48 89 13 75 8b e8 12 


Stack slot to memory mapping:
stack at sp + 0 slots: 0x0 is NULL
stack at sp + 1 slots: 0x00007ffd788267b6 ntdll.dll
stack at sp + 2 slots: 0x000000007110b230 jSSC-2.8_x86_64.dll
stack at sp + 3 slots: 0x00000018f54fe9f0 is pointing into the stack for thread: 0x00000214ab391660
stack at sp + 4 slots: 0x00000018f54feb00 is pointing into the stack for thread: 0x00000214ab391660
stack at sp + 5 slots: 0x0000000000000004 is an unknown value
stack at sp + 6 slots: 0x00000214ab391970 points into unknown readable memory: 0x00007ffd4f9133d0 | d0 33 91 4f fd 7f 00 00
stack at sp + 7 slots: 0x0000000000000498 is an unknown value


---------------  P R O C E S S  ---------------

Threads class SMR info:
_java_thread_list=0x00000214ab3b4290, length=16, elements={
0x00000214aa6774f0, 0x00000214aa6782c0, 0x00000214aa6878a0, 0x00000214aa6891c0,
0x00000214aa689ad0, 0x00000214aa68a3e0, 0x00000214aa68d030, 0x00000214aa6a0210,
0x00000214aa6d4f60, 0x00000214ab0ec1e0, 0x00000214ab0fb030, 0x00000214ab3310c0,
0x00000214ab3315e0, 0x00000214ab2f1140, 0x00000214ab391660, 0x000002148c308320
}

Java Threads: ( => current thread )
  0x00000214aa6774f0 JavaThread "Reference Handler" daemon [_thread_blocked, id=10196, stack(0x00000018f4500000,0x00000018f4600000)]
  0x00000214aa6782c0 JavaThread "Finalizer" daemon [_thread_blocked, id=10056, stack(0x00000018f4600000,0x00000018f4700000)]
  0x00000214aa6878a0 JavaThread "Signal Dispatcher" daemon [_thread_blocked, id=10012, stack(0x00000018f4700000,0x00000018f4800000)]
  0x00000214aa6891c0 JavaThread "Attach Listener" daemon [_thread_blocked, id=10124, stack(0x00000018f4800000,0x00000018f4900000)]
  0x00000214aa689ad0 JavaThread "Service Thread" daemon [_thread_blocked, id=432, stack(0x00000018f4900000,0x00000018f4a00000)]
  0x00000214aa68a3e0 JavaThread "Monitor Deflation Thread" daemon [_thread_blocked, id=3924, stack(0x00000018f4a00000,0x00000018f4b00000)]
  0x00000214aa68d030 JavaThread "C2 CompilerThread0" daemon [_thread_blocked, id=9276, stack(0x00000018f4b00000,0x00000018f4c00000)]
  0x00000214aa6a0210 JavaThread "C1 CompilerThread0" daemon [_thread_blocked, id=10148, stack(0x00000018f4c00000,0x00000018f4d00000)]
  0x00000214aa6d4f60 JavaThread "Sweeper thread" daemon [_thread_blocked, id=7008, stack(0x00000018f4d00000,0x00000018f4e00000)]
  0x00000214ab0ec1e0 JavaThread "Notification Thread" daemon [_thread_blocked, id=9724, stack(0x00000018f4e00000,0x00000018f4f00000)]
  0x00000214ab0fb030 JavaThread "Common-Cleaner" daemon [_thread_blocked, id=4864, stack(0x00000018f5000000,0x00000018f5100000)]
  0x00000214ab3310c0 JavaThread "Java2D Disposer" daemon [_thread_blocked, id=8540, stack(0x00000018f5100000,0x00000018f5200000)]
  0x00000214ab3315e0 JavaThread "AWT-Shutdown" [_thread_blocked, id=8396, stack(0x00000018f5200000,0x00000018f5300000)]
  0x00000214ab2f1140 JavaThread "AWT-Windows" daemon [_thread_in_native, id=9084, stack(0x00000018f5300000,0x00000018f5400000)]
=>0x00000214ab391660 JavaThread "AWT-EventQueue-0" [_thread_in_native, id=9232, stack(0x00000018f5400000,0x00000018f5500000)]
  0x000002148c308320 JavaThread "DestroyJavaVM" [_thread_blocked, id=5856, stack(0x00000018f3e00000,0x00000018f3f00000)]

Other Threads:
  0x00000214aa674990 VMThread "VM Thread" [stack: 0x00000018f4400000,0x00000018f4500000] [id=10048]
  0x00000214ab0efb30 WatcherThread [stack: 0x00000018f4f00000,0x00000018f5000000] [id=2564]
  0x000002148c33fba0 GCTaskThread "GC Thread#0" [stack: 0x00000018f3f00000,0x00000018f4000000] [id=9380]
  0x000002148c34d8c0 ConcurrentGCThread "G1 Main Marker" [stack: 0x00000018f4000000,0x00000018f4100000] [id=800]
  0x000002148c34ee80 ConcurrentGCThread "G1 Conc#0" [stack: 0x00000018f4100000,0x00000018f4200000] [id=10052]
  0x000002148c3de5b0 ConcurrentGCThread "G1 Refine#0" [stack: 0x00000018f4200000,0x00000018f4300000] [id=10144]
  0x00000214aa5220a0 ConcurrentGCThread "G1 Service" [stack: 0x00000018f4300000,0x00000018f4400000] [id=10140]

Threads with active compile tasks:

VM state: not at safepoint (normal execution)

VM Mutex/Monitor currently owned by a thread: None

Heap address: 0x00000000a1a00000, size: 1510 MB, Compressed Oops mode: 32-bit

CDS archive(s) mapped at: [0x0000000800000000-0x0000000800bb0000-0x0000000800bb0000), size 12255232, SharedBaseAddress: 0x0000000800000000, ArchiveRelocationMode: 0.
Compressed class space mapped at: 0x0000000800c00000-0x0000000840c00000, reserved size: 1073741824
Narrow klass base: 0x0000000800000000, Narrow klass shift: 3, Narrow klass range: 0x100000000

GC Precious Log:
 CPUs: 4 total, 4 available
 Memory: 6036M
 Large Page Support: Disabled
 NUMA Support: Disabled
 Compressed Oops: Enabled (32-bit)
 Heap Region Size: 1M
 Heap Min Capacity: 8M
 Heap Initial Capacity: 96M
 Heap Max Capacity: 1510M
 Pre-touch: Disabled
 Parallel Workers: 4
 Concurrent Workers: 1
 Concurrent Refinement Workers: 4
 Periodic GC: Disabled

Heap:
 garbage-first heap   total 98304K, used 5120K [0x00000000a1a00000, 0x0000000100000000)
  region size 1024K, 6 young (6144K), 0 survivors (0K)
 Metaspace       used 6306K, committed 6464K, reserved 1056768K
  class space    used 720K, committed 768K, reserved 1048576K

Heap Regions: E=young(eden), S=young(survivor), O=old, HS=humongous(starts), HC=humongous(continues), CS=collection set, F=free, OA=open archive, CA=closed archive, TAMS=top-at-mark-start (previous, next)
|   0|0x00000000a1a00000, 0x00000000a1a00000, 0x00000000a1b00000|  0%| F|  |TAMS 0x00000000a1a00000, 0x00000000a1a00000| Untracked 
|   1|0x00000000a1b00000, 0x00000000a1b00000, 0x00000000a1c00000|  0%| F|  |TAMS 0x00000000a1b00000, 0x00000000a1b00000| Untracked 
|   2|0x00000000a1c00000, 0x00000000a1c00000, 0x00000000a1d00000|  0%| F|  |TAMS 0x00000000a1c00000, 0x00000000a1c00000| Untracked 
|   3|0x00000000a1d00000, 0x00000000a1d00000, 0x00000000a1e00000|  0%| F|  |TAMS 0x00000000a1d00000, 0x00000000a1d00000| Untracked 
|   4|0x00000000a1e00000, 0x00000000a1e00000, 0x00000000a1f00000|  0%| F|  |TAMS 0x00000000a1e00000, 0x00000000a1e00000| Untracked 
|   5|0x00000000a1f00000, 0x00000000a1f00000, 0x00000000a2000000|  0%| F|  |TAMS 0x00000000a1f00000, 0x00000000a1f00000| Untracked 
|   6|0x00000000a2000000, 0x00000000a2000000, 0x00000000a2100000|  0%| F|  |TAMS 0x00000000a2000000, 0x00000000a2000000| Untracked 
|   7|0x00000000a2100000, 0x00000000a2100000, 0x00000000a2200000|  0%| F|  |TAMS 0x00000000a2100000, 0x00000000a2100000| Untracked 
|   8|0x00000000a2200000, 0x00000000a2200000, 0x00000000a2300000|  0%| F|  |TAMS 0x00000000a2200000, 0x00000000a2200000| Untracked 
|   9|0x00000000a2300000, 0x00000000a2300000, 0x00000000a2400000|  0%| F|  |TAMS 0x00000000a2300000, 0x00000000a2300000| Untracked 
|  10|0x00000000a2400000, 0x00000000a2400000, 0x00000000a2500000|  0%| F|  |TAMS 0x00000000a2400000, 0x00000000a2400000| Untracked 
|  11|0x00000000a2500000, 0x00000000a2500000, 0x00000000a2600000|  0%| F|  |TAMS 0x00000000a2500000, 0x00000000a2500000| Untracked 
|  12|0x00000000a2600000, 0x00000000a2600000, 0x00000000a2700000|  0%| F|  |TAMS 0x00000000a2600000, 0x00000000a2600000| Untracked 
|  13|0x00000000a2700000, 0x00000000a2700000, 0x00000000a2800000|  0%| F|  |TAMS 0x00000000a2700000, 0x00000000a2700000| Untracked 
|  14|0x00000000a2800000, 0x00000000a2800000, 0x00000000a2900000|  0%| F|  |TAMS 0x00000000a2800000, 0x00000000a2800000| Untracked 
|  15|0x00000000a2900000, 0x00000000a2900000, 0x00000000a2a00000|  0%| F|  |TAMS 0x00000000a2900000, 0x00000000a2900000| Untracked 
|  16|0x00000000a2a00000, 0x00000000a2a00000, 0x00000000a2b00000|  0%| F|  |TAMS 0x00000000a2a00000, 0x00000000a2a00000| Untracked 
|  17|0x00000000a2b00000, 0x00000000a2b00000, 0x00000000a2c00000|  0%| F|  |TAMS 0x00000000a2b00000, 0x00000000a2b00000| Untracked 
|  18|0x00000000a2c00000, 0x00000000a2c00000, 0x00000000a2d00000|  0%| F|  |TAMS 0x00000000a2c00000, 0x00000000a2c00000| Untracked 
|  19|0x00000000a2d00000, 0x00000000a2d00000, 0x00000000a2e00000|  0%| F|  |TAMS 0x00000000a2d00000, 0x00000000a2d00000| Untracked 
|  20|0x00000000a2e00000, 0x00000000a2e00000, 0x00000000a2f00000|  0%| F|  |TAMS 0x00000000a2e00000, 0x00000000a2e00000| Untracked 
|  21|0x00000000a2f00000, 0x00000000a2f00000, 0x00000000a3000000|  0%| F|  |TAMS 0x00000000a2f00000, 0x00000000a2f00000| Untracked 
|  22|0x00000000a3000000, 0x00000000a3000000, 0x00000000a3100000|  0%| F|  |TAMS 0x00000000a3000000, 0x00000000a3000000| Untracked 
|  23|0x00000000a3100000, 0x00000000a3100000, 0x00000000a3200000|  0%| F|  |TAMS 0x00000000a3100000, 0x00000000a3100000| Untracked 
|  24|0x00000000a3200000, 0x00000000a3200000, 0x00000000a3300000|  0%| F|  |TAMS 0x00000000a3200000, 0x00000000a3200000| Untracked 
|  25|0x00000000a3300000, 0x00000000a3300000, 0x00000000a3400000|  0%| F|  |TAMS 0x00000000a3300000, 0x00000000a3300000| Untracked 
|  26|0x00000000a3400000, 0x00000000a3400000, 0x00000000a3500000|  0%| F|  |TAMS 0x00000000a3400000, 0x00000000a3400000| Untracked 
|  27|0x00000000a3500000, 0x00000000a3500000, 0x00000000a3600000|  0%| F|  |TAMS 0x00000000a3500000, 0x00000000a3500000| Untracked 
|  28|0x00000000a3600000, 0x00000000a3600000, 0x00000000a3700000|  0%| F|  |TAMS 0x00000000a3600000, 0x00000000a3600000| Untracked 
|  29|0x00000000a3700000, 0x00000000a3700000, 0x00000000a3800000|  0%| F|  |TAMS 0x00000000a3700000, 0x00000000a3700000| Untracked 
|  30|0x00000000a3800000, 0x00000000a3800000, 0x00000000a3900000|  0%| F|  |TAMS 0x00000000a3800000, 0x00000000a3800000| Untracked 
|  31|0x00000000a3900000, 0x00000000a3900000, 0x00000000a3a00000|  0%| F|  |TAMS 0x00000000a3900000, 0x00000000a3900000| Untracked 
|  32|0x00000000a3a00000, 0x00000000a3a00000, 0x00000000a3b00000|  0%| F|  |TAMS 0x00000000a3a00000, 0x00000000a3a00000| Untracked 
|  33|0x00000000a3b00000, 0x00000000a3b00000, 0x00000000a3c00000|  0%| F|  |TAMS 0x00000000a3b00000, 0x00000000a3b00000| Untracked 
|  34|0x00000000a3c00000, 0x00000000a3c00000, 0x00000000a3d00000|  0%| F|  |TAMS 0x00000000a3c00000, 0x00000000a3c00000| Untracked 
|  35|0x00000000a3d00000, 0x00000000a3d00000, 0x00000000a3e00000|  0%| F|  |TAMS 0x00000000a3d00000, 0x00000000a3d00000| Untracked 
|  36|0x00000000a3e00000, 0x00000000a3e00000, 0x00000000a3f00000|  0%| F|  |TAMS 0x00000000a3e00000, 0x00000000a3e00000| Untracked 
|  37|0x00000000a3f00000, 0x00000000a3f00000, 0x00000000a4000000|  0%| F|  |TAMS 0x00000000a3f00000, 0x00000000a3f00000| Untracked 
|  38|0x00000000a4000000, 0x00000000a4000000, 0x00000000a4100000|  0%| F|  |TAMS 0x00000000a4000000, 0x00000000a4000000| Untracked 
|  39|0x00000000a4100000, 0x00000000a4100000, 0x00000000a4200000|  0%| F|  |TAMS 0x00000000a4100000, 0x00000000a4100000| Untracked 
|  40|0x00000000a4200000, 0x00000000a4200000, 0x00000000a4300000|  0%| F|  |TAMS 0x00000000a4200000, 0x00000000a4200000| Untracked 
|  41|0x00000000a4300000, 0x00000000a4300000, 0x00000000a4400000|  0%| F|  |TAMS 0x00000000a4300000, 0x00000000a4300000| Untracked 
|  42|0x00000000a4400000, 0x00000000a4400000, 0x00000000a4500000|  0%| F|  |TAMS 0x00000000a4400000, 0x00000000a4400000| Untracked 
|  43|0x00000000a4500000, 0x00000000a4500000, 0x00000000a4600000|  0%| F|  |TAMS 0x00000000a4500000, 0x00000000a4500000| Untracked 
|  44|0x00000000a4600000, 0x00000000a4600000, 0x00000000a4700000|  0%| F|  |TAMS 0x00000000a4600000, 0x00000000a4600000| Untracked 
|  45|0x00000000a4700000, 0x00000000a4700000, 0x00000000a4800000|  0%| F|  |TAMS 0x00000000a4700000, 0x00000000a4700000| Untracked 
|  46|0x00000000a4800000, 0x00000000a4800000, 0x00000000a4900000|  0%| F|  |TAMS 0x00000000a4800000, 0x00000000a4800000| Untracked 
|  47|0x00000000a4900000, 0x00000000a4900000, 0x00000000a4a00000|  0%| F|  |TAMS 0x00000000a4900000, 0x00000000a4900000| Untracked 
|  48|0x00000000a4a00000, 0x00000000a4a00000, 0x00000000a4b00000|  0%| F|  |TAMS 0x00000000a4a00000, 0x00000000a4a00000| Untracked 
|  49|0x00000000a4b00000, 0x00000000a4b00000, 0x00000000a4c00000|  0%| F|  |TAMS 0x00000000a4b00000, 0x00000000a4b00000| Untracked 
|  50|0x00000000a4c00000, 0x00000000a4c00000, 0x00000000a4d00000|  0%| F|  |TAMS 0x00000000a4c00000, 0x00000000a4c00000| Untracked 
|  51|0x00000000a4d00000, 0x00000000a4d00000, 0x00000000a4e00000|  0%| F|  |TAMS 0x00000000a4d00000, 0x00000000a4d00000| Untracked 
|  52|0x00000000a4e00000, 0x00000000a4e00000, 0x00000000a4f00000|  0%| F|  |TAMS 0x00000000a4e00000, 0x00000000a4e00000| Untracked 
|  53|0x00000000a4f00000, 0x00000000a4f00000, 0x00000000a5000000|  0%| F|  |TAMS 0x00000000a4f00000, 0x00000000a4f00000| Untracked 
|  54|0x00000000a5000000, 0x00000000a5000000, 0x00000000a5100000|  0%| F|  |TAMS 0x00000000a5000000, 0x00000000a5000000| Untracked 
|  55|0x00000000a5100000, 0x00000000a5100000, 0x00000000a5200000|  0%| F|  |TAMS 0x00000000a5100000, 0x00000000a5100000| Untracked 
|  56|0x00000000a5200000, 0x00000000a5200000, 0x00000000a5300000|  0%| F|  |TAMS 0x00000000a5200000, 0x00000000a5200000| Untracked 
|  57|0x00000000a5300000, 0x00000000a5300000, 0x00000000a5400000|  0%| F|  |TAMS 0x00000000a5300000, 0x00000000a5300000| Untracked 
|  58|0x00000000a5400000, 0x00000000a5400000, 0x00000000a5500000|  0%| F|  |TAMS 0x00000000a5400000, 0x00000000a5400000| Untracked 
|  59|0x00000000a5500000, 0x00000000a5500000, 0x00000000a5600000|  0%| F|  |TAMS 0x00000000a5500000, 0x00000000a5500000| Untracked 
|  60|0x00000000a5600000, 0x00000000a5600000, 0x00000000a5700000|  0%| F|  |TAMS 0x00000000a5600000, 0x00000000a5600000| Untracked 
|  61|0x00000000a5700000, 0x00000000a5700000, 0x00000000a5800000|  0%| F|  |TAMS 0x00000000a5700000, 0x00000000a5700000| Untracked 
|  62|0x00000000a5800000, 0x00000000a5800000, 0x00000000a5900000|  0%| F|  |TAMS 0x00000000a5800000, 0x00000000a5800000| Untracked 
|  63|0x00000000a5900000, 0x00000000a5900000, 0x00000000a5a00000|  0%| F|  |TAMS 0x00000000a5900000, 0x00000000a5900000| Untracked 
|  64|0x00000000a5a00000, 0x00000000a5a00000, 0x00000000a5b00000|  0%| F|  |TAMS 0x00000000a5a00000, 0x00000000a5a00000| Untracked 
|  65|0x00000000a5b00000, 0x00000000a5b00000, 0x00000000a5c00000|  0%| F|  |TAMS 0x00000000a5b00000, 0x00000000a5b00000| Untracked 
|  66|0x00000000a5c00000, 0x00000000a5c00000, 0x00000000a5d00000|  0%| F|  |TAMS 0x00000000a5c00000, 0x00000000a5c00000| Untracked 
|  67|0x00000000a5d00000, 0x00000000a5d00000, 0x00000000a5e00000|  0%| F|  |TAMS 0x00000000a5d00000, 0x00000000a5d00000| Untracked 
|  68|0x00000000a5e00000, 0x00000000a5e00000, 0x00000000a5f00000|  0%| F|  |TAMS 0x00000000a5e00000, 0x00000000a5e00000| Untracked 
|  69|0x00000000a5f00000, 0x00000000a5f00000, 0x00000000a6000000|  0%| F|  |TAMS 0x00000000a5f00000, 0x00000000a5f00000| Untracked 
|  70|0x00000000a6000000, 0x00000000a6000000, 0x00000000a6100000|  0%| F|  |TAMS 0x00000000a6000000, 0x00000000a6000000| Untracked 
|  71|0x00000000a6100000, 0x00000000a6100000, 0x00000000a6200000|  0%| F|  |TAMS 0x00000000a6100000, 0x00000000a6100000| Untracked 
|  72|0x00000000a6200000, 0x00000000a6200000, 0x00000000a6300000|  0%| F|  |TAMS 0x00000000a6200000, 0x00000000a6200000| Untracked 
|  73|0x00000000a6300000, 0x00000000a6300000, 0x00000000a6400000|  0%| F|  |TAMS 0x00000000a6300000, 0x00000000a6300000| Untracked 
|  74|0x00000000a6400000, 0x00000000a6400000, 0x00000000a6500000|  0%| F|  |TAMS 0x00000000a6400000, 0x00000000a6400000| Untracked 
|  75|0x00000000a6500000, 0x00000000a6500000, 0x00000000a6600000|  0%| F|  |TAMS 0x00000000a6500000, 0x00000000a6500000| Untracked 
|  76|0x00000000a6600000, 0x00000000a6600000, 0x00000000a6700000|  0%| F|  |TAMS 0x00000000a6600000, 0x00000000a6600000| Untracked 
|  77|0x00000000a6700000, 0x00000000a6700000, 0x00000000a6800000|  0%| F|  |TAMS 0x00000000a6700000, 0x00000000a6700000| Untracked 
|  78|0x00000000a6800000, 0x00000000a6800000, 0x00000000a6900000|  0%| F|  |TAMS 0x00000000a6800000, 0x00000000a6800000| Untracked 
|  79|0x00000000a6900000, 0x00000000a6900000, 0x00000000a6a00000|  0%| F|  |TAMS 0x00000000a6900000, 0x00000000a6900000| Untracked 
|  80|0x00000000a6a00000, 0x00000000a6a00000, 0x00000000a6b00000|  0%| F|  |TAMS 0x00000000a6a00000, 0x00000000a6a00000| Untracked 
|  81|0x00000000a6b00000, 0x00000000a6b00000, 0x00000000a6c00000|  0%| F|  |TAMS 0x00000000a6b00000, 0x00000000a6b00000| Untracked 
|  82|0x00000000a6c00000, 0x00000000a6c00000, 0x00000000a6d00000|  0%| F|  |TAMS 0x00000000a6c00000, 0x00000000a6c00000| Untracked 
|  83|0x00000000a6d00000, 0x00000000a6d00000, 0x00000000a6e00000|  0%| F|  |TAMS 0x00000000a6d00000, 0x00000000a6d00000| Untracked 
|  84|0x00000000a6e00000, 0x00000000a6e00000, 0x00000000a6f00000|  0%| F|  |TAMS 0x00000000a6e00000, 0x00000000a6e00000| Untracked 
|  85|0x00000000a6f00000, 0x00000000a6f00000, 0x00000000a7000000|  0%| F|  |TAMS 0x00000000a6f00000, 0x00000000a6f00000| Untracked 
|  86|0x00000000a7000000, 0x00000000a7000000, 0x00000000a7100000|  0%| F|  |TAMS 0x00000000a7000000, 0x00000000a7000000| Untracked 
|  87|0x00000000a7100000, 0x00000000a7100000, 0x00000000a7200000|  0%| F|  |TAMS 0x00000000a7100000, 0x00000000a7100000| Untracked 
|  88|0x00000000a7200000, 0x00000000a7200000, 0x00000000a7300000|  0%| F|  |TAMS 0x00000000a7200000, 0x00000000a7200000| Untracked 
|  89|0x00000000a7300000, 0x00000000a7300000, 0x00000000a7400000|  0%| F|  |TAMS 0x00000000a7300000, 0x00000000a7300000| Untracked 
|  90|0x00000000a7400000, 0x00000000a7443108, 0x00000000a7500000| 26%| E|  |TAMS 0x00000000a7400000, 0x00000000a7400000| Complete 
|  91|0x00000000a7500000, 0x00000000a7600000, 0x00000000a7600000|100%| E|CS|TAMS 0x00000000a7500000, 0x00000000a7500000| Complete 
|  92|0x00000000a7600000, 0x00000000a7700000, 0x00000000a7700000|100%| E|CS|TAMS 0x00000000a7600000, 0x00000000a7600000| Complete 
|  93|0x00000000a7700000, 0x00000000a7800000, 0x00000000a7800000|100%| E|CS|TAMS 0x00000000a7700000, 0x00000000a7700000| Complete 
|  94|0x00000000a7800000, 0x00000000a7900000, 0x00000000a7900000|100%| E|CS|TAMS 0x00000000a7800000, 0x00000000a7800000| Complete 
|  95|0x00000000a7900000, 0x00000000a7a00000, 0x00000000a7a00000|100%| E|CS|TAMS 0x00000000a7900000, 0x00000000a7900000| Complete 

Card table byte_map: [0x00000214a4b50000,0x00000214a4e50000] _byte_map_base: 0x00000214a4643000

Marking Bits (Prev, Next): (CMBitMap*) 0x000002148c3411b0, (CMBitMap*) 0x000002148c3411f0
 Prev Bits: [0x00000214a5150000, 0x00000214a68e8000)
 Next Bits: [0x00000214a68f0000, 0x00000214a8088000)

Polling page: 0x000002148c0c0000

Metaspace:

Usage:
  Non-class:      5.46 MB used.
      Class:    720.63 KB used.
       Both:      6.16 MB used.

Virtual space:
  Non-class space:        8.00 MB reserved,       5.56 MB ( 70%) committed,  1 nodes.
      Class space:        1.00 GB reserved,     768.00 KB ( <1%) committed,  1 nodes.
              Both:        1.01 GB reserved,       6.31 MB ( <1%) committed. 

Chunk freelists:
   Non-Class:  2.34 MB
       Class:  3.25 MB
        Both:  5.59 MB

MaxMetaspaceSize: 17179869184.00 GB
CompressedClassSpaceSize: 1.00 GB
 - commit_granule_bytes: 65536.
 - commit_granule_words: 8192.
 - virtual_space_node_default_size: 1048576.
 - enlarge_chunks_in_place: 1.
 - new_chunks_are_fully_committed: 0.
 - uncommit_free_chunks: 1.
 - use_allocation_guard: 0.
 - handle_deallocations: 1.


Internal statistics:

num_allocs_failed_limit: 0.
num_arena_births: 90.
num_arena_deaths: 0.
num_vsnodes_births: 2.
num_vsnodes_deaths: 0.
num_space_committed: 101.
num_space_uncommitted: 0.
num_chunks_returned_to_freelist: 0.
num_chunks_taken_from_freelist: 113.
num_chunk_merges: 0.
num_chunk_splits: 71.
num_chunks_enlarged: 38.
num_purges: 0.

CodeHeap 'non-profiled nmethods': size=120000Kb used=148Kb max_used=148Kb free=119851Kb
 bounds [0x000002149cd00000, 0x000002149cf70000, 0x00000214a4230000]
CodeHeap 'profiled nmethods': size=120000Kb used=905Kb max_used=905Kb free=119095Kb
 bounds [0x00000214957d0000, 0x0000021495a40000, 0x000002149cd00000]
CodeHeap 'non-nmethods': size=5760Kb used=1223Kb max_used=1239Kb free=4536Kb
 bounds [0x0000021495230000, 0x00000214954a0000, 0x00000214957d0000]
 total_blobs=1104 nmethods=574 adapters=443
 compilation: enabled
              stopped_count=0, restarted_count=0
 full_count=0

Compilation events (20 events):
Event: 0.510 Thread 0x00000214aa6a0210  552       3       java.util.ListResourceBundle::handleGetObject (34 bytes)
Event: 0.511 Thread 0x00000214aa6a0210 nmethod 552 0x00000214958af510 code [0x00000214958af6e0, 0x00000214958afa48]
Event: 0.511 Thread 0x00000214aa6a0210  566       1       java.lang.reflect.Field::getName (5 bytes)
Event: 0.511 Thread 0x00000214aa6a0210 nmethod 566 0x000002149cd23310 code [0x000002149cd234a0, 0x000002149cd23578]
Event: 0.511 Thread 0x00000214aa6a0210  567   !   3       sun.awt.AppContext::get (123 bytes)
Event: 0.512 Thread 0x00000214aa6a0210 nmethod 567 0x00000214958afb90 code [0x00000214958afdc0, 0x00000214958b0828]
Event: 0.512 Thread 0x00000214aa6a0210  565       1       java.beans.PropertyChangeEvent::getPropertyName (5 bytes)
Event: 0.512 Thread 0x00000214aa6a0210 nmethod 565 0x000002149cd23610 code [0x000002149cd237a0, 0x000002149cd23878]
Event: 0.513 Thread 0x00000214aa6a0210  568       3       java.nio.Buffer::position (52 bytes)
Event: 0.514 Thread 0x00000214aa6a0210 nmethod 568 0x00000214958b0b90 code [0x00000214958b0d40, 0x00000214958b0fc8]
Event: 0.516 Thread 0x00000214aa6a0210  569       3       java.util.ArrayList::get (15 bytes)
Event: 0.517 Thread 0x00000214aa6a0210 nmethod 569 0x00000214958b1090 code [0x00000214958b1260, 0x00000214958b1608]
Event: 0.517 Thread 0x00000214aa6a0210  570       3       java.util.Objects::checkIndex (7 bytes)
Event: 0.517 Thread 0x00000214aa6a0210 nmethod 570 0x00000214958b1790 code [0x00000214958b1940, 0x00000214958b1b48]
Event: 0.517 Thread 0x00000214aa6a0210  571       3       jdk.internal.util.Preconditions::checkIndex (18 bytes)
Event: 0.517 Thread 0x00000214aa6a0210 nmethod 571 0x00000214958b1c90 code [0x00000214958b1e40, 0x00000214958b1fe8]
Event: 0.518 Thread 0x00000214aa6a0210  572       3       java.nio.ByteBuffer::position (8 bytes)
Event: 0.519 Thread 0x00000214aa6a0210 nmethod 572 0x00000214958b2090 code [0x00000214958b2240, 0x00000214958b2388]
Event: 0.523 Thread 0x00000214aa6a0210  574       1       sun.util.locale.BaseLocale::getLanguage (5 bytes)
Event: 0.523 Thread 0x00000214aa6a0210 nmethod 574 0x000002149cd23910 code [0x000002149cd23aa0, 0x000002149cd23b78]

GC Heap History (0 events):
No events

Deoptimization events (0 events):
No events

Classes unloaded (0 events):
No events

Classes redefined (0 events):
No events

Internal exceptions (20 events):
Event: 0.439 Thread 0x000002148c308320 Exception <a 'java/lang/ClassNotFoundException'{0x00000000a7541838}: PasswordField> (0x00000000a7541838) 
thrown [t:\workspace\open\src\hotspot\share\classfile\systemDictionary.cpp, line 256]
Event: 0.440 Thread 0x000002148c308320 Exception <a 'java/lang/ClassNotFoundException'{0x00000000a7541d90}: TextArea> (0x00000000a7541d90) 
thrown [t:\workspace\open\src\hotspot\share\classfile\systemDictionary.cpp, line 256]
Event: 0.441 Thread 0x000002148c308320 Exception <a 'java/lang/ClassNotFoundException'{0x00000000a75426d0}: TextPane> (0x00000000a75426d0) 
thrown [t:\workspace\open\src\hotspot\share\classfile\systemDictionary.cpp, line 256]
Event: 0.441 Thread 0x000002148c308320 Exception <a 'java/lang/ClassNotFoundException'{0x00000000a7542b38}: EditorPane> (0x00000000a7542b38) 
thrown [t:\workspace\open\src\hotspot\share\classfile\systemDictionary.cpp, line 256]
Event: 0.441 Thread 0x000002148c308320 Exception <a 'java/lang/ClassNotFoundException'{0x00000000a7543760}: ToolBar> (0x00000000a7543760) 
thrown [t:\workspace\open\src\hotspot\share\classfile\systemDictionary.cpp, line 256]
Event: 0.442 Thread 0x000002148c308320 Exception <a 'java/lang/ClassNotFoundException'{0x00000000a7543c58}: ToolBar> (0x00000000a7543c58) 
thrown [t:\workspace\open\src\hotspot\share\classfile\systemDictionary.cpp, line 256]
Event: 0.442 Thread 0x000002148c308320 Exception <a 'java/lang/ClassNotFoundException'{0x00000000a7543fb8}: Button> (0x00000000a7543fb8) 
thrown [t:\workspace\open\src\hotspot\share\classfile\systemDictionary.cpp, line 256]
Event: 0.442 Thread 0x000002148c308320 Exception <a 'java/lang/ClassNotFoundException'{0x00000000a7544480}: ToolBar> (0x00000000a7544480) 
thrown [t:\workspace\open\src\hotspot\share\classfile\systemDictionary.cpp, line 256]
Event: 0.442 Thread 0x000002148c308320 Exception <a 'java/lang/ClassNotFoundException'{0x00000000a75447f0}: ToggleButton> (0x00000000a75447f0) 
thrown [t:\workspace\open\src\hotspot\share\classfile\systemDictionary.cpp, line 256]
Event: 0.442 Thread 0x000002148c308320 Exception <a 'java/lang/ClassNotFoundException'{0x00000000a7544c30}: javax/swing/JToolBarSeparator> (0x00000000a7544c30) 
thrown [t:\workspace\open\src\hotspot\share\classfile\systemDictionary.cpp, line 256]
Event: 0.442 Thread 0x000002148c308320 Exception <a 'java/lang/ClassNotFoundException'{0x00000000a7544f38}: ToolBarSeparator> (0x00000000a7544f38) 
thrown [t:\workspace\open\src\hotspot\share\classfile\systemDictionary.cpp, line 256]
Event: 0.442 Thread 0x000002148c308320 Exception <a 'java/lang/ClassNotFoundException'{0x00000000a7545450}: ToolTip> (0x00000000a7545450) 
thrown [t:\workspace\open\src\hotspot\share\classfile\systemDictionary.cpp, line 256]
Event: 0.444 Thread 0x000002148c308320 Exception <a 'java/lang/ClassNotFoundException'{0x00000000a7545da0}: Tree> (0x00000000a7545da0) 
thrown [t:\workspace\open\src\hotspot\share\classfile\systemDictionary.cpp, line 256]
Event: 0.444 Thread 0x000002148c308320 Exception <a 'java/lang/ClassNotFoundException'{0x00000000a7546298}: Tree> (0x00000000a7546298) 
thrown [t:\workspace\open\src\hotspot\share\classfile\systemDictionary.cpp, line 256]
Event: 0.444 Thread 0x000002148c308320 Exception <a 'java/lang/ClassNotFoundException'{0x00000000a7546608}: javax/swing/JTreeCell> (0x00000000a7546608) 
thrown [t:\workspace\open\src\hotspot\share\classfile\systemDictionary.cpp, line 256]
Event: 0.444 Thread 0x000002148c308320 Exception <a 'java/lang/ClassNotFoundException'{0x00000000a7546908}: TreeCell> (0x00000000a7546908) 
thrown [t:\workspace\open\src\hotspot\share\classfile\systemDictionary.cpp, line 256]
Event: 0.445 Thread 0x000002148c308320 Exception <a 'java/lang/ClassNotFoundException'{0x00000000a75470c8}: RootPane> (0x00000000a75470c8) 
thrown [t:\workspace\open\src\hotspot\share\classfile\systemDictionary.cpp, line 256]
Event: 0.447 Thread 0x000002148c308320 Exception <a 'java/lang/ClassNotFoundException'{0x00000000a7549f18}: com/sun/swing/internal/plaf/metal/resources/spi/metalProvider> (0x00000000a7549f18) 
thrown [t:\workspace\open\src\hotspot\share\classfile\systemDictionary.cpp, line 256]
Event: 0.449 Thread 0x000002148c308320 Exception <a 'java/lang/ClassNotFoundException'{0x00000000a754dcd8}: com/sun/swing/internal/plaf/basic/resources/spi/basicProvider> (0x00000000a754dcd8) 
thrown [t:\workspace\open\src\hotspot\share\classfile\systemDictionary.cpp, line 256]
Event: 0.483 Thread 0x00000214ab391660 Exception <a 'java/lang/ClassNotFoundException'{0x00000000a75df1e0}: com/sun/swing/internal/plaf/synth/resources/spi/synthProvider> (0x00000000a75df1e0) 
thrown [t:\workspace\open\src\hotspot\share\classfile\systemDictionary.cpp, line 256]

Events (20 events):
Event: 0.509 loading class java/awt/event/KeyEvent$1 done
Event: 0.509 loading class jdk/internal/reflect/UnsafeQualifiedStaticIntegerFieldAccessorImpl
Event: 0.510 loading class jdk/internal/reflect/UnsafeQualifiedStaticFieldAccessorImpl
Event: 0.510 loading class jdk/internal/reflect/UnsafeQualifiedStaticFieldAccessorImpl done
Event: 0.510 loading class jdk/internal/reflect/UnsafeQualifiedStaticIntegerFieldAccessorImpl done
Event: 0.510 loading class javax/swing/plaf/basic/LazyActionMap
Event: 0.510 loading class javax/swing/plaf/ActionMapUIResource
Event: 0.510 loading class javax/swing/ActionMap
Event: 0.510 loading class javax/swing/ActionMap done
Event: 0.510 loading class javax/swing/plaf/ActionMapUIResource done
Event: 0.510 loading class javax/swing/plaf/basic/LazyActionMap done
Event: 0.515 loading class java/lang/SecurityException
Event: 0.515 loading class java/lang/SecurityException done
Event: 0.516 loading class java/lang/InterruptedException
Event: 0.516 loading class java/lang/InterruptedException done
Event: 0.520 loading class java/io/Reader
Event: 0.520 loading class java/io/Reader done
Event: 0.520 loading class java/io/InputStreamReader
Event: 0.520 loading class java/io/InputStreamReader done
Event: 0.522 Loaded shared library C:\Users\Mendis\.jssc\windows\jSSC-2.8_x86_64.dll


Dynamic libraries:
0x00007ff717880000 - 0x00007ff717890000 	C:\Program Files\Java\jdk-16.0.1\bin\java.exe
0x00007ffd78800000 - 0x00007ffd789e0000 	C:\WINDOWS\SYSTEM32\ntdll.dll
0x00007ffd75e60000 - 0x00007ffd75f0e000 	C:\WINDOWS\System32\KERNEL32.DLL
0x00007ffd754b0000 - 0x00007ffd75716000 	C:\WINDOWS\System32\KERNELBASE.dll
0x00007ffd74c00000 - 0x00007ffd74cf6000 	C:\WINDOWS\System32\ucrtbase.dll
0x00007ffd68ac0000 - 0x00007ffd68ad9000 	C:\Program Files\Java\jdk-16.0.1\bin\VCRUNTIME140.dll
0x00007ffd6ab40000 - 0x00007ffd6ab58000 	C:\Program Files\Java\jdk-16.0.1\bin\jli.dll
0x00007ffd76040000 - 0x00007ffd760e1000 	C:\WINDOWS\System32\ADVAPI32.dll
0x00007ffd77b30000 - 0x00007ffd77bcd000 	C:\WINDOWS\System32\msvcrt.dll
0x00007ffd77750000 - 0x00007ffd777ab000 	C:\WINDOWS\System32\sechost.dll
0x00007ffd77df0000 - 0x00007ffd77f0f000 	C:\WINDOWS\System32\RPCRT4.dll
0x00007ffd75cd0000 - 0x00007ffd75e5e000 	C:\WINDOWS\System32\USER32.dll
0x00007ffd75cb0000 - 0x00007ffd75cd0000 	C:\WINDOWS\System32\win32u.dll
0x00007ffd69200000 - 0x00007ffd69469000 	C:\WINDOWS\WinSxS\amd64_microsoft.windows.common-controls_6595b64144ccf1df_6.0.16299.15_none_cc92fb402215d91d\COMCTL32.dll
0x00007ffd782f0000 - 0x00007ffd78318000 	C:\WINDOWS\System32\GDI32.dll
0x00007ffd777b0000 - 0x00007ffd77ab8000 	C:\WINDOWS\System32\combase.dll
0x00007ffd759a0000 - 0x00007ffd75b31000 	C:\WINDOWS\System32\gdi32full.dll
0x00007ffd75c10000 - 0x00007ffd75cab000 	C:\WINDOWS\System32\msvcp_win.dll
0x00007ffd75b90000 - 0x00007ffd75c02000 	C:\WINDOWS\System32\bcryptPrimitives.dll
0x00007ffd68f00000 - 0x00007ffd68f0a000 	C:\WINDOWS\SYSTEM32\VERSION.dll
0x00007ffd75f80000 - 0x00007ffd75fad000 	C:\WINDOWS\System32\IMM32.DLL
0x00007ffd67c90000 - 0x00007ffd67c9c000 	C:\Program Files\Java\jdk-16.0.1\bin\vcruntime140_1.dll
0x00007ffd4ebe0000 - 0x00007ffd4ec71000 	C:\Program Files\Java\jdk-16.0.1\bin\msvcp140.dll
0x00007ffd4eea0000 - 0x00007ffd4fa4b000 	C:\Program Files\Java\jdk-16.0.1\bin\server\jvm.dll
0x00007ffd75fb0000 - 0x00007ffd75fb8000 	C:\WINDOWS\System32\PSAPI.DLL
0x00007ffd68ae0000 - 0x00007ffd68ae9000 	C:\WINDOWS\SYSTEM32\WSOCK32.dll
0x00007ffd72b10000 - 0x00007ffd72b33000 	C:\WINDOWS\SYSTEM32\WINMM.dll
0x00007ffd77ac0000 - 0x00007ffd77b2c000 	C:\WINDOWS\System32\WS2_32.dll
0x00007ffd72990000 - 0x00007ffd729ba000 	C:\WINDOWS\SYSTEM32\WINMMBASE.dll
0x00007ffd75b40000 - 0x00007ffd75b8a000 	C:\WINDOWS\System32\cfgmgr32.dll
0x00007ffd74b70000 - 0x00007ffd74b81000 	C:\WINDOWS\System32\kernel.appcore.dll
0x00007ffd5e0a0000 - 0x00007ffd5e0aa000 	C:\Program Files\Java\jdk-16.0.1\bin\jimage.dll
0x00007ffd64710000 - 0x00007ffd648d8000 	C:\WINDOWS\SYSTEM32\DBGHELP.DLL
0x00007ffd64540000 - 0x00007ffd64569000 	C:\WINDOWS\SYSTEM32\dbgcore.DLL
0x00007ffd56020000 - 0x00007ffd56045000 	C:\Program Files\Java\jdk-16.0.1\bin\java.dll
0x00007ffd761c0000 - 0x00007ffd775f7000 	C:\WINDOWS\System32\SHELL32.dll
0x00007ffd78130000 - 0x00007ffd781d6000 	C:\WINDOWS\System32\shcore.dll
0x00007ffd74d00000 - 0x00007ffd75447000 	C:\WINDOWS\System32\windows.storage.dll
0x00007ffd78770000 - 0x00007ffd787c1000 	C:\WINDOWS\System32\shlwapi.dll
0x00007ffd74b90000 - 0x00007ffd74bdc000 	C:\WINDOWS\System32\powrprof.dll
0x00007ffd74be0000 - 0x00007ffd74bfb000 	C:\WINDOWS\System32\profapi.dll
0x00007ffd4ee40000 - 0x00007ffd4ee59000 	C:\Program Files\Java\jdk-16.0.1\bin\net.dll
0x00007ffd6f760000 - 0x00007ffd6f83e000 	C:\WINDOWS\SYSTEM32\WINHTTP.dll
0x00007ffd74380000 - 0x00007ffd743e6000 	C:\WINDOWS\system32\mswsock.dll
0x00007ffd4ee20000 - 0x00007ffd4ee33000 	C:\Program Files\Java\jdk-16.0.1\bin\nio.dll
0x00007ffd4ee00000 - 0x00007ffd4ee18000 	C:\Program Files\Java\jdk-16.0.1\bin\zip.dll
0x00007ffd4ec80000 - 0x00007ffd4ee00000 	C:\Program Files\Java\jdk-16.0.1\bin\awt.dll
0x00007ffd760f0000 - 0x00007ffd761b5000 	C:\WINDOWS\System32\OLEAUT32.dll
0x00007ffd73010000 - 0x00007ffd73097000 	C:\WINDOWS\SYSTEM32\apphelp.dll
0x00007ffd73310000 - 0x00007ffd733a5000 	C:\WINDOWS\system32\uxtheme.dll
0x00007ffd77bd0000 - 0x00007ffd77d37000 	C:\WINDOWS\System32\MSCTF.dll
0x00007ffd73400000 - 0x00007ffd7342a000 	C:\WINDOWS\system32\dwmapi.dll
0x00007ffd77600000 - 0x00007ffd77749000 	C:\WINDOWS\System32\ole32.dll
0x00007ffd4eb10000 - 0x00007ffd4eb99000 	C:\Program Files\Java\jdk-16.0.1\bin\freetype.dll
0x00007ffd4ea10000 - 0x00007ffd4eb06000 	C:\Program Files\Java\jdk-16.0.1\bin\harfbuzz.dll
0x00007ffd4e9f0000 - 0x00007ffd4ea02000 	C:\Program Files\Java\jdk-16.0.1\bin\fontmanager.dll
0x00007ffd61100000 - 0x00007ffd6121e000 	C:\WINDOWS\system32\opengl32.dll
0x00007ffd62450000 - 0x00007ffd6247c000 	C:\WINDOWS\SYSTEM32\GLU32.dll
0x0000000071100000 - 0x0000000071125000 	C:\Users\Mendis\.jssc\windows\jSSC-2.8_x86_64.dll

dbghelp: loaded successfully - version: 4.0.5 - missing functions: none
symbol engine: initialized successfully - sym options: 0x614 - pdb path: .;C:\Program Files\Java\jdk-16.0.1\bin;C:\WINDOWS\SYSTEM32;C:\WINDOWS\WinSxS\amd64_microsoft.windows.common-controls_6595b64144ccf1df_6.0.16299.15_none_cc92fb402215d91d;C:\Program Files\Java\jdk-16.0.1\bin\server;C:\Users\Mendis\.jssc\windows

VM Arguments:
jvm_args: -Dfile.encoding=UTF-8 
java_command: Arduino.Led
java_class_path (initial): C:\Users\Mendis\Desktop\lib\PanamaHitek_Arduino-2.8.2.jar;C:\Users\Mendis\Desktop\lib\RXTXcomm.jar;C:\Users\Mendis\Desktop\lib\ojdbc14.jar;C:\Users\Mendis\Desktop\lib\ojdbc7.jar;C:\Users\Mendis\Desktop\Arduinoled\Arduino\build\classes
Launcher Type: SUN_STANDARD

[Global flags]
     intx CICompilerCount                          = 3                                         {product} {ergonomic}
     uint ConcGCThreads                            = 1                                         {product} {ergonomic}
     uint G1ConcRefinementThreads                  = 4                                         {product} {ergonomic}
   size_t G1HeapRegionSize                         = 1048576                                   {product} {ergonomic}
    uintx GCDrainStackTargetSize                   = 64                                        {product} {ergonomic}
   size_t InitialHeapSize                          = 100663296                                 {product} {ergonomic}
   size_t MarkStackSize                            = 4194304                                   {product} {ergonomic}
   size_t MaxHeapSize                              = 1583349760                                {product} {ergonomic}
   size_t MaxNewSize                               = 950009856                                 {product} {ergonomic}
   size_t MinHeapDeltaBytes                        = 1048576                                   {product} {ergonomic}
   size_t MinHeapSize                              = 8388608                                   {product} {ergonomic}
    uintx NonNMethodCodeHeapSize                   = 5832780                                {pd product} {ergonomic}
    uintx NonProfiledCodeHeapSize                  = 122912730                              {pd product} {ergonomic}
    uintx ProfiledCodeHeapSize                     = 122912730                              {pd product} {ergonomic}
    uintx ReservedCodeCacheSize                    = 251658240                              {pd product} {ergonomic}
     bool SegmentedCodeCache                       = true                                      {product} {ergonomic}
   size_t SoftMaxHeapSize                          = 1583349760                             {manageable} {ergonomic}
     bool UseCompressedClassPointers               = true                           {product lp64_product} {ergonomic}
     bool UseCompressedOops                        = true                           {product lp64_product} {ergonomic}
     bool UseG1GC                                  = true                                      {product} {ergonomic}
     bool UseLargePagesIndividualAllocation        = false                                  {pd product} {ergonomic}

Logging:
Log output configuration:
 #0: stdout all=warning uptime,level,tags
 #1: stderr all=off uptime,level,tags

Environment Variables:
JAVA_HOME=C:\Users\Mendis\Downloads\jdk-16.0.1
PATH=C:\Program Files\Common Files\Oracle\Java\javapath;C:\Python39\Scripts\;C:\Python39\;C:\WINDOWS\system32;C:\WINDOWS;C:\WINDOWS\System32\Wbem;C:\WINDOWS\System32\WindowsPowerShell\v1.0\;C:\Program Files\Git\cmd;C:\ProgramData\chocolatey\bin;C:\Program Files\nodejs\;C:\Program Files (x86)\Wolfram Research\WolframScript\;C:\Program Files\Java\jdk-16.0.1\bin;C:\Users\Mendis\AppData\Local\Microsoft\WindowsApps;;C:\Users\Mendis\AppData\Local\Programs\Microsoft VS Code\bin;C:\Users\Mendis\AppData\Roaming\npm
USERNAME=Mendis
OS=Windows_NT
PROCESSOR_IDENTIFIER=Intel64 Family 6 Model 58 Stepping 9, GenuineIntel



---------------  S Y S T E M  ---------------

OS:
 Windows 10 , 64 bit Build 16299 (10.0.16299.15)
OS uptime: 0 days 2:41 hours

CPU: total 4 (initial active 4) (2 cores per cpu, 2 threads per core) family 6 model 58 stepping 9 microcode 0x1f, cx8, cmov, fxsr, ht, mmx, sse, sse2, sse3, ssse3, sse4.1, sse4.2, popcnt, tsc, tscinvbit, avx, erms, clmul, vzeroupper, clflush

Memory: 4k page, system-wide physical 6036M (2485M free)
TotalPageFile size 6996M (AvailPageFile size 2975M)
current process WorkingSet (physical memory assigned to process): 53M, peak: 53M
current process commit charge ("private bytes"): 182M, peak: 182M

vm_info: Java HotSpot(TM) 64-Bit Server VM (16.0.1+9-24) for windows-amd64 JRE (16.0.1+9-24), built on Mar 26 2021 19:31:42 by "mach5one" with MS VC++ 16.7 (VS2019)

END.
